2025-03-02 18:37:13,808 - async_checker - INFO - n8399gu is normal
2025-03-02 18:37:13,809 - async_checker - INFO - n8120gp is normal
2025-03-02 18:37:13,809 - async_checker - INFO - n3406ek is normal
2025-03-02 18:37:13,810 - async_checker - INFO - n8030gl is normal
2025-03-02 18:37:13,810 - async_checker - INFO - n8920ex is normal
2025-03-02 18:37:13,925 - async_checker - ERROR - Error updating n8399gu: Cannot connect to host api.syosetu.com:443 ssl:True [SSLCertVerificationError: (5, '[SSL: CERTIFICATE_VERIFY_FAILED] certificate verify failed: self-signed certificate in certificate chain (_ssl.c:1028)')]
2025-03-02 18:37:13,925 - async_checker - ERROR - Error updating n8120gp: Cannot connect to host api.syosetu.com:443 ssl:True [SSLCertVerificationError: (5, '[SSL: CERTIFICATE_VERIFY_FAILED] certificate verify failed: self-signed certificate in certificate chain (_ssl.c:1028)')]
2025-03-02 18:37:13,931 - async_checker - ERROR - Error updating n3406ek: Cannot connect to host api.syosetu.com:443 ssl:True [SSLCertVerificationError: (5, '[SSL: CERTIFICATE_VERIFY_FAILED] certificate verify failed: self-signed certificate in certificate chain (_ssl.c:1028)')]
2025-03-02 18:37:13,931 - async_checker - ERROR - Error updating n8920ex: Cannot connect to host api.syosetu.com:443 ssl:True [SSLCertVerificationError: (5, '[SSL: CERTIFICATE_VERIFY_FAILED] certificate verify failed: self-signed certificate in certificate chain (_ssl.c:1028)')]
2025-03-02 18:37:13,934 - async_checker - ERROR - Error updating n8030gl: Cannot connect to host api.syosetu.com:443 ssl:True [SSLCertVerificationError: (5, '[SSL: CERTIFICATE_VERIFY_FAILED] certificate verify failed: self-signed certificate in certificate chain (_ssl.c:1028)')]
2025-03-02 18:37:14,937 - async_checker - INFO - n8299gs is 18+
2025-03-02 18:37:14,939 - async_checker - INFO - n4269fv is normal
2025-03-02 18:37:14,939 - async_checker - INFO - n0383dn is normal
2025-03-02 18:37:14,939 - async_checker - INFO - n6066gi is normal
2025-03-02 18:37:14,940 - async_checker - INFO - n9430ge is normal
2025-03-02 18:37:14,983 - async_checker - ERROR - Error updating n8299gs: Cannot connect to host api.syosetu.com:443 ssl:True [SSLCertVerificationError: (5, '[SSL: CERTIFICATE_VERIFY_FAILED] certificate verify failed: self-signed certificate in certificate chain (_ssl.c:1028)')]
2025-03-02 18:37:15,011 - async_checker - ERROR - Error updating n9430ge: Cannot connect to host api.syosetu.com:443 ssl:True [SSLCertVerificationError: (5, '[SSL: CERTIFICATE_VERIFY_FAILED] certificate verify failed: self-signed certificate in certificate chain (_ssl.c:1028)')]
2025-03-02 18:37:15,011 - async_checker - ERROR - Error updating n4269fv: Cannot connect to host api.syosetu.com:443 ssl:True [SSLCertVerificationError: (5, '[SSL: CERTIFICATE_VERIFY_FAILED] certificate verify failed: self-signed certificate in certificate chain (_ssl.c:1028)')]
2025-03-02 18:37:15,014 - async_checker - ERROR - Error updating n6066gi: Cannot connect to host api.syosetu.com:443 ssl:True [SSLCertVerificationError: (5, '[SSL: CERTIFICATE_VERIFY_FAILED] certificate verify failed: self-signed certificate in certificate chain (_ssl.c:1028)')]
2025-03-02 18:37:15,020 - async_checker - ERROR - Error updating n0383dn: Cannot connect to host api.syosetu.com:443 ssl:True [SSLCertVerificationError: (5, '[SSL: CERTIFICATE_VERIFY_FAILED] certificate verify failed: self-signed certificate in certificate chain (_ssl.c:1028)')]
2025-03-02 18:37:16,035 - async_checker - INFO - n1792di is normal
2025-03-02 18:37:16,036 - async_checker - INFO - n4147dw is normal
2025-03-02 18:37:16,036 - async_checker - INFO - n0229fv is normal
2025-03-02 18:37:16,037 - async_checker - INFO - n3268gn is 18+
2025-03-02 18:37:16,037 - async_checker - INFO - n5961gp is normal
2025-03-02 18:37:16,084 - async_checker - ERROR - Error updating n1792di: Cannot connect to host api.syosetu.com:443 ssl:True [SSLCertVerificationError: (5, '[SSL: CERTIFICATE_VERIFY_FAILED] certificate verify failed: self-signed certificate in certificate chain (_ssl.c:1028)')]
2025-03-02 18:37:16,095 - async_checker - ERROR - Error updating n4147dw: Cannot connect to host api.syosetu.com:443 ssl:True [SSLCertVerificationError: (5, '[SSL: CERTIFICATE_VERIFY_FAILED] certificate verify failed: self-signed certificate in certificate chain (_ssl.c:1028)')]
2025-03-02 18:37:16,108 - async_checker - ERROR - Error updating n5961gp: Cannot connect to host api.syosetu.com:443 ssl:True [SSLCertVerificationError: (5, '[SSL: CERTIFICATE_VERIFY_FAILED] certificate verify failed: self-signed certificate in certificate chain (_ssl.c:1028)')]
2025-03-02 18:37:16,108 - async_checker - ERROR - Error updating n0229fv: Cannot connect to host api.syosetu.com:443 ssl:True [SSLCertVerificationError: (5, '[SSL: CERTIFICATE_VERIFY_FAILED] certificate verify failed: self-signed certificate in certificate chain (_ssl.c:1028)')]
2025-03-02 18:37:16,110 - async_checker - ERROR - Error updating n3268gn: Cannot connect to host api.syosetu.com:443 ssl:True [SSLCertVerificationError: (5, '[SSL: CERTIFICATE_VERIFY_FAILED] certificate verify failed: self-signed certificate in certificate chain (_ssl.c:1028)')]
2025-03-02 18:37:17,117 - async_checker - INFO - n7961gu is normal
2025-03-02 18:37:17,118 - async_checker - INFO - n7222ff is normal
2025-03-02 18:37:17,118 - async_checker - INFO - n9798ei is normal
2025-03-02 18:37:17,118 - async_checker - INFO - n2167cd is normal
2025-03-02 18:37:17,119 - async_checker - INFO - n7574fj is normal
2025-03-02 18:37:17,171 - async_checker - ERROR - Error updating n7222ff: Cannot connect to host api.syosetu.com:443 ssl:True [SSLCertVerificationError: (5, '[SSL: CERTIFICATE_VERIFY_FAILED] certificate verify failed: self-signed certificate in certificate chain (_ssl.c:1028)')]
2025-03-02 18:37:17,173 - async_checker - ERROR - Error updating n7961gu: Cannot connect to host api.syosetu.com:443 ssl:True [SSLCertVerificationError: (5, '[SSL: CERTIFICATE_VERIFY_FAILED] certificate verify failed: self-signed certificate in certificate chain (_ssl.c:1028)')]
2025-03-02 18:37:17,204 - async_checker - ERROR - Error updating n7574fj: Cannot connect to host api.syosetu.com:443 ssl:True [SSLCertVerificationError: (5, '[SSL: CERTIFICATE_VERIFY_FAILED] certificate verify failed: self-signed certificate in certificate chain (_ssl.c:1028)')]
2025-03-02 18:37:17,208 - async_checker - ERROR - Error updating n2167cd: Cannot connect to host api.syosetu.com:443 ssl:True [SSLCertVerificationError: (5, '[SSL: CERTIFICATE_VERIFY_FAILED] certificate verify failed: self-signed certificate in certificate chain (_ssl.c:1028)')]
2025-03-02 18:37:17,208 - async_checker - ERROR - Error updating n9798ei: Cannot connect to host api.syosetu.com:443 ssl:True [SSLCertVerificationError: (5, '[SSL: CERTIFICATE_VERIFY_FAILED] certificate verify failed: self-signed certificate in certificate chain (_ssl.c:1028)')]
2025-03-02 18:37:18,215 - async_checker - INFO - n9174fs is normal
2025-03-02 18:37:18,215 - async_checker - INFO - n0961db is normal
2025-03-02 18:37:18,216 - async_checker - INFO - n5609fg is normal
2025-03-02 18:37:18,216 - async_checker - INFO - n2710db is normal
2025-03-02 18:37:18,216 - async_checker - INFO - n7044ff is normal
2025-03-02 18:37:18,264 - async_checker - ERROR - Error updating n9174fs: Cannot connect to host api.syosetu.com:443 ssl:True [SSLCertVerificationError: (5, '[SSL: CERTIFICATE_VERIFY_FAILED] certificate verify failed: self-signed certificate in certificate chain (_ssl.c:1028)')]
2025-03-02 18:37:18,275 - async_checker - ERROR - Error updating n0961db: Cannot connect to host api.syosetu.com:443 ssl:True [SSLCertVerificationError: (5, '[SSL: CERTIFICATE_VERIFY_FAILED] certificate verify failed: self-signed certificate in certificate chain (_ssl.c:1028)')]
2025-03-02 18:37:18,278 - async_checker - ERROR - Error updating n5609fg: Cannot connect to host api.syosetu.com:443 ssl:True [SSLCertVerificationError: (5, '[SSL: CERTIFICATE_VERIFY_FAILED] certificate verify failed: self-signed certificate in certificate chain (_ssl.c:1028)')]
2025-03-02 18:37:18,284 - async_checker - ERROR - Error updating n7044ff: Cannot connect to host api.syosetu.com:443 ssl:True [SSLCertVerificationError: (5, '[SSL: CERTIFICATE_VERIFY_FAILED] certificate verify failed: self-signed certificate in certificate chain (_ssl.c:1028)')]
2025-03-02 18:37:18,287 - async_checker - ERROR - Error updating n2710db: Cannot connect to host api.syosetu.com:443 ssl:True [SSLCertVerificationError: (5, '[SSL: CERTIFICATE_VERIFY_FAILED] certificate verify failed: self-signed certificate in certificate chain (_ssl.c:1028)')]
2025-03-02 18:37:19,298 - async_checker - INFO - n1062fk is normal
2025-03-02 18:37:19,298 - async_checker - INFO - n7217ei is 18+
2025-03-02 18:37:19,299 - async_checker - INFO - n9618cy is normal
2025-03-02 18:37:19,299 - async_checker - INFO - n1308fc is normal
2025-03-02 18:37:19,299 - async_checker - INFO - n4342ge is normal
2025-03-02 18:37:19,371 - async_checker - ERROR - Error updating n9618cy: Cannot connect to host api.syosetu.com:443 ssl:True [SSLCertVerificationError: (5, '[SSL: CERTIFICATE_VERIFY_FAILED] certificate verify failed: self-signed certificate in certificate chain (_ssl.c:1028)')]
2025-03-02 18:37:19,371 - async_checker - ERROR - Error updating n1062fk: Cannot connect to host api.syosetu.com:443 ssl:True [SSLCertVerificationError: (5, '[SSL: CERTIFICATE_VERIFY_FAILED] certificate verify failed: self-signed certificate in certificate chain (_ssl.c:1028)')]
2025-03-02 18:37:19,378 - async_checker - ERROR - Error updating n7217ei: Cannot connect to host api.syosetu.com:443 ssl:True [SSLCertVerificationError: (5, '[SSL: CERTIFICATE_VERIFY_FAILED] certificate verify failed: self-signed certificate in certificate chain (_ssl.c:1028)')]
2025-03-02 18:37:19,379 - async_checker - ERROR - Error updating n1308fc: Cannot connect to host api.syosetu.com:443 ssl:True [SSLCertVerificationError: (5, '[SSL: CERTIFICATE_VERIFY_FAILED] certificate verify failed: self-signed certificate in certificate chain (_ssl.c:1028)')]
2025-03-02 18:37:19,379 - async_checker - ERROR - Error updating n4342ge: Cannot connect to host api.syosetu.com:443 ssl:True [SSLCertVerificationError: (5, '[SSL: CERTIFICATE_VERIFY_FAILED] certificate verify failed: self-signed certificate in certificate chain (_ssl.c:1028)')]
2025-03-02 18:37:20,382 - async_checker - INFO - n1453gg is normal
2025-03-02 18:37:20,383 - async_checker - INFO - n6370ds is 18+
2025-03-02 18:37:20,383 - async_checker - INFO - n7339gp is normal
2025-03-02 18:37:20,384 - async_checker - INFO - n0455ga is normal
2025-03-02 18:37:20,384 - async_checker - INFO - n6461eq is normal
2025-03-02 18:37:20,444 - async_checker - ERROR - Error updating n6461eq: Cannot connect to host api.syosetu.com:443 ssl:True [SSLCertVerificationError: (5, '[SSL: CERTIFICATE_VERIFY_FAILED] certificate verify failed: self-signed certificate in certificate chain (_ssl.c:1028)')]
2025-03-02 18:37:20,448 - async_checker - ERROR - Error updating n6370ds: Cannot connect to host api.syosetu.com:443 ssl:True [SSLCertVerificationError: (5, '[SSL: CERTIFICATE_VERIFY_FAILED] certificate verify failed: self-signed certificate in certificate chain (_ssl.c:1028)')]
2025-03-02 18:37:20,448 - async_checker - ERROR - Error updating n1453gg: Cannot connect to host api.syosetu.com:443 ssl:True [SSLCertVerificationError: (5, '[SSL: CERTIFICATE_VERIFY_FAILED] certificate verify failed: self-signed certificate in certificate chain (_ssl.c:1028)')]
2025-03-02 18:37:20,458 - async_checker - ERROR - Error updating n7339gp: Cannot connect to host api.syosetu.com:443 ssl:True [SSLCertVerificationError: (5, '[SSL: CERTIFICATE_VERIFY_FAILED] certificate verify failed: self-signed certificate in certificate chain (_ssl.c:1028)')]
2025-03-02 18:37:20,469 - async_checker - ERROR - Error updating n0455ga: Cannot connect to host api.syosetu.com:443 ssl:True [SSLCertVerificationError: (5, '[SSL: CERTIFICATE_VERIFY_FAILED] certificate verify failed: self-signed certificate in certificate chain (_ssl.c:1028)')]
2025-03-02 18:37:21,481 - async_checker - INFO - n5419go is normal
2025-03-02 18:37:21,481 - async_checker - INFO - n8002gk is normal
2025-03-02 18:37:21,481 - async_checker - INFO - n1453gs is normal
2025-03-02 18:37:21,482 - async_checker - INFO - n0388fy is normal
2025-03-02 18:37:21,482 - async_checker - INFO - n0467gr is normal
2025-03-02 18:37:21,532 - async_checker - ERROR - Error updating n5419go: Cannot connect to host api.syosetu.com:443 ssl:True [SSLCertVerificationError: (5, '[SSL: CERTIFICATE_VERIFY_FAILED] certificate verify failed: self-signed certificate in certificate chain (_ssl.c:1028)')]
2025-03-02 18:37:21,549 - async_checker - ERROR - Error updating n0388fy: Cannot connect to host api.syosetu.com:443 ssl:True [SSLCertVerificationError: (5, '[SSL: CERTIFICATE_VERIFY_FAILED] certificate verify failed: self-signed certificate in certificate chain (_ssl.c:1028)')]
2025-03-02 18:37:21,549 - async_checker - ERROR - Error updating n1453gs: Cannot connect to host api.syosetu.com:443 ssl:True [SSLCertVerificationError: (5, '[SSL: CERTIFICATE_VERIFY_FAILED] certificate verify failed: self-signed certificate in certificate chain (_ssl.c:1028)')]
2025-03-02 18:37:21,553 - async_checker - ERROR - Error updating n0467gr: Cannot connect to host api.syosetu.com:443 ssl:True [SSLCertVerificationError: (5, '[SSL: CERTIFICATE_VERIFY_FAILED] certificate verify failed: self-signed certificate in certificate chain (_ssl.c:1028)')]
2025-03-02 18:37:21,553 - async_checker - ERROR - Error updating n8002gk: Cannot connect to host api.syosetu.com:443 ssl:True [SSLCertVerificationError: (5, '[SSL: CERTIFICATE_VERIFY_FAILED] certificate verify failed: self-signed certificate in certificate chain (_ssl.c:1028)')]
2025-03-02 18:37:22,566 - async_checker - INFO - n9314ge is normal
2025-03-02 18:37:22,566 - async_checker - INFO - n3912fj is normal
2025-03-02 18:37:22,567 - async_checker - INFO - n6362fe is normal
2025-03-02 18:37:22,567 - async_checker - INFO - n8524et is normal
2025-03-02 18:37:22,567 - async_checker - INFO - n6776dt is normal
2025-03-02 18:37:22,614 - async_checker - ERROR - Error updating n9314ge: Cannot connect to host api.syosetu.com:443 ssl:True [SSLCertVerificationError: (5, '[SSL: CERTIFICATE_VERIFY_FAILED] certificate verify failed: self-signed certificate in certificate chain (_ssl.c:1028)')]
2025-03-02 18:37:22,630 - async_checker - ERROR - Error updating n8524et: Cannot connect to host api.syosetu.com:443 ssl:True [SSLCertVerificationError: (5, '[SSL: CERTIFICATE_VERIFY_FAILED] certificate verify failed: self-signed certificate in certificate chain (_ssl.c:1028)')]
2025-03-02 18:37:22,644 - async_checker - ERROR - Error updating n6362fe: Cannot connect to host api.syosetu.com:443 ssl:True [SSLCertVerificationError: (5, '[SSL: CERTIFICATE_VERIFY_FAILED] certificate verify failed: self-signed certificate in certificate chain (_ssl.c:1028)')]
2025-03-02 18:37:22,644 - async_checker - ERROR - Error updating n3912fj: Cannot connect to host api.syosetu.com:443 ssl:True [SSLCertVerificationError: (5, '[SSL: CERTIFICATE_VERIFY_FAILED] certificate verify failed: self-signed certificate in certificate chain (_ssl.c:1028)')]
2025-03-02 18:37:22,644 - async_checker - ERROR - Error updating n6776dt: Cannot connect to host api.syosetu.com:443 ssl:True [SSLCertVerificationError: (5, '[SSL: CERTIFICATE_VERIFY_FAILED] certificate verify failed: self-signed certificate in certificate chain (_ssl.c:1028)')]
2025-03-02 18:37:23,651 - async_checker - INFO - n8406bm is normal
2025-03-02 18:37:23,652 - async_checker - INFO - n5090fy is normal
2025-03-02 18:37:23,652 - async_checker - INFO - n5703gu is normal
2025-03-02 18:37:23,652 - async_checker - INFO - n3857gv is normal
2025-03-02 18:37:23,652 - async_checker - INFO - n7619gq is normal
2025-03-02 18:37:23,719 - async_checker - ERROR - Error updating n3857gv: Cannot connect to host api.syosetu.com:443 ssl:True [SSLCertVerificationError: (5, '[SSL: CERTIFICATE_VERIFY_FAILED] certificate verify failed: self-signed certificate in certificate chain (_ssl.c:1028)')]
2025-03-02 18:37:23,723 - async_checker - ERROR - Error updating n7619gq: Cannot connect to host api.syosetu.com:443 ssl:True [SSLCertVerificationError: (5, '[SSL: CERTIFICATE_VERIFY_FAILED] certificate verify failed: self-signed certificate in certificate chain (_ssl.c:1028)')]
2025-03-02 18:37:23,727 - async_checker - ERROR - Error updating n5090fy: Cannot connect to host api.syosetu.com:443 ssl:True [SSLCertVerificationError: (5, '[SSL: CERTIFICATE_VERIFY_FAILED] certificate verify failed: self-signed certificate in certificate chain (_ssl.c:1028)')]
2025-03-02 18:37:23,727 - async_checker - ERROR - Error updating n8406bm: Cannot connect to host api.syosetu.com:443 ssl:True [SSLCertVerificationError: (5, '[SSL: CERTIFICATE_VERIFY_FAILED] certificate verify failed: self-signed certificate in certificate chain (_ssl.c:1028)')]
2025-03-02 18:37:23,727 - async_checker - ERROR - Error updating n5703gu: Cannot connect to host api.syosetu.com:443 ssl:True [SSLCertVerificationError: (5, '[SSL: CERTIFICATE_VERIFY_FAILED] certificate verify failed: self-signed certificate in certificate chain (_ssl.c:1028)')]
2025-03-02 18:37:45,419 - async_checker - INFO - n8399gu is normal
2025-03-02 18:37:45,420 - async_checker - INFO - n8120gp is normal
2025-03-02 18:37:45,420 - async_checker - INFO - n3406ek is normal
2025-03-02 18:37:45,421 - async_checker - INFO - n8030gl is normal
2025-03-02 18:37:45,421 - async_checker - INFO - n8920ex is normal
2025-03-02 18:37:45,530 - async_checker - ERROR - Error updating n3406ek: Cannot connect to host api.syosetu.com:443 ssl:True [SSLCertVerificationError: (5, '[SSL: CERTIFICATE_VERIFY_FAILED] certificate verify failed: self-signed certificate in certificate chain (_ssl.c:1028)')]
2025-03-02 18:37:45,531 - async_checker - ERROR - Error updating n8030gl: Cannot connect to host api.syosetu.com:443 ssl:True [SSLCertVerificationError: (5, '[SSL: CERTIFICATE_VERIFY_FAILED] certificate verify failed: self-signed certificate in certificate chain (_ssl.c:1028)')]
2025-03-02 18:37:45,533 - async_checker - ERROR - Error updating n8120gp: Cannot connect to host api.syosetu.com:443 ssl:True [SSLCertVerificationError: (5, '[SSL: CERTIFICATE_VERIFY_FAILED] certificate verify failed: self-signed certificate in certificate chain (_ssl.c:1028)')]
2025-03-02 18:37:45,537 - async_checker - ERROR - Error updating n8399gu: Cannot connect to host api.syosetu.com:443 ssl:True [SSLCertVerificationError: (5, '[SSL: CERTIFICATE_VERIFY_FAILED] certificate verify failed: self-signed certificate in certificate chain (_ssl.c:1028)')]
2025-03-02 18:37:45,540 - async_checker - ERROR - Error updating n8920ex: Cannot connect to host api.syosetu.com:443 ssl:True [SSLCertVerificationError: (5, '[SSL: CERTIFICATE_VERIFY_FAILED] certificate verify failed: self-signed certificate in certificate chain (_ssl.c:1028)')]
2025-03-02 18:37:46,551 - async_checker - INFO - n8299gs is 18+
2025-03-02 18:37:46,552 - async_checker - INFO - n4269fv is normal
2025-03-02 18:37:46,552 - async_checker - INFO - n0383dn is normal
2025-03-02 18:37:46,553 - async_checker - INFO - n6066gi is normal
2025-03-02 18:37:46,553 - async_checker - INFO - n9430ge is normal
2025-03-02 18:37:46,595 - async_checker - ERROR - Error updating n8299gs: Cannot connect to host api.syosetu.com:443 ssl:True [SSLCertVerificationError: (5, '[SSL: CERTIFICATE_VERIFY_FAILED] certificate verify failed: self-signed certificate in certificate chain (_ssl.c:1028)')]
2025-03-02 18:37:46,608 - async_checker - ERROR - Error updating n6066gi: Cannot connect to host api.syosetu.com:443 ssl:True [SSLCertVerificationError: (5, '[SSL: CERTIFICATE_VERIFY_FAILED] certificate verify failed: self-signed certificate in certificate chain (_ssl.c:1028)')]
2025-03-02 18:37:46,611 - async_checker - ERROR - Error updating n4269fv: Cannot connect to host api.syosetu.com:443 ssl:True [SSLCertVerificationError: (5, '[SSL: CERTIFICATE_VERIFY_FAILED] certificate verify failed: self-signed certificate in certificate chain (_ssl.c:1028)')]
2025-03-02 18:37:46,611 - async_checker - ERROR - Error updating n0383dn: Cannot connect to host api.syosetu.com:443 ssl:True [SSLCertVerificationError: (5, '[SSL: CERTIFICATE_VERIFY_FAILED] certificate verify failed: self-signed certificate in certificate chain (_ssl.c:1028)')]
2025-03-02 18:37:46,635 - async_checker - ERROR - Error updating n9430ge: Cannot connect to host api.syosetu.com:443 ssl:True [SSLCertVerificationError: (5, '[SSL: CERTIFICATE_VERIFY_FAILED] certificate verify failed: self-signed certificate in certificate chain (_ssl.c:1028)')]
2025-03-02 18:37:47,650 - async_checker - INFO - n1792di is normal
2025-03-02 18:37:47,651 - async_checker - INFO - n4147dw is normal
2025-03-02 18:37:47,651 - async_checker - INFO - n0229fv is normal
2025-03-02 18:37:47,651 - async_checker - INFO - n3268gn is 18+
2025-03-02 18:37:47,652 - async_checker - INFO - n5961gp is normal
2025-03-02 18:37:47,701 - async_checker - ERROR - Error updating n1792di: Cannot connect to host api.syosetu.com:443 ssl:True [SSLCertVerificationError: (5, '[SSL: CERTIFICATE_VERIFY_FAILED] certificate verify failed: self-signed certificate in certificate chain (_ssl.c:1028)')]
2025-03-02 18:37:47,717 - async_checker - ERROR - Error updating n4147dw: Cannot connect to host api.syosetu.com:443 ssl:True [SSLCertVerificationError: (5, '[SSL: CERTIFICATE_VERIFY_FAILED] certificate verify failed: self-signed certificate in certificate chain (_ssl.c:1028)')]
2025-03-02 18:37:47,717 - async_checker - ERROR - Error updating n0229fv: Cannot connect to host api.syosetu.com:443 ssl:True [SSLCertVerificationError: (5, '[SSL: CERTIFICATE_VERIFY_FAILED] certificate verify failed: self-signed certificate in certificate chain (_ssl.c:1028)')]
2025-03-02 18:37:47,738 - async_checker - ERROR - Error updating n5961gp: Cannot connect to host api.syosetu.com:443 ssl:True [SSLCertVerificationError: (5, '[SSL: CERTIFICATE_VERIFY_FAILED] certificate verify failed: self-signed certificate in certificate chain (_ssl.c:1028)')]
2025-03-02 18:37:47,740 - async_checker - ERROR - Error updating n3268gn: Cannot connect to host api.syosetu.com:443 ssl:True [SSLCertVerificationError: (5, '[SSL: CERTIFICATE_VERIFY_FAILED] certificate verify failed: self-signed certificate in certificate chain (_ssl.c:1028)')]
2025-03-02 18:37:48,750 - async_checker - INFO - n7961gu is normal
2025-03-02 18:37:48,751 - async_checker - INFO - n7222ff is normal
2025-03-02 18:37:48,751 - async_checker - INFO - n9798ei is normal
2025-03-02 18:37:48,752 - async_checker - INFO - n2167cd is normal
2025-03-02 18:37:48,752 - async_checker - INFO - n7574fj is normal
2025-03-02 18:37:48,804 - async_checker - ERROR - Error updating n9798ei: Cannot connect to host api.syosetu.com:443 ssl:True [SSLCertVerificationError: (5, '[SSL: CERTIFICATE_VERIFY_FAILED] certificate verify failed: self-signed certificate in certificate chain (_ssl.c:1028)')]
2025-03-02 18:37:48,805 - async_checker - ERROR - Error updating n7961gu: Cannot connect to host api.syosetu.com:443 ssl:True [SSLCertVerificationError: (5, '[SSL: CERTIFICATE_VERIFY_FAILED] certificate verify failed: self-signed certificate in certificate chain (_ssl.c:1028)')]
2025-03-02 18:37:48,819 - async_checker - ERROR - Error updating n7222ff: Cannot connect to host api.syosetu.com:443 ssl:True [SSLCertVerificationError: (5, '[SSL: CERTIFICATE_VERIFY_FAILED] certificate verify failed: self-signed certificate in certificate chain (_ssl.c:1028)')]
2025-03-02 18:37:48,819 - async_checker - ERROR - Error updating n2167cd: Cannot connect to host api.syosetu.com:443 ssl:True [SSLCertVerificationError: (5, '[SSL: CERTIFICATE_VERIFY_FAILED] certificate verify failed: self-signed certificate in certificate chain (_ssl.c:1028)')]
2025-03-02 18:37:48,829 - async_checker - ERROR - Error updating n7574fj: Cannot connect to host api.syosetu.com:443 ssl:True [SSLCertVerificationError: (5, '[SSL: CERTIFICATE_VERIFY_FAILED] certificate verify failed: self-signed certificate in certificate chain (_ssl.c:1028)')]
2025-03-02 18:37:49,838 - async_checker - INFO - n9174fs is normal
2025-03-02 18:37:49,838 - async_checker - INFO - n0961db is normal
2025-03-02 18:37:49,839 - async_checker - INFO - n5609fg is normal
2025-03-02 18:37:49,839 - async_checker - INFO - n2710db is normal
2025-03-02 18:37:49,839 - async_checker - INFO - n7044ff is normal
2025-03-02 18:37:49,888 - async_checker - ERROR - Error updating n9174fs: Cannot connect to host api.syosetu.com:443 ssl:True [SSLCertVerificationError: (5, '[SSL: CERTIFICATE_VERIFY_FAILED] certificate verify failed: self-signed certificate in certificate chain (_ssl.c:1028)')]
2025-03-02 18:37:49,895 - async_checker - ERROR - Error updating n2710db: Cannot connect to host api.syosetu.com:443 ssl:True [SSLCertVerificationError: (5, '[SSL: CERTIFICATE_VERIFY_FAILED] certificate verify failed: self-signed certificate in certificate chain (_ssl.c:1028)')]
2025-03-02 18:37:49,896 - async_checker - ERROR - Error updating n0961db: Cannot connect to host api.syosetu.com:443 ssl:True [SSLCertVerificationError: (5, '[SSL: CERTIFICATE_VERIFY_FAILED] certificate verify failed: self-signed certificate in certificate chain (_ssl.c:1028)')]
2025-03-02 18:37:49,898 - async_checker - ERROR - Error updating n7044ff: Cannot connect to host api.syosetu.com:443 ssl:True [SSLCertVerificationError: (5, '[SSL: CERTIFICATE_VERIFY_FAILED] certificate verify failed: self-signed certificate in certificate chain (_ssl.c:1028)')]
2025-03-02 18:37:49,899 - async_checker - ERROR - Error updating n5609fg: Cannot connect to host api.syosetu.com:443 ssl:True [SSLCertVerificationError: (5, '[SSL: CERTIFICATE_VERIFY_FAILED] certificate verify failed: self-signed certificate in certificate chain (_ssl.c:1028)')]
2025-03-02 18:37:50,910 - async_checker - INFO - n1062fk is normal
2025-03-02 18:37:50,911 - async_checker - INFO - n7217ei is 18+
2025-03-02 18:37:50,911 - async_checker - INFO - n9618cy is normal
2025-03-02 18:37:50,912 - async_checker - INFO - n1308fc is normal
2025-03-02 18:37:50,912 - async_checker - INFO - n4342ge is normal
2025-03-02 18:37:50,981 - async_checker - ERROR - Error updating n9618cy: Cannot connect to host api.syosetu.com:443 ssl:True [SSLCertVerificationError: (5, '[SSL: CERTIFICATE_VERIFY_FAILED] certificate verify failed: self-signed certificate in certificate chain (_ssl.c:1028)')]
2025-03-02 18:37:50,983 - async_checker - ERROR - Error updating n7217ei: Cannot connect to host api.syosetu.com:443 ssl:True [SSLCertVerificationError: (5, '[SSL: CERTIFICATE_VERIFY_FAILED] certificate verify failed: self-signed certificate in certificate chain (_ssl.c:1028)')]
2025-03-02 18:37:50,989 - async_checker - ERROR - Error updating n4342ge: Cannot connect to host api.syosetu.com:443 ssl:True [SSLCertVerificationError: (5, '[SSL: CERTIFICATE_VERIFY_FAILED] certificate verify failed: self-signed certificate in certificate chain (_ssl.c:1028)')]
2025-03-02 18:37:50,989 - async_checker - ERROR - Error updating n1062fk: Cannot connect to host api.syosetu.com:443 ssl:True [SSLCertVerificationError: (5, '[SSL: CERTIFICATE_VERIFY_FAILED] certificate verify failed: self-signed certificate in certificate chain (_ssl.c:1028)')]
2025-03-02 18:37:50,990 - async_checker - ERROR - Error updating n1308fc: Cannot connect to host api.syosetu.com:443 ssl:True [SSLCertVerificationError: (5, '[SSL: CERTIFICATE_VERIFY_FAILED] certificate verify failed: self-signed certificate in certificate chain (_ssl.c:1028)')]
2025-03-02 18:37:51,994 - async_checker - INFO - n1453gg is normal
2025-03-02 18:37:51,995 - async_checker - INFO - n6370ds is 18+
2025-03-02 18:37:51,995 - async_checker - INFO - n7339gp is normal
2025-03-02 18:37:51,995 - async_checker - INFO - n0455ga is normal
2025-03-02 18:37:51,996 - async_checker - INFO - n6461eq is normal
2025-03-02 18:37:52,036 - async_checker - ERROR - Error updating n1453gg: Cannot connect to host api.syosetu.com:443 ssl:True [SSLCertVerificationError: (5, '[SSL: CERTIFICATE_VERIFY_FAILED] certificate verify failed: self-signed certificate in certificate chain (_ssl.c:1028)')]
2025-03-02 18:37:52,049 - async_checker - ERROR - Error updating n6370ds: Cannot connect to host api.syosetu.com:443 ssl:True [SSLCertVerificationError: (5, '[SSL: CERTIFICATE_VERIFY_FAILED] certificate verify failed: self-signed certificate in certificate chain (_ssl.c:1028)')]
2025-03-02 18:37:52,056 - async_checker - ERROR - Error updating n6461eq: Cannot connect to host api.syosetu.com:443 ssl:True [SSLCertVerificationError: (5, '[SSL: CERTIFICATE_VERIFY_FAILED] certificate verify failed: self-signed certificate in certificate chain (_ssl.c:1028)')]
2025-03-02 18:37:52,059 - async_checker - ERROR - Error updating n7339gp: Cannot connect to host api.syosetu.com:443 ssl:True [SSLCertVerificationError: (5, '[SSL: CERTIFICATE_VERIFY_FAILED] certificate verify failed: self-signed certificate in certificate chain (_ssl.c:1028)')]
2025-03-02 18:37:52,059 - async_checker - ERROR - Error updating n0455ga: Cannot connect to host api.syosetu.com:443 ssl:True [SSLCertVerificationError: (5, '[SSL: CERTIFICATE_VERIFY_FAILED] certificate verify failed: self-signed certificate in certificate chain (_ssl.c:1028)')]
2025-03-02 18:37:53,063 - async_checker - INFO - n5419go is normal
2025-03-02 18:37:53,064 - async_checker - INFO - n8002gk is normal
2025-03-02 18:37:53,064 - async_checker - INFO - n1453gs is normal
2025-03-02 18:37:53,065 - async_checker - INFO - n0388fy is normal
2025-03-02 18:37:53,065 - async_checker - INFO - n0467gr is normal
2025-03-02 18:37:53,108 - async_checker - ERROR - Error updating n5419go: Cannot connect to host api.syosetu.com:443 ssl:True [SSLCertVerificationError: (5, '[SSL: CERTIFICATE_VERIFY_FAILED] certificate verify failed: self-signed certificate in certificate chain (_ssl.c:1028)')]
2025-03-02 18:37:53,109 - async_checker - ERROR - Error updating n8002gk: Cannot connect to host api.syosetu.com:443 ssl:True [SSLCertVerificationError: (5, '[SSL: CERTIFICATE_VERIFY_FAILED] certificate verify failed: self-signed certificate in certificate chain (_ssl.c:1028)')]
2025-03-02 18:37:53,142 - async_checker - ERROR - Error updating n0388fy: Cannot connect to host api.syosetu.com:443 ssl:True [SSLCertVerificationError: (5, '[SSL: CERTIFICATE_VERIFY_FAILED] certificate verify failed: self-signed certificate in certificate chain (_ssl.c:1028)')]
2025-03-02 18:37:53,149 - async_checker - ERROR - Error updating n1453gs: Cannot connect to host api.syosetu.com:443 ssl:True [SSLCertVerificationError: (5, '[SSL: CERTIFICATE_VERIFY_FAILED] certificate verify failed: self-signed certificate in certificate chain (_ssl.c:1028)')]
2025-03-02 18:37:53,151 - async_checker - ERROR - Error updating n0467gr: Cannot connect to host api.syosetu.com:443 ssl:True [SSLCertVerificationError: (5, '[SSL: CERTIFICATE_VERIFY_FAILED] certificate verify failed: self-signed certificate in certificate chain (_ssl.c:1028)')]
2025-03-02 18:37:54,163 - async_checker - INFO - n9314ge is normal
2025-03-02 18:37:54,164 - async_checker - INFO - n3912fj is normal
2025-03-02 18:37:54,164 - async_checker - INFO - n6362fe is normal
2025-03-02 18:37:54,164 - async_checker - INFO - n8524et is normal
2025-03-02 18:37:54,165 - async_checker - INFO - n6776dt is normal
2025-03-02 18:37:54,212 - async_checker - ERROR - Error updating n9314ge: Cannot connect to host api.syosetu.com:443 ssl:True [SSLCertVerificationError: (5, '[SSL: CERTIFICATE_VERIFY_FAILED] certificate verify failed: self-signed certificate in certificate chain (_ssl.c:1028)')]
2025-03-02 18:37:54,215 - async_checker - ERROR - Error updating n3912fj: Cannot connect to host api.syosetu.com:443 ssl:True [SSLCertVerificationError: (5, '[SSL: CERTIFICATE_VERIFY_FAILED] certificate verify failed: self-signed certificate in certificate chain (_ssl.c:1028)')]
2025-03-02 18:37:54,217 - async_checker - ERROR - Error updating n8524et: Cannot connect to host api.syosetu.com:443 ssl:True [SSLCertVerificationError: (5, '[SSL: CERTIFICATE_VERIFY_FAILED] certificate verify failed: self-signed certificate in certificate chain (_ssl.c:1028)')]
2025-03-02 18:37:54,222 - async_checker - ERROR - Error updating n6362fe: Cannot connect to host api.syosetu.com:443 ssl:True [SSLCertVerificationError: (5, '[SSL: CERTIFICATE_VERIFY_FAILED] certificate verify failed: self-signed certificate in certificate chain (_ssl.c:1028)')]
2025-03-02 18:37:54,245 - async_checker - ERROR - Error updating n6776dt: Cannot connect to host api.syosetu.com:443 ssl:True [SSLCertVerificationError: (5, '[SSL: CERTIFICATE_VERIFY_FAILED] certificate verify failed: self-signed certificate in certificate chain (_ssl.c:1028)')]
2025-03-02 18:37:55,249 - async_checker - INFO - n8406bm is normal
2025-03-02 18:37:55,250 - async_checker - INFO - n5090fy is normal
2025-03-02 18:37:55,250 - async_checker - INFO - n5703gu is normal
2025-03-02 18:37:55,250 - async_checker - INFO - n3857gv is normal
2025-03-02 18:37:55,251 - async_checker - INFO - n7619gq is normal
2025-03-02 18:37:55,299 - async_checker - ERROR - Error updating n8406bm: Cannot connect to host api.syosetu.com:443 ssl:True [SSLCertVerificationError: (5, '[SSL: CERTIFICATE_VERIFY_FAILED] certificate verify failed: self-signed certificate in certificate chain (_ssl.c:1028)')]
2025-03-02 18:37:55,320 - async_checker - ERROR - Error updating n5090fy: Cannot connect to host api.syosetu.com:443 ssl:True [SSLCertVerificationError: (5, '[SSL: CERTIFICATE_VERIFY_FAILED] certificate verify failed: self-signed certificate in certificate chain (_ssl.c:1028)')]
2025-03-02 18:37:55,324 - async_checker - ERROR - Error updating n5703gu: Cannot connect to host api.syosetu.com:443 ssl:True [SSLCertVerificationError: (5, '[SSL: CERTIFICATE_VERIFY_FAILED] certificate verify failed: self-signed certificate in certificate chain (_ssl.c:1028)')]
2025-03-02 18:37:55,324 - async_checker - ERROR - Error updating n3857gv: Cannot connect to host api.syosetu.com:443 ssl:True [SSLCertVerificationError: (5, '[SSL: CERTIFICATE_VERIFY_FAILED] certificate verify failed: self-signed certificate in certificate chain (_ssl.c:1028)')]
2025-03-02 18:37:55,331 - async_checker - ERROR - Error updating n7619gq: Cannot connect to host api.syosetu.com:443 ssl:True [SSLCertVerificationError: (5, '[SSL: CERTIFICATE_VERIFY_FAILED] certificate verify failed: self-signed certificate in certificate chain (_ssl.c:1028)')]
2025-03-02 18:37:56,333 - async_checker - WARNING - File not found: yml\n8399gu.yml
2025-03-02 18:37:56,334 - async_checker - WARNING - File not found: yml\n8120gp.yml
2025-03-02 18:37:56,334 - async_checker - WARNING - File not found: yml\n3406ek.yml
2025-03-02 18:37:56,334 - async_checker - WARNING - File not found: yml\n8030gl.yml
2025-03-02 18:37:56,334 - async_checker - WARNING - File not found: yml\n8920ex.yml
2025-03-02 18:37:56,334 - async_checker - WARNING - File not found: yml\n8299gs.yml
2025-03-02 18:37:56,334 - async_checker - WARNING - File not found: yml\n4269fv.yml
2025-03-02 18:37:56,334 - async_checker - WARNING - File not found: yml\n0383dn.yml
2025-03-02 18:37:56,334 - async_checker - WARNING - File not found: yml\n6066gi.yml
2025-03-02 18:37:56,334 - async_checker - WARNING - File not found: yml\n9430ge.yml
2025-03-02 18:37:56,335 - async_checker - WARNING - File not found: yml\n1792di.yml
2025-03-02 18:37:56,335 - async_checker - WARNING - File not found: yml\n4147dw.yml
2025-03-02 18:37:56,335 - async_checker - WARNING - File not found: yml\n0229fv.yml
2025-03-02 18:37:56,335 - async_checker - WARNING - File not found: yml\n3268gn.yml
2025-03-02 18:37:56,335 - async_checker - WARNING - File not found: yml\n5961gp.yml
2025-03-02 18:37:56,335 - async_checker - WARNING - File not found: yml\n7961gu.yml
2025-03-02 18:37:56,335 - async_checker - WARNING - File not found: yml\n7222ff.yml
2025-03-02 18:37:56,335 - async_checker - WARNING - File not found: yml\n9798ei.yml
2025-03-02 18:37:56,335 - async_checker - WARNING - File not found: yml\n2167cd.yml
2025-03-02 18:37:56,335 - async_checker - WARNING - File not found: yml\n7574fj.yml
2025-03-02 18:37:56,335 - async_checker - WARNING - File not found: yml\n9174fs.yml
2025-03-02 18:37:56,336 - async_checker - WARNING - File not found: yml\n0961db.yml
2025-03-02 18:37:56,336 - async_checker - WARNING - File not found: yml\n5609fg.yml
2025-03-02 18:37:56,336 - async_checker - WARNING - File not found: yml\n2710db.yml
2025-03-02 18:37:56,336 - async_checker - WARNING - File not found: yml\n7044ff.yml
2025-03-02 18:37:56,336 - async_checker - WARNING - File not found: yml\n1062fk.yml
2025-03-02 18:37:56,336 - async_checker - WARNING - File not found: yml\n7217ei.yml
2025-03-02 18:37:56,336 - async_checker - WARNING - File not found: yml\n9618cy.yml
2025-03-02 18:37:56,336 - async_checker - WARNING - File not found: yml\n1308fc.yml
2025-03-02 18:37:56,336 - async_checker - WARNING - File not found: yml\n4342ge.yml
2025-03-02 18:37:56,336 - async_checker - WARNING - File not found: yml\n1453gg.yml
2025-03-02 18:37:56,337 - async_checker - WARNING - File not found: yml\n6370ds.yml
2025-03-02 18:37:56,337 - async_checker - WARNING - File not found: yml\n7339gp.yml
2025-03-02 18:37:56,337 - async_checker - WARNING - File not found: yml\n0455ga.yml
2025-03-02 18:37:56,337 - async_checker - WARNING - File not found: yml\n6461eq.yml
2025-03-02 18:37:56,337 - async_checker - WARNING - File not found: yml\n5419go.yml
2025-03-02 18:37:56,337 - async_checker - WARNING - File not found: yml\n8002gk.yml
2025-03-02 18:37:56,337 - async_checker - WARNING - File not found: yml\n1453gs.yml
2025-03-02 18:37:56,337 - async_checker - WARNING - File not found: yml\n0388fy.yml
2025-03-02 18:37:56,337 - async_checker - WARNING - File not found: yml\n0467gr.yml
2025-03-02 18:37:56,337 - async_checker - WARNING - File not found: yml\n9314ge.yml
2025-03-02 18:37:56,338 - async_checker - WARNING - File not found: yml\n3912fj.yml
2025-03-02 18:37:56,338 - async_checker - WARNING - File not found: yml\n6362fe.yml
2025-03-02 18:37:56,338 - async_checker - WARNING - File not found: yml\n8524et.yml
2025-03-02 18:37:56,338 - async_checker - WARNING - File not found: yml\n6776dt.yml
2025-03-02 18:37:56,338 - async_checker - WARNING - File not found: yml\n8406bm.yml
2025-03-02 18:37:56,338 - async_checker - WARNING - File not found: yml\n5090fy.yml
2025-03-02 18:37:56,338 - async_checker - WARNING - File not found: yml\n5703gu.yml
2025-03-02 18:37:56,338 - async_checker - WARNING - File not found: yml\n3857gv.yml
2025-03-02 18:37:56,338 - async_checker - WARNING - File not found: yml\n7619gq.yml
2025-03-02 18:37:56,339 - async_checker - INFO - Updated novel information from YML files
2025-03-02 18:37:56,339 - async_checker - INFO - Database updated successfully
2025-03-02 18:37:56,339 - async_checker - INFO - Check_shinchaku...
2025-03-02 18:37:56,425 - async_checker - WARNING - Skipping n8299gs: Missing 'general_all_no'
2025-03-02 18:37:56,440 - async_checker - WARNING - Skipping n0383dn: Missing 'general_all_no'
2025-03-02 18:37:57,260 - async_checker - WARNING - Skipping n3453gf: Missing 'general_all_no'
2025-03-02 18:37:57,476 - async_checker - WARNING - Skipping n1736gq: Missing 'general_all_no'
2025-03-02 18:37:57,492 - async_checker - WARNING - Skipping n3666gx: Missing 'general_all_no'
2025-03-02 18:37:57,523 - async_checker - WARNING - Skipping n0427fk: Missing 'general_all_no'
2025-03-02 18:37:57,663 - async_checker - WARNING - Skipping n1544gv: Missing 'general_all_no'
2025-03-02 18:37:57,694 - async_checker - WARNING - Skipping n3738gp: Missing 'general_all_no'
2025-03-02 18:37:58,205 - async_checker - WARNING - Skipping n9727gq: Missing 'general_all_no'
2025-03-02 18:37:58,236 - async_checker - INFO - New episode found in n0231fn: 279 -> 280
2025-03-02 18:37:58,313 - async_checker - WARNING - Why? n9045gx has 20 episodes but 14 episodes are available.
2025-03-02 18:37:58,437 - async_checker - INFO - New episode found in n2273dh: 2172 -> 2173
2025-03-02 18:37:58,607 - async_checker - WARNING - Why? n4729ha has 12 episodes but 11 episodes are available.
2025-03-02 18:37:58,901 - async_checker - WARNING - Skipping n9370gj: Missing 'general_all_no'
2025-03-02 18:37:58,947 - async_checker - WARNING - Skipping n3492gx: Missing 'general_all_no'
2025-03-02 18:37:59,211 - async_checker - WARNING - Why? n4521hd has 55 episodes but 41 episodes are available.
2025-03-02 18:37:59,242 - async_checker - WARNING - Skipping n7883gv: Missing 'general_all_no'
2025-03-02 18:37:59,257 - async_checker - INFO - New episode found in n6804dy: 132 -> 133
2025-03-02 18:37:59,536 - async_checker - WARNING - Skipping n3652gi: Missing 'general_all_no'
2025-03-02 18:37:59,861 - async_checker - WARNING - Skipping n6306gz: Missing 'general_all_no'
2025-03-02 18:37:59,923 - async_checker - WARNING - Skipping n0977fn: Missing 'general_all_no'
2025-03-02 18:38:00,140 - async_checker - WARNING - Skipping n5869hf: Missing 'general_all_no'
2025-03-02 18:38:00,187 - async_checker - WARNING - Skipping n2608gt: Missing 'general_all_no'
2025-03-02 18:38:00,202 - async_checker - WARNING - Skipping n7298hc: Missing 'general_all_no'
2025-03-02 18:38:00,233 - async_checker - WARNING - Skipping n5876gq: Missing 'general_all_no'
2025-03-02 18:38:00,573 - async_checker - WARNING - Skipping n7523hi: Missing 'general_all_no'
2025-03-02 18:38:00,604 - async_checker - INFO - New episode found in n5327hj: 217 -> 218
2025-03-02 18:38:00,667 - async_checker - WARNING - Why? n3363gt has 86 episodes but 85 episodes are available.
2025-03-02 18:38:01,114 - async_checker - WARNING - Skipping n6927ho: Missing 'general_all_no'
2025-03-02 18:38:01,332 - async_checker - WARNING - Skipping n9114hk: Missing 'general_all_no'
2025-03-02 18:38:01,393 - async_checker - WARNING - Skipping n8736hf: Missing 'general_all_no'
2025-03-02 18:38:01,501 - async_checker - WARNING - Skipping n2933hr: Missing 'general_all_no'
2025-03-02 18:38:01,502 - async_checker - WARNING - Skipping n6919hm: Missing 'general_all_no'
2025-03-02 18:38:01,517 - async_checker - WARNING - Skipping n3205hg: Missing 'general_all_no'
2025-03-02 18:38:01,719 - async_checker - WARNING - Skipping n0953hm: Missing 'general_all_no'
2025-03-02 18:38:01,750 - async_checker - WARNING - Skipping n7467hq: Missing 'general_all_no'
2025-03-02 18:38:01,859 - async_checker - INFO - New episode found in n0122hn: 620 -> 621
2025-03-02 18:38:01,969 - async_checker - WARNING - Skipping n6040hn: Missing 'general_all_no'
2025-03-02 18:38:02,046 - async_checker - WARNING - Skipping n1621fv: Missing 'general_all_no'
2025-03-02 18:38:02,233 - async_checker - WARNING - Skipping n2000hq: Missing 'general_all_no'
2025-03-02 18:38:02,233 - async_checker - WARNING - Skipping n2561hr: Missing 'general_all_no'
2025-03-02 18:38:02,389 - async_checker - WARNING - Skipping n9414gw: Missing 'general_all_no'
2025-03-02 18:38:02,403 - async_checker - WARNING - Skipping n6278hj: Missing 'general_all_no'
2025-03-02 18:38:02,543 - async_checker - WARNING - Skipping n5419hv: Missing 'general_all_no'
2025-03-02 18:38:02,822 - async_checker - INFO - New episode found in n4434ds: 2518 -> 2519
2025-03-02 18:38:03,055 - async_checker - INFO - New episode found in n0768gj: 709 -> 710
2025-03-02 18:38:03,287 - async_checker - INFO - New episode found in n8552w: 765 -> 766
2025-03-02 18:38:03,317 - async_checker - WARNING - Skipping n3630hw: Missing 'general_all_no'
2025-03-02 18:38:03,671 - async_checker - WARNING - Skipping n9812hc: Missing 'general_all_no'
2025-03-02 18:38:03,702 - async_checker - WARNING - Skipping n6303hs: Missing 'general_all_no'
2025-03-02 18:38:03,874 - async_checker - WARNING - Skipping n6617hs: Missing 'general_all_no'
2025-03-02 18:38:04,074 - async_checker - WARNING - Why? n5304ho has 21 episodes but 4 episodes are available.
2025-03-02 18:38:04,090 - async_checker - WARNING - Skipping n9380hw: Missing 'general_all_no'
2025-03-02 18:38:04,384 - async_checker - WARNING - Skipping n8921hx: Missing 'general_all_no'
2025-03-02 18:38:04,631 - async_checker - WARNING - Why? n7470hu has 12 episodes but 11 episodes are available.
2025-03-02 18:38:05,160 - async_checker - WARNING - Skipping n5084ib: Missing 'general_all_no'
2025-03-02 18:38:05,160 - async_checker - WARNING - Skipping n1348ib: Missing 'general_all_no'
2025-03-02 18:38:05,269 - async_checker - WARNING - Skipping n5856hz: Missing 'general_all_no'
2025-03-02 18:38:05,641 - async_checker - WARNING - Skipping n6060fi: Missing 'general_all_no'
2025-03-02 18:38:05,765 - async_checker - WARNING - Skipping n5899hv: Missing 'general_all_no'
2025-03-02 18:38:05,766 - async_checker - WARNING - Skipping n8028hv: Missing 'general_all_no'
2025-03-02 18:38:05,766 - async_checker - WARNING - Skipping n8793hv: Missing 'general_all_no'
2025-03-02 18:38:05,766 - async_checker - WARNING - Skipping n0657hv: Missing 'general_all_no'
2025-03-02 18:38:05,766 - async_checker - WARNING - Skipping n1818hr: Missing 'general_all_no'
2025-03-02 18:38:05,766 - async_checker - WARNING - Skipping n7737hq: Missing 'general_all_no'
2025-03-02 18:38:05,766 - async_checker - WARNING - Skipping n5409hq: Missing 'general_all_no'
2025-03-02 18:38:05,766 - async_checker - WARNING - Skipping n1543hq: Missing 'general_all_no'
2025-03-02 18:38:05,766 - async_checker - WARNING - Skipping n8201hp: Missing 'general_all_no'
2025-03-02 18:38:05,766 - async_checker - WARNING - Skipping n3059hl: Missing 'general_all_no'
2025-03-02 18:38:05,766 - async_checker - WARNING - Skipping n6047hm: Missing 'general_all_no'
2025-03-02 18:38:05,766 - async_checker - WARNING - Skipping n0514hm: Missing 'general_all_no'
2025-03-02 18:38:05,766 - async_checker - WARNING - Skipping n6713hk: Missing 'general_all_no'
2025-03-02 18:38:05,766 - async_checker - WARNING - Skipping n5657hi: Missing 'general_all_no'
2025-03-02 18:38:06,089 - async_checker - WARNING - Skipping n7455ho: Missing 'general_all_no'
2025-03-02 18:38:07,005 - async_checker - WARNING - Why? n3242hy has 189 episodes but 80 episodes are available.
2025-03-02 18:38:07,175 - async_checker - INFO - New episode found in n8376eu: 359 -> 360
2025-03-02 18:38:07,547 - async_checker - WARNING - Skipping n8701gp: Missing 'general_all_no'
2025-03-02 18:38:07,743 - async_checker - INFO - New episode found in n3132gq: 756 -> 757
2025-03-02 18:38:07,867 - async_checker - INFO - New episode found in n7491fi: 449 -> 450
2025-03-02 18:38:08,360 - async_checker - WARNING - Skipping n9831gm: Missing 'general_all_no'
2025-03-02 18:38:08,360 - async_checker - WARNING - Skipping n2662ca: Missing 'general_all_no'
2025-03-02 18:38:08,409 - async_checker - WARNING - Skipping n2964gd: Missing 'general_all_no'
2025-03-02 18:38:08,886 - async_checker - WARNING - Skipping n8301dp: Missing 'general_all_no'
2025-03-02 18:38:08,917 - async_checker - WARNING - Skipping n4530gp: Missing 'general_all_no'
2025-03-02 18:38:09,026 - async_checker - INFO - New episode found in n9433gn: 458 -> 459
2025-03-02 18:38:09,058 - async_checker - WARNING - Skipping n1926fm: Missing 'general_all_no'
2025-03-02 18:38:09,295 - async_checker - WARNING - Skipping n8873gs: Missing 'general_all_no'
2025-03-02 18:38:09,295 - async_checker - WARNING - Skipping n9887fv: Missing 'general_all_no'
2025-03-02 18:38:09,295 - async_checker - WARNING - Skipping n1419ft: Missing 'general_all_no'
2025-03-02 18:38:09,623 - async_checker - WARNING - Skipping n4483dj: Missing 'general_all_no'
2025-03-02 18:38:09,639 - async_checker - WARNING - Skipping n4474gs: Missing 'general_all_no'
2025-03-02 18:38:09,809 - async_checker - WARNING - Skipping n0727gu: Missing 'general_all_no'
2025-03-02 18:38:09,824 - async_checker - WARNING - Skipping n6354gu: Missing 'general_all_no'
2025-03-02 18:38:09,855 - async_checker - INFO - New episode found in n3504fx: 371 -> 372
2025-03-02 18:38:09,917 - async_checker - WARNING - Skipping n7874gd: Missing 'general_all_no'
2025-03-02 18:38:09,963 - async_checker - INFO - New episode found in n5635fz: 216 -> 217
2025-03-02 18:38:10,069 - async_checker - WARNING - Skipping n4146fm: Missing 'general_all_no'
2025-03-02 18:38:10,115 - async_checker - WARNING - Skipping n6742gx: Missing 'general_all_no'
2025-03-02 18:38:10,115 - async_checker - INFO - New episode found in n5130er: 160 -> 161
2025-03-02 18:38:10,271 - async_checker - WARNING - Skipping n7782gv: Missing 'general_all_no'
2025-03-02 18:38:10,271 - async_checker - INFO - New episode found in n1929hb: 130 -> 131
2025-03-02 18:38:10,612 - async_checker - INFO - New episode found in n0083gg: 536 -> 538
2025-03-02 18:38:10,658 - async_checker - INFO - New episode found in n2924ha: 85 -> 88
2025-03-02 18:38:10,674 - async_checker - WARNING - Skipping n1006gz: Missing 'general_all_no'
2025-03-02 18:38:10,735 - async_checker - WARNING - Skipping n4614fi: Missing 'general_all_no'
2025-03-02 18:38:10,783 - async_checker - INFO - New episode found in n5847gk: 37 -> 38
2025-03-02 18:38:10,829 - async_checker - WARNING - Skipping n6170fu: Missing 'general_all_no'
2025-03-02 18:38:10,860 - async_checker - WARNING - Skipping n1751gl: Missing 'general_all_no'
2025-03-02 18:38:10,907 - async_checker - WARNING - Skipping n8276gp: Missing 'general_all_no'
2025-03-02 18:38:10,938 - async_checker - INFO - New episode found in n9195hf: 271 -> 274
2025-03-02 18:38:11,015 - async_checker - INFO - New episode found in n1258gq: 160 -> 161
2025-03-02 18:38:11,030 - async_checker - WARNING - Skipping n1580gh: Missing 'general_all_no'
2025-03-02 18:38:11,030 - async_checker - INFO - New episode found in n2361gc: 300 -> 301
2025-03-02 18:38:11,045 - async_checker - INFO - New episode found in n5794gb: 144 -> 145
2025-03-02 18:38:11,076 - async_checker - WARNING - Skipping n8465hc: Missing 'general_all_no'
2025-03-02 18:38:11,138 - async_checker - WARNING - Skipping n1630gr: Missing 'general_all_no'
2025-03-02 18:38:11,154 - async_checker - WARNING - Skipping n0793hd: Missing 'general_all_no'
2025-03-02 18:38:11,169 - async_checker - INFO - New episode found in n8205he: 99 -> 102
2025-03-02 18:38:11,262 - async_checker - INFO - New episode found in n8077gw: 944 -> 945
2025-03-02 18:38:11,309 - async_checker - INFO - New episode found in n9367hd: 136 -> 137
2025-03-02 18:38:11,340 - async_checker - WARNING - Skipping n3290hh: Missing 'general_all_no'
2025-03-02 18:38:11,511 - async_checker - INFO - New episode found in n4478dy: 1341 -> 1342
2025-03-02 18:38:11,558 - async_checker - WARNING - Skipping n0697gs: Missing 'general_all_no'
2025-03-02 18:38:11,559 - async_checker - WARNING - Skipping n3428bs: Missing 'general_all_no'
2025-03-02 18:38:11,574 - async_checker - INFO - New episode found in n4694ep: 260 -> 261
2025-03-02 18:38:11,666 - async_checker - INFO - New episode found in n7147fv: 103 -> 105
2025-03-02 18:38:11,682 - async_checker - INFO - New episode found in n3367en: 0 -> 341
2025-03-02 18:38:11,697 - async_checker - INFO - New episode found in n6682ca: 0 -> 268
2025-03-02 18:38:11,713 - async_checker - INFO - New episode found in n8997fn: 0 -> 126
2025-03-02 18:38:11,728 - async_checker - INFO - New episode found in n5921fa: 0 -> 357
2025-03-02 18:38:11,743 - async_checker - INFO - New episode found in n3062hf: 0 -> 944
2025-03-02 18:38:11,759 - async_checker - INFO - New episode found in n1539gd: 0 -> 227
2025-03-02 18:38:11,775 - async_checker - INFO - New episode found in n6291fr: 0 -> 161
2025-03-02 18:38:11,790 - async_checker - INFO - New episode found in n7895gi: 0 -> 211
2025-03-02 18:38:11,806 - async_checker - INFO - New episode found in n0457hd: 0 -> 387
2025-03-02 18:38:11,821 - async_checker - INFO - New episode found in n7937gl: 0 -> 108
2025-03-02 18:38:11,836 - async_checker - INFO - New episode found in n5053gh: 0 -> 426
2025-03-02 18:38:11,852 - async_checker - INFO - New episode found in n5675cz: 0 -> 200
2025-03-02 18:38:11,868 - async_checker - INFO - New episode found in n6486ha: 0 -> 148
2025-03-02 18:38:11,883 - async_checker - INFO - New episode found in n8106fx: 0 -> 105
2025-03-02 18:38:11,899 - async_checker - INFO - New episode found in n1374gu: 0 -> 225
2025-03-02 18:38:11,914 - async_checker - INFO - New episode found in n8897ff: 0 -> 272
2025-03-02 18:38:11,929 - async_checker - INFO - New episode found in n1022ha: 0 -> 418
2025-03-02 18:38:11,945 - async_checker - INFO - New episode found in n3800fc: 0 -> 172
2025-03-02 18:38:11,960 - async_checker - INFO - New episode found in n8970fy: 0 -> 211
2025-03-02 18:38:11,976 - async_checker - INFO - New episode found in n0719hb: 0 -> 87
2025-03-02 18:38:11,992 - async_checker - INFO - New episode found in n4521dv: 0 -> 777
2025-03-02 18:38:12,007 - async_checker - INFO - New episode found in n6662hd: 0 -> 96
2025-03-02 18:38:12,023 - async_checker - INFO - New episode found in n8206dd: 0 -> 449
2025-03-02 18:38:12,038 - async_checker - INFO - New episode found in n7693ci: 0 -> 460
2025-03-02 18:38:12,054 - async_checker - INFO - New episode found in n0356go: 0 -> 334
2025-03-02 18:38:12,069 - async_checker - INFO - New episode found in n9380gb: 0 -> 51
2025-03-02 18:38:12,085 - async_checker - INFO - New episode found in n3822hj: 0 -> 104
2025-03-02 18:38:12,100 - async_checker - INFO - New episode found in n1655hl: 0 -> 43
2025-03-02 18:38:12,116 - async_checker - INFO - New episode found in n2332et: 0 -> 208
2025-03-02 18:38:12,131 - async_checker - INFO - New episode found in n5914cz: 0 -> 370
2025-03-02 18:38:12,147 - async_checker - INFO - New episode found in n9835ed: 0 -> 304
2025-03-02 18:38:12,162 - async_checker - INFO - New episode found in n2565ey: 0 -> 334
2025-03-02 18:38:12,177 - async_checker - INFO - New episode found in n7789ed: 0 -> 290
2025-03-02 18:38:12,192 - async_checker - INFO - New episode found in n4211ga: 0 -> 56
2025-03-02 18:38:12,208 - async_checker - INFO - New episode found in n2125hb: 0 -> 57
2025-03-02 18:38:12,223 - async_checker - INFO - New episode found in n7126cq: 0 -> 104
2025-03-02 18:38:12,239 - async_checker - INFO - New episode found in n6930gj: 0 -> 136
2025-03-02 18:38:12,254 - async_checker - INFO - New episode found in n6709fy: 0 -> 47
2025-03-02 18:38:12,270 - async_checker - INFO - New episode found in n0553gi: 0 -> 551
2025-03-02 18:38:12,285 - async_checker - INFO - New episode found in n1949gs: 0 -> 184
2025-03-02 18:38:12,301 - async_checker - INFO - New episode found in n8810eu: 0 -> 1058
2025-03-02 18:38:12,317 - async_checker - INFO - New episode found in n7808hc: 0 -> 195
2025-03-02 18:38:12,332 - async_checker - INFO - New episode found in n2128cv: 0 -> 57
2025-03-02 18:38:12,348 - async_checker - INFO - New episode found in n3176fn: 0 -> 1269
2025-03-02 18:38:12,363 - async_checker - INFO - New episode found in n6782hh: 0 -> 43
2025-03-02 18:38:12,379 - async_checker - INFO - New episode found in n0273dt: 0 -> 325
2025-03-02 18:38:12,395 - async_checker - INFO - New episode found in n7331fr: 0 -> 283
2025-03-02 18:38:12,410 - async_checker - INFO - New episode found in n0902hj: 0 -> 87
2025-03-02 18:38:12,426 - async_checker - INFO - New episode found in n5325fx: 0 -> 216
2025-03-02 18:38:12,441 - async_checker - INFO - New episode found in n6404hk: 0 -> 183
2025-03-02 18:38:12,457 - async_checker - INFO - New episode found in n8773hi: 0 -> 134
2025-03-02 18:38:12,472 - async_checker - WARNING - Skipping n5641gz: Missing 'general_all_no'
2025-03-02 18:38:12,472 - async_checker - INFO - New episode found in n9050gp: 0 -> 34
2025-03-02 18:38:12,488 - async_checker - INFO - New episode found in n8731gs: 0 -> 392
2025-03-02 18:38:12,503 - async_checker - INFO - New episode found in n5240gb: 0 -> 118
2025-03-02 18:38:12,519 - async_checker - INFO - New episode found in n6030ho: 0 -> 172
2025-03-02 18:38:12,534 - async_checker - INFO - New episode found in n1901hd: 0 -> 37
2025-03-02 18:38:12,550 - async_checker - INFO - New episode found in n4589fo: 0 -> 74
2025-03-02 18:38:12,565 - async_checker - INFO - New episode found in n8604m: 0 -> 59
2025-03-02 18:38:12,581 - async_checker - INFO - New episode found in n2695fs: 0 -> 56
2025-03-02 18:38:12,596 - async_checker - INFO - New episode found in n4670fp: 0 -> 373
2025-03-02 18:38:12,612 - async_checker - INFO - New episode found in n8082gs: 0 -> 74
2025-03-02 18:38:12,627 - async_checker - INFO - New episode found in n8941eq: 0 -> 43
2025-03-02 18:38:12,642 - async_checker - INFO - New episode found in n0307ht: 0 -> 30
2025-03-02 18:38:12,657 - async_checker - INFO - New episode found in n1583gn: 0 -> 39
2025-03-02 18:38:12,673 - async_checker - INFO - New episode found in n7488hk: 0 -> 100
2025-03-02 18:38:12,688 - async_checker - INFO - New episode found in n9481gd: 0 -> 188
2025-03-02 18:38:12,704 - async_checker - INFO - New episode found in n1755ht: 0 -> 1
2025-03-02 18:38:12,719 - async_checker - INFO - New episode found in n3816hr: 0 -> 556
2025-03-02 18:38:12,734 - async_checker - WARNING - Skipping n6379gv: Missing 'general_all_no'
2025-03-02 18:38:12,735 - async_checker - WARNING - Skipping n3545ht: Missing 'general_all_no'
2025-03-02 18:38:12,735 - async_checker - INFO - New episode found in n2583fy: 0 -> 430
2025-03-02 18:38:12,750 - async_checker - INFO - New episode found in n4690ek: 0 -> 443
2025-03-02 18:38:12,766 - async_checker - INFO - New episode found in n1320gz: 0 -> 63
2025-03-02 18:38:12,781 - async_checker - INFO - New episode found in n3141ft: 0 -> 61
2025-03-02 18:38:12,797 - async_checker - INFO - New episode found in n6820hp: 0 -> 110
2025-03-02 18:38:12,812 - async_checker - INFO - New episode found in n1481fo: 0 -> 116
2025-03-02 18:38:12,828 - async_checker - INFO - New episode found in n2353hi: 0 -> 1487
2025-03-02 18:38:12,843 - async_checker - INFO - New episode found in n7100hg: 0 -> 586
2025-03-02 18:38:12,859 - async_checker - INFO - New episode found in n4269cp: 0 -> 304
2025-03-02 18:38:12,874 - async_checker - INFO - New episode found in n1887gp: 0 -> 116
2025-03-02 18:38:12,890 - async_checker - INFO - New episode found in n9116gx: 0 -> 90
2025-03-02 18:38:12,905 - async_checker - INFO - New episode found in n5297cv: 0 -> 104
2025-03-02 18:38:12,921 - async_checker - INFO - New episode found in n6629gg: 0 -> 107
2025-03-02 18:38:12,936 - async_checker - INFO - New episode found in n6975hb: 0 -> 411
2025-03-02 18:38:12,952 - async_checker - INFO - New episode found in n3655hl: 0 -> 471
2025-03-02 18:38:12,967 - async_checker - INFO - New episode found in n7135cx: 0 -> 677
2025-03-02 18:38:12,983 - async_checker - INFO - New episode found in n3185dg: 0 -> 573
2025-03-02 18:38:12,998 - async_checker - WARNING - Skipping n5071hj: Missing 'general_all_no'
2025-03-02 18:38:12,998 - async_checker - INFO - New episode found in n4676ht: 0 -> 33
2025-03-02 18:38:13,014 - async_checker - INFO - New episode found in n9641he: 0 -> 123
2025-03-02 18:38:13,029 - async_checker - INFO - New episode found in n5808gh: 0 -> 28
2025-03-02 18:38:13,044 - async_checker - INFO - New episode found in n0379el: 0 -> 254
2025-03-02 18:38:13,059 - async_checker - INFO - New episode found in n1667hv: 0 -> 43
2025-03-02 18:38:13,075 - async_checker - INFO - New episode found in n4419hs: 0 -> 108
2025-03-02 18:38:13,090 - async_checker - INFO - New episode found in n5600fr: 0 -> 162
2025-03-02 18:38:13,105 - async_checker - WARNING - Skipping n2443hv: Missing 'general_all_no'
2025-03-02 18:38:13,121 - async_checker - INFO - New episode found in n2605br: 0 -> 302
2025-03-02 18:38:13,136 - async_checker - INFO - New episode found in n2853hf: 0 -> 36
2025-03-02 18:38:13,151 - async_checker - INFO - New episode found in n7038hv: 0 -> 76
2025-03-02 18:38:13,167 - async_checker - INFO - New episode found in n2754gt: 0 -> 48
2025-03-02 18:38:13,182 - async_checker - INFO - New episode found in n5027hz: 0 -> 10
2025-03-02 18:38:13,198 - async_checker - INFO - New episode found in n8841ej: 0 -> 11
2025-03-02 18:38:13,230 - async_checker - WARNING - Skipping n0509fx: Missing 'general_all_no'
2025-03-02 18:38:13,230 - async_checker - INFO - New episode found in n6779hw: 0 -> 45
2025-03-02 18:38:13,245 - async_checker - INFO - New episode found in n0620fa: 0 -> 53
2025-03-02 18:38:13,259 - async_checker - WARNING - Skipping n1694ia: Missing 'general_all_no'
2025-03-02 18:38:13,260 - async_checker - WARNING - Skipping n0835hs: Missing 'general_all_no'
2025-03-02 18:38:13,260 - async_checker - INFO - New episode found in n2151hu: 0 -> 312
2025-03-02 18:38:13,274 - async_checker - INFO - New episode found in n6142hg: 0 -> 52
2025-03-02 18:38:13,289 - async_checker - INFO - New episode found in n4305ev: 0 -> 985
2025-03-02 18:38:13,305 - async_checker - INFO - New episode found in n5990gv: 0 -> 88
2025-03-02 18:38:13,321 - async_checker - WARNING - Skipping n6654ic: Missing 'general_all_no'
2025-03-02 18:38:13,321 - async_checker - INFO - New episode found in n4416hb: 902 -> 919
2025-03-02 18:38:13,336 - async_checker - INFO - New episode found in n1517hp: 0 -> 75
2025-03-02 18:38:13,353 - async_checker - INFO - New episode found in n7191ga: 0 -> 290
2025-03-02 18:38:13,367 - async_checker - INFO - New episode found in n8054hu: 0 -> 80
2025-03-02 18:38:13,383 - async_checker - WARNING - Skipping n6726gs: Missing 'general_all_no'
2025-03-02 18:38:13,399 - async_checker - INFO - New episode found in n9963hu: 0 -> 999
2025-03-02 18:38:13,414 - async_checker - INFO - New episode found in n0130hx: 155 -> 156
2025-03-02 18:38:13,430 - async_checker - INFO - New episode found in n0348ib: 137 -> 165
2025-03-02 18:38:13,492 - async_checker - INFO - New episode found in n7067fp: 171 -> 191
2025-03-02 18:38:13,523 - async_checker - INFO - New episode found in n4878hn: 0 -> 110
2025-03-02 18:38:13,538 - async_checker - INFO - New episode found in n3570ic: 59 -> 100
2025-03-02 18:38:13,554 - async_checker - WARNING - Skipping n8903id: Missing 'general_all_no'
2025-03-02 18:38:13,554 - async_checker - INFO - New episode found in n6007df: 0 -> 508
2025-03-02 18:38:13,569 - async_checker - INFO - New episode found in n8875hv: 0 -> 87
2025-03-02 18:38:13,584 - async_checker - INFO - New episode found in n6788hd: 0 -> 153
2025-03-02 18:38:13,600 - async_checker - INFO - New episode found in n6946fj: 635 -> 759
2025-03-02 18:38:13,616 - async_checker - INFO - Shinchaku: 14728033b
2025-03-02 18:38:13,616 - async_checker - INFO - Update novel n0231fn (1/3) (rating:2)
2025-03-02 18:38:13,617 - async_checker - INFO - Checking n0231fn for new episodes...
2025-03-02 18:38:13,729 - async_checker - ERROR - Error fetching episode 280 for n0231fn: Cannot connect to host ncode.syosetu.com:443 ssl:True [SSLCertVerificationError: (5, '[SSL: CERTIFICATE_VERIFY_FAILED] certificate verify failed: self-signed certificate in certificate chain (_ssl.c:1028)')]
2025-03-02 18:38:15,841 - async_checker - ERROR - Error fetching episode 280 for n0231fn: Cannot connect to host ncode.syosetu.com:443 ssl:True [SSLCertVerificationError: (5, '[SSL: CERTIFICATE_VERIFY_FAILED] certificate verify failed: self-signed certificate in certificate chain (_ssl.c:1028)')]
2025-03-02 18:38:17,922 - async_checker - ERROR - Error fetching episode 280 for n0231fn: Cannot connect to host ncode.syosetu.com:443 ssl:True [SSLCertVerificationError: (5, '[SSL: CERTIFICATE_VERIFY_FAILED] certificate verify failed: self-signed certificate in certificate chain (_ssl.c:1028)')]
2025-03-02 18:38:20,024 - async_checker - INFO - Updated n0231fn total_ep to 280
2025-03-02 18:38:20,024 - async_checker - INFO - Completed update for n0231fn with new episodes.
2025-03-02 18:38:22,011 - async_checker - INFO - Update novel n2273dh (2/3) (rating:2)
2025-03-02 18:38:22,011 - async_checker - INFO - Checking n2273dh for new episodes...
2025-03-02 18:38:22,088 - async_checker - ERROR - Error fetching episode 2173 for n2273dh: Cannot connect to host ncode.syosetu.com:443 ssl:True [SSLCertVerificationError: (5, '[SSL: CERTIFICATE_VERIFY_FAILED] certificate verify failed: self-signed certificate in certificate chain (_ssl.c:1028)')]
2025-03-02 18:38:24,194 - async_checker - ERROR - Error fetching episode 2173 for n2273dh: Cannot connect to host ncode.syosetu.com:443 ssl:True [SSLCertVerificationError: (5, '[SSL: CERTIFICATE_VERIFY_FAILED] certificate verify failed: self-signed certificate in certificate chain (_ssl.c:1028)')]
2025-03-02 18:38:26,272 - async_checker - ERROR - Error fetching episode 2173 for n2273dh: Cannot connect to host ncode.syosetu.com:443 ssl:True [SSLCertVerificationError: (5, '[SSL: CERTIFICATE_VERIFY_FAILED] certificate verify failed: self-signed certificate in certificate chain (_ssl.c:1028)')]
2025-03-02 18:38:28,365 - async_checker - INFO - Updated n2273dh total_ep to 2173
2025-03-02 18:38:28,366 - async_checker - INFO - Completed update for n2273dh with new episodes.
2025-03-02 18:38:30,259 - async_checker - INFO - Update novel n6804dy (3/3) (rating:1)
2025-03-02 18:38:30,259 - async_checker - INFO - Checking n6804dy for new episodes...
2025-03-02 18:38:30,338 - async_checker - ERROR - Error fetching episode 133 for n6804dy: Cannot connect to host novel18.syosetu.com:443 ssl:True [SSLCertVerificationError: (5, '[SSL: CERTIFICATE_VERIFY_FAILED] certificate verify failed: self-signed certificate in certificate chain (_ssl.c:1028)')]
2025-03-02 18:38:32,402 - async_checker - ERROR - Error fetching episode 133 for n6804dy: Cannot connect to host novel18.syosetu.com:443 ssl:True [SSLCertVerificationError: (5, '[SSL: CERTIFICATE_VERIFY_FAILED] certificate verify failed: self-signed certificate in certificate chain (_ssl.c:1028)')]
2025-03-02 18:38:34,473 - async_checker - ERROR - Error fetching episode 133 for n6804dy: Cannot connect to host novel18.syosetu.com:443 ssl:True [SSLCertVerificationError: (5, '[SSL: CERTIFICATE_VERIFY_FAILED] certificate verify failed: self-signed certificate in certificate chain (_ssl.c:1028)')]
2025-03-02 18:38:36,573 - async_checker - INFO - Updated n6804dy total_ep to 133
2025-03-02 18:38:36,573 - async_checker - INFO - Completed update for n6804dy with new episodes.
2025-03-02 18:38:38,442 - async_checker - INFO - Updated 0/3 novels
2025-03-02 18:38:38,442 - async_checker - INFO - Check_shinchaku...
2025-03-02 18:38:38,534 - async_checker - WARNING - Skipping n8299gs: Missing 'general_all_no'
2025-03-02 18:38:38,549 - async_checker - WARNING - Skipping n0383dn: Missing 'general_all_no'
2025-03-02 18:38:39,371 - async_checker - WARNING - Skipping n3453gf: Missing 'general_all_no'
2025-03-02 18:38:39,729 - async_checker - WARNING - Skipping n1736gq: Missing 'general_all_no'
2025-03-02 18:38:39,743 - async_checker - WARNING - Skipping n3666gx: Missing 'general_all_no'
2025-03-02 18:38:39,774 - async_checker - WARNING - Skipping n0427fk: Missing 'general_all_no'
2025-03-02 18:38:39,944 - async_checker - WARNING - Skipping n1544gv: Missing 'general_all_no'
2025-03-02 18:38:39,975 - async_checker - WARNING - Skipping n3738gp: Missing 'general_all_no'
2025-03-02 18:38:40,486 - async_checker - WARNING - Skipping n9727gq: Missing 'general_all_no'
2025-03-02 18:38:40,517 - async_checker - INFO - New episode found in n0231fn: 279 -> 280
2025-03-02 18:38:40,594 - async_checker - WARNING - Why? n9045gx has 20 episodes but 14 episodes are available.
2025-03-02 18:38:40,717 - async_checker - INFO - New episode found in n2273dh: 2172 -> 2173
2025-03-02 18:38:40,888 - async_checker - WARNING - Why? n4729ha has 12 episodes but 11 episodes are available.
2025-03-02 18:38:41,182 - async_checker - WARNING - Skipping n9370gj: Missing 'general_all_no'
2025-03-02 18:38:41,229 - async_checker - WARNING - Skipping n3492gx: Missing 'general_all_no'
2025-03-02 18:38:41,492 - async_checker - WARNING - Why? n4521hd has 55 episodes but 41 episodes are available.
2025-03-02 18:38:41,524 - async_checker - WARNING - Skipping n7883gv: Missing 'general_all_no'
2025-03-02 18:38:41,539 - async_checker - INFO - New episode found in n6804dy: 132 -> 133
2025-03-02 18:38:41,817 - async_checker - WARNING - Skipping n3652gi: Missing 'general_all_no'
2025-03-02 18:38:42,142 - async_checker - WARNING - Skipping n6306gz: Missing 'general_all_no'
2025-03-02 18:38:42,204 - async_checker - WARNING - Skipping n0977fn: Missing 'general_all_no'
2025-03-02 18:38:42,420 - async_checker - WARNING - Skipping n5869hf: Missing 'general_all_no'
2025-03-02 18:38:42,467 - async_checker - WARNING - Skipping n2608gt: Missing 'general_all_no'
2025-03-02 18:38:42,483 - async_checker - WARNING - Skipping n7298hc: Missing 'general_all_no'
2025-03-02 18:38:42,514 - async_checker - WARNING - Skipping n5876gq: Missing 'general_all_no'
2025-03-02 18:38:42,853 - async_checker - WARNING - Skipping n7523hi: Missing 'general_all_no'
2025-03-02 18:38:42,884 - async_checker - INFO - New episode found in n5327hj: 217 -> 218
2025-03-02 18:38:42,946 - async_checker - WARNING - Why? n3363gt has 86 episodes but 85 episodes are available.
2025-03-02 18:38:43,396 - async_checker - WARNING - Skipping n6927ho: Missing 'general_all_no'
2025-03-02 18:38:43,613 - async_checker - WARNING - Skipping n9114hk: Missing 'general_all_no'
2025-03-02 18:38:43,674 - async_checker - WARNING - Skipping n8736hf: Missing 'general_all_no'
2025-03-02 18:38:43,782 - async_checker - WARNING - Skipping n2933hr: Missing 'general_all_no'
2025-03-02 18:38:43,782 - async_checker - WARNING - Skipping n6919hm: Missing 'general_all_no'
2025-03-02 18:38:43,798 - async_checker - WARNING - Skipping n3205hg: Missing 'general_all_no'
2025-03-02 18:38:43,999 - async_checker - WARNING - Skipping n0953hm: Missing 'general_all_no'
2025-03-02 18:38:44,029 - async_checker - WARNING - Skipping n7467hq: Missing 'general_all_no'
2025-03-02 18:38:44,138 - async_checker - INFO - New episode found in n0122hn: 620 -> 621
2025-03-02 18:38:44,247 - async_checker - WARNING - Skipping n6040hn: Missing 'general_all_no'
2025-03-02 18:38:44,324 - async_checker - WARNING - Skipping n1621fv: Missing 'general_all_no'
2025-03-02 18:38:44,510 - async_checker - WARNING - Skipping n2000hq: Missing 'general_all_no'
2025-03-02 18:38:44,510 - async_checker - WARNING - Skipping n2561hr: Missing 'general_all_no'
2025-03-02 18:38:44,667 - async_checker - WARNING - Skipping n9414gw: Missing 'general_all_no'
2025-03-02 18:38:44,682 - async_checker - WARNING - Skipping n6278hj: Missing 'general_all_no'
2025-03-02 18:38:44,821 - async_checker - WARNING - Skipping n5419hv: Missing 'general_all_no'
2025-03-02 18:38:45,100 - async_checker - INFO - New episode found in n4434ds: 2518 -> 2519
2025-03-02 18:38:45,332 - async_checker - INFO - New episode found in n0768gj: 709 -> 710
2025-03-02 18:38:45,564 - async_checker - INFO - New episode found in n8552w: 765 -> 766
2025-03-02 18:38:45,596 - async_checker - WARNING - Skipping n3630hw: Missing 'general_all_no'
2025-03-02 18:38:45,951 - async_checker - WARNING - Skipping n9812hc: Missing 'general_all_no'
2025-03-02 18:38:45,982 - async_checker - WARNING - Skipping n6303hs: Missing 'general_all_no'
2025-03-02 18:38:46,153 - async_checker - WARNING - Skipping n6617hs: Missing 'general_all_no'
2025-03-02 18:38:46,356 - async_checker - WARNING - Why? n5304ho has 21 episodes but 4 episodes are available.
2025-03-02 18:38:46,370 - async_checker - WARNING - Skipping n9380hw: Missing 'general_all_no'
2025-03-02 18:38:46,665 - async_checker - WARNING - Skipping n8921hx: Missing 'general_all_no'
2025-03-02 18:38:46,912 - async_checker - WARNING - Why? n7470hu has 12 episodes but 11 episodes are available.
2025-03-02 18:38:47,439 - async_checker - WARNING - Skipping n5084ib: Missing 'general_all_no'
2025-03-02 18:38:47,439 - async_checker - WARNING - Skipping n1348ib: Missing 'general_all_no'
2025-03-02 18:38:47,547 - async_checker - WARNING - Skipping n5856hz: Missing 'general_all_no'
2025-03-02 18:38:47,972 - async_checker - WARNING - Skipping n6060fi: Missing 'general_all_no'
2025-03-02 18:38:48,195 - async_checker - WARNING - Skipping n5899hv: Missing 'general_all_no'
2025-03-02 18:38:48,195 - async_checker - WARNING - Skipping n8028hv: Missing 'general_all_no'
2025-03-02 18:38:48,196 - async_checker - WARNING - Skipping n8793hv: Missing 'general_all_no'
2025-03-02 18:38:48,196 - async_checker - WARNING - Skipping n0657hv: Missing 'general_all_no'
2025-03-02 18:38:48,196 - async_checker - WARNING - Skipping n1818hr: Missing 'general_all_no'
2025-03-02 18:38:48,196 - async_checker - WARNING - Skipping n7737hq: Missing 'general_all_no'
2025-03-02 18:38:48,196 - async_checker - WARNING - Skipping n5409hq: Missing 'general_all_no'
2025-03-02 18:38:48,196 - async_checker - WARNING - Skipping n1543hq: Missing 'general_all_no'
2025-03-02 18:38:48,196 - async_checker - WARNING - Skipping n8201hp: Missing 'general_all_no'
2025-03-02 18:38:48,196 - async_checker - WARNING - Skipping n3059hl: Missing 'general_all_no'
2025-03-02 18:38:48,197 - async_checker - WARNING - Skipping n6047hm: Missing 'general_all_no'
2025-03-02 18:38:48,197 - async_checker - WARNING - Skipping n0514hm: Missing 'general_all_no'
2025-03-02 18:38:48,197 - async_checker - WARNING - Skipping n6713hk: Missing 'general_all_no'
2025-03-02 18:38:48,197 - async_checker - WARNING - Skipping n5657hi: Missing 'general_all_no'
2025-03-02 18:38:48,535 - async_checker - WARNING - Skipping n7455ho: Missing 'general_all_no'
2025-03-02 18:38:49,448 - async_checker - WARNING - Why? n3242hy has 189 episodes but 80 episodes are available.
2025-03-02 18:38:49,602 - async_checker - INFO - New episode found in n8376eu: 359 -> 360
2025-03-02 18:38:49,958 - async_checker - WARNING - Skipping n8701gp: Missing 'general_all_no'
2025-03-02 18:38:50,143 - async_checker - INFO - New episode found in n3132gq: 756 -> 757
2025-03-02 18:38:50,267 - async_checker - INFO - New episode found in n7491fi: 449 -> 450
2025-03-02 18:38:50,749 - async_checker - WARNING - Skipping n9831gm: Missing 'general_all_no'
2025-03-02 18:38:50,749 - async_checker - WARNING - Skipping n2662ca: Missing 'general_all_no'
2025-03-02 18:38:50,795 - async_checker - WARNING - Skipping n2964gd: Missing 'general_all_no'
2025-03-02 18:38:51,259 - async_checker - WARNING - Skipping n8301dp: Missing 'general_all_no'
2025-03-02 18:38:51,289 - async_checker - WARNING - Skipping n4530gp: Missing 'general_all_no'
2025-03-02 18:38:51,399 - async_checker - INFO - New episode found in n9433gn: 458 -> 459
2025-03-02 18:38:51,430 - async_checker - WARNING - Skipping n1926fm: Missing 'general_all_no'
2025-03-02 18:38:51,554 - async_checker - WARNING - Skipping n8873gs: Missing 'general_all_no'
2025-03-02 18:38:51,554 - async_checker - WARNING - Skipping n9887fv: Missing 'general_all_no'
2025-03-02 18:38:51,554 - async_checker - WARNING - Skipping n1419ft: Missing 'general_all_no'
2025-03-02 18:38:51,740 - async_checker - WARNING - Skipping n4483dj: Missing 'general_all_no'
2025-03-02 18:38:51,756 - async_checker - WARNING - Skipping n4474gs: Missing 'general_all_no'
2025-03-02 18:38:51,925 - async_checker - WARNING - Skipping n0727gu: Missing 'general_all_no'
2025-03-02 18:38:51,941 - async_checker - WARNING - Skipping n6354gu: Missing 'general_all_no'
2025-03-02 18:38:51,972 - async_checker - INFO - New episode found in n3504fx: 371 -> 372
2025-03-02 18:38:52,034 - async_checker - WARNING - Skipping n7874gd: Missing 'general_all_no'
2025-03-02 18:38:52,080 - async_checker - INFO - New episode found in n5635fz: 216 -> 217
2025-03-02 18:38:52,188 - async_checker - WARNING - Skipping n4146fm: Missing 'general_all_no'
2025-03-02 18:38:52,236 - async_checker - WARNING - Skipping n6742gx: Missing 'general_all_no'
2025-03-02 18:38:52,236 - async_checker - INFO - New episode found in n5130er: 160 -> 161
2025-03-02 18:38:52,393 - async_checker - WARNING - Skipping n7782gv: Missing 'general_all_no'
2025-03-02 18:38:52,393 - async_checker - INFO - New episode found in n1929hb: 130 -> 131
2025-03-02 18:38:52,734 - async_checker - INFO - New episode found in n0083gg: 536 -> 538
2025-03-02 18:38:52,781 - async_checker - INFO - New episode found in n2924ha: 85 -> 88
2025-03-02 18:38:52,796 - async_checker - WARNING - Skipping n1006gz: Missing 'general_all_no'
2025-03-02 18:38:52,858 - async_checker - WARNING - Skipping n4614fi: Missing 'general_all_no'
2025-03-02 18:38:52,905 - async_checker - INFO - New episode found in n5847gk: 37 -> 38
2025-03-02 18:38:52,952 - async_checker - WARNING - Skipping n6170fu: Missing 'general_all_no'
2025-03-02 18:38:52,982 - async_checker - WARNING - Skipping n1751gl: Missing 'general_all_no'
2025-03-02 18:38:53,029 - async_checker - WARNING - Skipping n8276gp: Missing 'general_all_no'
2025-03-02 18:38:53,060 - async_checker - INFO - New episode found in n9195hf: 271 -> 274
2025-03-02 18:38:53,137 - async_checker - INFO - New episode found in n1258gq: 160 -> 161
2025-03-02 18:38:53,153 - async_checker - WARNING - Skipping n1580gh: Missing 'general_all_no'
2025-03-02 18:38:53,153 - async_checker - INFO - New episode found in n2361gc: 300 -> 301
2025-03-02 18:38:53,168 - async_checker - INFO - New episode found in n5794gb: 144 -> 145
2025-03-02 18:38:53,199 - async_checker - WARNING - Skipping n8465hc: Missing 'general_all_no'
2025-03-02 18:38:53,262 - async_checker - WARNING - Skipping n1630gr: Missing 'general_all_no'
2025-03-02 18:38:53,278 - async_checker - WARNING - Skipping n0793hd: Missing 'general_all_no'
2025-03-02 18:38:53,293 - async_checker - INFO - New episode found in n8205he: 99 -> 102
2025-03-02 18:38:53,386 - async_checker - INFO - New episode found in n8077gw: 944 -> 945
2025-03-02 18:38:53,432 - async_checker - INFO - New episode found in n9367hd: 136 -> 137
2025-03-02 18:38:53,463 - async_checker - WARNING - Skipping n3290hh: Missing 'general_all_no'
2025-03-02 18:38:53,633 - async_checker - INFO - New episode found in n4478dy: 1341 -> 1342
2025-03-02 18:38:53,678 - async_checker - WARNING - Skipping n0697gs: Missing 'general_all_no'
2025-03-02 18:38:53,679 - async_checker - WARNING - Skipping n3428bs: Missing 'general_all_no'
2025-03-02 18:38:53,693 - async_checker - INFO - New episode found in n4694ep: 260 -> 261
2025-03-02 18:38:53,786 - async_checker - INFO - New episode found in n7147fv: 103 -> 105
2025-03-02 18:38:53,802 - async_checker - INFO - New episode found in n3367en: 0 -> 341
2025-03-02 18:38:53,817 - async_checker - INFO - New episode found in n6682ca: 0 -> 268
2025-03-02 18:38:53,833 - async_checker - INFO - New episode found in n8997fn: 0 -> 126
2025-03-02 18:38:53,848 - async_checker - INFO - New episode found in n5921fa: 0 -> 357
2025-03-02 18:38:53,864 - async_checker - INFO - New episode found in n3062hf: 0 -> 944
2025-03-02 18:38:53,879 - async_checker - INFO - New episode found in n1539gd: 0 -> 227
2025-03-02 18:38:53,895 - async_checker - INFO - New episode found in n6291fr: 0 -> 161
2025-03-02 18:38:53,910 - async_checker - INFO - New episode found in n7895gi: 0 -> 211
2025-03-02 18:38:53,926 - async_checker - INFO - New episode found in n0457hd: 0 -> 387
2025-03-02 18:38:53,941 - async_checker - INFO - New episode found in n7937gl: 0 -> 108
2025-03-02 18:38:53,957 - async_checker - INFO - New episode found in n5053gh: 0 -> 426
2025-03-02 18:38:53,972 - async_checker - INFO - New episode found in n5675cz: 0 -> 200
2025-03-02 18:38:53,988 - async_checker - INFO - New episode found in n6486ha: 0 -> 148
2025-03-02 18:38:54,003 - async_checker - INFO - New episode found in n8106fx: 0 -> 105
2025-03-02 18:38:54,019 - async_checker - INFO - New episode found in n1374gu: 0 -> 225
2025-03-02 18:38:54,033 - async_checker - INFO - New episode found in n8897ff: 0 -> 272
2025-03-02 18:38:54,049 - async_checker - INFO - New episode found in n1022ha: 0 -> 418
2025-03-02 18:38:54,064 - async_checker - INFO - New episode found in n3800fc: 0 -> 172
2025-03-02 18:38:54,080 - async_checker - INFO - New episode found in n8970fy: 0 -> 211
2025-03-02 18:38:54,095 - async_checker - INFO - New episode found in n0719hb: 0 -> 87
2025-03-02 18:38:54,110 - async_checker - INFO - New episode found in n4521dv: 0 -> 777
2025-03-02 18:38:54,126 - async_checker - INFO - New episode found in n6662hd: 0 -> 96
2025-03-02 18:38:54,142 - async_checker - INFO - New episode found in n8206dd: 0 -> 449
2025-03-02 18:38:54,157 - async_checker - INFO - New episode found in n7693ci: 0 -> 460
2025-03-02 18:38:54,173 - async_checker - INFO - New episode found in n0356go: 0 -> 334
2025-03-02 18:38:54,188 - async_checker - INFO - New episode found in n9380gb: 0 -> 51
2025-03-02 18:38:54,204 - async_checker - INFO - New episode found in n3822hj: 0 -> 104
2025-03-02 18:38:54,219 - async_checker - INFO - New episode found in n1655hl: 0 -> 43
2025-03-02 18:38:54,235 - async_checker - INFO - New episode found in n2332et: 0 -> 208
2025-03-02 18:38:54,250 - async_checker - INFO - New episode found in n5914cz: 0 -> 370
2025-03-02 18:38:54,265 - async_checker - INFO - New episode found in n9835ed: 0 -> 304
2025-03-02 18:38:54,280 - async_checker - INFO - New episode found in n2565ey: 0 -> 334
2025-03-02 18:38:54,296 - async_checker - INFO - New episode found in n7789ed: 0 -> 290
2025-03-02 18:38:54,311 - async_checker - INFO - New episode found in n4211ga: 0 -> 56
2025-03-02 18:38:54,327 - async_checker - INFO - New episode found in n2125hb: 0 -> 57
2025-03-02 18:38:54,342 - async_checker - INFO - New episode found in n7126cq: 0 -> 104
2025-03-02 18:38:54,358 - async_checker - INFO - New episode found in n6930gj: 0 -> 136
2025-03-02 18:38:54,374 - async_checker - INFO - New episode found in n6709fy: 0 -> 47
2025-03-02 18:38:54,389 - async_checker - INFO - New episode found in n0553gi: 0 -> 551
2025-03-02 18:38:54,405 - async_checker - INFO - New episode found in n1949gs: 0 -> 184
2025-03-02 18:38:54,420 - async_checker - INFO - New episode found in n8810eu: 0 -> 1058
2025-03-02 18:38:54,436 - async_checker - INFO - New episode found in n7808hc: 0 -> 195
2025-03-02 18:38:54,452 - async_checker - INFO - New episode found in n2128cv: 0 -> 57
2025-03-02 18:38:54,468 - async_checker - INFO - New episode found in n3176fn: 0 -> 1269
2025-03-02 18:38:54,483 - async_checker - INFO - New episode found in n6782hh: 0 -> 43
2025-03-02 18:38:54,499 - async_checker - INFO - New episode found in n0273dt: 0 -> 325
2025-03-02 18:38:54,514 - async_checker - INFO - New episode found in n7331fr: 0 -> 283
2025-03-02 18:38:54,529 - async_checker - INFO - New episode found in n0902hj: 0 -> 87
2025-03-02 18:38:54,544 - async_checker - INFO - New episode found in n5325fx: 0 -> 216
2025-03-02 18:38:54,560 - async_checker - INFO - New episode found in n6404hk: 0 -> 183
2025-03-02 18:38:54,575 - async_checker - INFO - New episode found in n8773hi: 0 -> 134
2025-03-02 18:38:54,591 - async_checker - WARNING - Skipping n5641gz: Missing 'general_all_no'
2025-03-02 18:38:54,592 - async_checker - INFO - New episode found in n9050gp: 0 -> 34
2025-03-02 18:38:54,606 - async_checker - INFO - New episode found in n8731gs: 0 -> 392
2025-03-02 18:38:54,622 - async_checker - INFO - New episode found in n5240gb: 0 -> 118
2025-03-02 18:38:54,637 - async_checker - INFO - New episode found in n6030ho: 0 -> 172
2025-03-02 18:38:54,653 - async_checker - INFO - New episode found in n1901hd: 0 -> 37
2025-03-02 18:38:54,668 - async_checker - INFO - New episode found in n4589fo: 0 -> 74
2025-03-02 18:38:54,684 - async_checker - INFO - New episode found in n8604m: 0 -> 59
2025-03-02 18:38:54,699 - async_checker - INFO - New episode found in n2695fs: 0 -> 56
2025-03-02 18:38:54,715 - async_checker - INFO - New episode found in n4670fp: 0 -> 373
2025-03-02 18:38:54,730 - async_checker - INFO - New episode found in n8082gs: 0 -> 74
2025-03-02 18:38:54,746 - async_checker - INFO - New episode found in n8941eq: 0 -> 43
2025-03-02 18:38:54,761 - async_checker - INFO - New episode found in n0307ht: 0 -> 30
2025-03-02 18:38:54,777 - async_checker - INFO - New episode found in n1583gn: 0 -> 39
2025-03-02 18:38:54,793 - async_checker - INFO - New episode found in n7488hk: 0 -> 100
2025-03-02 18:38:54,808 - async_checker - INFO - New episode found in n9481gd: 0 -> 188
2025-03-02 18:38:54,823 - async_checker - INFO - New episode found in n1755ht: 0 -> 1
2025-03-02 18:38:54,839 - async_checker - INFO - New episode found in n3816hr: 0 -> 556
2025-03-02 18:38:54,855 - async_checker - WARNING - Skipping n6379gv: Missing 'general_all_no'
2025-03-02 18:38:54,855 - async_checker - WARNING - Skipping n3545ht: Missing 'general_all_no'
2025-03-02 18:38:54,856 - async_checker - INFO - New episode found in n2583fy: 0 -> 430
2025-03-02 18:38:54,870 - async_checker - INFO - New episode found in n4690ek: 0 -> 443
2025-03-02 18:38:54,886 - async_checker - INFO - New episode found in n1320gz: 0 -> 63
2025-03-02 18:38:54,902 - async_checker - INFO - New episode found in n3141ft: 0 -> 61
2025-03-02 18:38:54,917 - async_checker - INFO - New episode found in n6820hp: 0 -> 110
2025-03-02 18:38:54,933 - async_checker - INFO - New episode found in n1481fo: 0 -> 116
2025-03-02 18:38:54,949 - async_checker - INFO - New episode found in n2353hi: 0 -> 1487
2025-03-02 18:38:54,964 - async_checker - INFO - New episode found in n7100hg: 0 -> 586
2025-03-02 18:38:54,980 - async_checker - INFO - New episode found in n4269cp: 0 -> 304
2025-03-02 18:38:54,995 - async_checker - INFO - New episode found in n1887gp: 0 -> 116
2025-03-02 18:38:55,011 - async_checker - INFO - New episode found in n9116gx: 0 -> 90
2025-03-02 18:38:55,026 - async_checker - INFO - New episode found in n5297cv: 0 -> 104
2025-03-02 18:38:55,041 - async_checker - INFO - New episode found in n6629gg: 0 -> 107
2025-03-02 18:38:55,057 - async_checker - INFO - New episode found in n6975hb: 0 -> 411
2025-03-02 18:38:55,072 - async_checker - INFO - New episode found in n3655hl: 0 -> 471
2025-03-02 18:38:55,088 - async_checker - INFO - New episode found in n7135cx: 0 -> 677
2025-03-02 18:38:55,104 - async_checker - INFO - New episode found in n3185dg: 0 -> 573
2025-03-02 18:38:55,119 - async_checker - WARNING - Skipping n5071hj: Missing 'general_all_no'
2025-03-02 18:38:55,120 - async_checker - INFO - New episode found in n4676ht: 0 -> 33
2025-03-02 18:38:55,136 - async_checker - INFO - New episode found in n9641he: 0 -> 123
2025-03-02 18:38:55,151 - async_checker - INFO - New episode found in n5808gh: 0 -> 28
2025-03-02 18:38:55,166 - async_checker - INFO - New episode found in n0379el: 0 -> 254
2025-03-02 18:38:55,182 - async_checker - INFO - New episode found in n1667hv: 0 -> 43
2025-03-02 18:38:55,197 - async_checker - INFO - New episode found in n4419hs: 0 -> 108
2025-03-02 18:38:55,213 - async_checker - INFO - New episode found in n5600fr: 0 -> 162
2025-03-02 18:38:55,228 - async_checker - WARNING - Skipping n2443hv: Missing 'general_all_no'
2025-03-02 18:38:55,244 - async_checker - INFO - New episode found in n2605br: 0 -> 302
2025-03-02 18:38:55,259 - async_checker - INFO - New episode found in n2853hf: 0 -> 36
2025-03-02 18:38:55,274 - async_checker - INFO - New episode found in n7038hv: 0 -> 76
2025-03-02 18:38:55,290 - async_checker - INFO - New episode found in n2754gt: 0 -> 48
2025-03-02 18:38:55,306 - async_checker - INFO - New episode found in n5027hz: 0 -> 10
2025-03-02 18:38:55,320 - async_checker - INFO - New episode found in n8841ej: 0 -> 11
2025-03-02 18:38:55,353 - async_checker - WARNING - Skipping n0509fx: Missing 'general_all_no'
2025-03-02 18:38:55,353 - async_checker - INFO - New episode found in n6779hw: 0 -> 45
2025-03-02 18:38:55,368 - async_checker - INFO - New episode found in n0620fa: 0 -> 53
2025-03-02 18:38:55,384 - async_checker - WARNING - Skipping n1694ia: Missing 'general_all_no'
2025-03-02 18:38:55,385 - async_checker - WARNING - Skipping n0835hs: Missing 'general_all_no'
2025-03-02 18:38:55,385 - async_checker - INFO - New episode found in n2151hu: 0 -> 312
2025-03-02 18:38:55,399 - async_checker - INFO - New episode found in n6142hg: 0 -> 52
2025-03-02 18:38:55,415 - async_checker - INFO - New episode found in n4305ev: 0 -> 985
2025-03-02 18:38:55,430 - async_checker - INFO - New episode found in n5990gv: 0 -> 88
2025-03-02 18:38:55,446 - async_checker - WARNING - Skipping n6654ic: Missing 'general_all_no'
2025-03-02 18:38:55,446 - async_checker - INFO - New episode found in n4416hb: 902 -> 919
2025-03-02 18:38:55,461 - async_checker - INFO - New episode found in n1517hp: 0 -> 75
2025-03-02 18:38:55,477 - async_checker - INFO - New episode found in n7191ga: 0 -> 290
2025-03-02 18:38:55,492 - async_checker - INFO - New episode found in n8054hu: 0 -> 80
2025-03-02 18:38:55,508 - async_checker - WARNING - Skipping n6726gs: Missing 'general_all_no'
2025-03-02 18:38:55,523 - async_checker - INFO - New episode found in n9963hu: 0 -> 999
2025-03-02 18:38:55,539 - async_checker - INFO - New episode found in n0130hx: 155 -> 156
2025-03-02 18:38:55,555 - async_checker - INFO - New episode found in n0348ib: 137 -> 165
2025-03-02 18:38:55,617 - async_checker - INFO - New episode found in n7067fp: 171 -> 191
2025-03-02 18:38:55,648 - async_checker - INFO - New episode found in n4878hn: 0 -> 110
2025-03-02 18:38:55,663 - async_checker - INFO - New episode found in n3570ic: 59 -> 100
2025-03-02 18:38:55,679 - async_checker - WARNING - Skipping n8903id: Missing 'general_all_no'
2025-03-02 18:38:55,679 - async_checker - INFO - New episode found in n6007df: 0 -> 508
2025-03-02 18:38:55,695 - async_checker - INFO - New episode found in n8875hv: 0 -> 87
2025-03-02 18:38:55,710 - async_checker - INFO - New episode found in n6788hd: 0 -> 153
2025-03-02 18:38:55,726 - async_checker - INFO - New episode found in n6946fj: 635 -> 759
2025-03-02 18:38:55,741 - async_checker - INFO - Shinchaku: 14728033b
2025-04-03 21:35:20,910 - background_executor - INFO - Async loop initialized in background thread
