2025-04-05 22:08:17,590 - DatabaseHandler - INFO - DatabaseHandlerが初期化されました
2025-04-05 22:09:31,195 - DatabaseHandler - INFO - DatabaseHandlerが初期化されました
2025-04-05 22:09:31,202 - EpisodeCleanup - INFO - 小説 n8399gu のエピソードクリーンアップを開始
2025-04-05 22:09:48,445 - EpisodeCleanup - INFO - 小説 n8399gu の重複エピソードを分析しました
2025-04-05 22:09:48,445 - EpisodeCleanup - INFO - 小説 n8399gu のエピソードクリーンアップが完了しました
2025-04-05 22:09:48,446 - EpisodeCleanup - INFO - 小説 n8120gp のエピソードクリーンアップを開始
2025-04-05 22:09:49,481 - EpisodeCleanup - INFO - 小説 n8120gp の重複エピソードを分析しました
2025-04-05 22:09:49,481 - EpisodeCleanup - INFO - 小説 n8120gp のエピソードクリーンアップが完了しました
2025-04-05 22:09:49,482 - EpisodeCleanup - INFO - 小説 n3406ek のエピソードクリーンアップを開始
2025-04-05 22:09:51,492 - EpisodeCleanup - INFO - 小説 n3406ek の重複エピソードを分析しました
2025-04-05 22:09:51,492 - EpisodeCleanup - INFO - 小説 n3406ek のエピソードクリーンアップが完了しました
2025-04-05 22:09:51,494 - EpisodeCleanup - INFO - 小説 n8030gl のエピソードクリーンアップを開始
2025-04-05 22:09:52,594 - EpisodeCleanup - INFO - 小説 n8030gl の重複エピソードを分析しました
2025-04-05 22:09:52,595 - EpisodeCleanup - INFO - 小説 n8030gl のエピソードクリーンアップが完了しました
2025-04-05 22:09:52,596 - EpisodeCleanup - INFO - 小説 n8920ex のエピソードクリーンアップを開始
2025-04-05 22:09:54,520 - EpisodeCleanup - INFO - 小説 n8920ex の重複エピソードを分析しました
2025-04-05 22:09:54,520 - EpisodeCleanup - INFO - 小説 n8920ex のエピソードクリーンアップが完了しました
2025-04-05 22:09:54,522 - EpisodeCleanup - INFO - 小説 n8299gs のエピソードクリーンアップを開始
2025-04-05 22:09:55,229 - EpisodeCleanup - INFO - 小説 n8299gs の重複エピソードを分析しました
2025-04-05 22:09:55,229 - EpisodeCleanup - INFO - 小説 n8299gs のエピソードクリーンアップが完了しました
2025-04-05 22:09:55,229 - EpisodeCleanup - INFO - 小説 n4269fv のエピソードクリーンアップを開始
2025-04-05 22:09:55,770 - EpisodeCleanup - INFO - 小説 n4269fv の重複エピソードを分析しました
2025-04-05 22:09:55,771 - EpisodeCleanup - INFO - 小説 n4269fv のエピソードクリーンアップが完了しました
2025-04-05 22:09:55,771 - EpisodeCleanup - INFO - 小説 n0383dn のエピソードクリーンアップを開始
2025-04-05 22:09:56,437 - EpisodeCleanup - INFO - 小説 n0383dn の重複エピソードを分析しました
2025-04-05 22:09:56,437 - EpisodeCleanup - INFO - 小説 n0383dn のエピソードクリーンアップが完了しました
2025-04-05 22:09:56,438 - EpisodeCleanup - INFO - 小説 n6066gi のエピソードクリーンアップを開始
2025-04-05 22:09:57,170 - EpisodeCleanup - INFO - 小説 n6066gi の重複エピソードを分析しました
2025-04-05 22:09:57,170 - EpisodeCleanup - INFO - 小説 n6066gi のエピソードクリーンアップが完了しました
2025-04-05 22:09:57,170 - EpisodeCleanup - INFO - 小説 n9430ge のエピソードクリーンアップを開始
2025-04-05 22:09:57,856 - EpisodeCleanup - INFO - 小説 n9430ge の重複エピソードを分析しました
2025-04-05 22:09:57,857 - EpisodeCleanup - INFO - 小説 n9430ge のエピソードクリーンアップが完了しました
2025-04-05 22:09:57,857 - EpisodeCleanup - INFO - 小説 n1792di のエピソードクリーンアップを開始
2025-04-05 22:09:58,980 - EpisodeCleanup - INFO - 小説 n1792di の重複エピソードを分析しました
2025-04-05 22:09:58,980 - EpisodeCleanup - INFO - 小説 n1792di のエピソードクリーンアップが完了しました
2025-04-05 22:09:58,982 - EpisodeCleanup - INFO - 小説 n4147dw のエピソードクリーンアップを開始
2025-04-05 22:10:01,492 - EpisodeCleanup - INFO - 小説 n4147dw の重複エピソードを分析しました
2025-04-05 22:10:01,493 - EpisodeCleanup - INFO - 小説 n4147dw のエピソード 1156 から 1 個のエントリを削除
2025-04-05 22:10:01,493 - EpisodeCleanup - INFO - 小説 n4147dw のエピソード 1157 から 1 個のエントリを削除
2025-04-05 22:10:01,493 - EpisodeCleanup - INFO - 小説 n4147dw のエピソード 1158 から 1 個のエントリを削除
2025-04-05 22:10:01,493 - EpisodeCleanup - INFO - 小説 n4147dw のエピソード 1159 から 1 個のエントリを削除
2025-04-05 22:10:01,494 - EpisodeCleanup - INFO - 小説 n4147dw のエピソード 1160 から 1 個のエントリを削除
2025-04-05 22:10:01,494 - EpisodeCleanup - INFO - 小説 n4147dw のエピソード 1161 から 1 個のエントリを削除
2025-04-05 22:10:01,494 - EpisodeCleanup - INFO - 小説 n4147dw のエピソード 1162 から 1 個のエントリを削除
2025-04-05 22:10:01,495 - EpisodeCleanup - INFO - 小説 n4147dw のエピソード 1163 から 1 個のエントリを削除
2025-04-05 22:10:01,495 - EpisodeCleanup - INFO - 小説 n4147dw のエピソード 1164 から 1 個のエントリを削除
2025-04-05 22:10:01,495 - EpisodeCleanup - INFO - 小説 n4147dw のエピソード 1165 から 1 個のエントリを削除
2025-04-05 22:10:01,495 - EpisodeCleanup - INFO - 小説 n4147dw のエピソード 1166 から 1 個のエントリを削除
2025-04-05 22:10:01,495 - EpisodeCleanup - INFO - 小説 n4147dw のエピソード 1167 から 1 個のエントリを削除
2025-04-05 22:10:01,496 - EpisodeCleanup - INFO - 小説 n4147dw のエピソード 1168 から 1 個のエントリを削除
2025-04-05 22:10:01,496 - EpisodeCleanup - INFO - 小説 n4147dw のエピソード 1169 から 1 個のエントリを削除
2025-04-05 22:10:01,496 - EpisodeCleanup - INFO - 小説 n4147dw のエピソード 1170 から 1 個のエントリを削除
2025-04-05 22:10:01,496 - EpisodeCleanup - INFO - 小説 n4147dw のエピソード 1171 から 1 個のエントリを削除
2025-04-05 22:10:01,497 - EpisodeCleanup - INFO - 小説 n4147dw のエピソード 1172 から 1 個のエントリを削除
2025-04-05 22:10:01,497 - EpisodeCleanup - INFO - 小説 n4147dw のエピソード 1173 から 1 個のエントリを削除
2025-04-05 22:10:01,497 - EpisodeCleanup - INFO - 小説 n4147dw のエピソード 1174 から 1 個のエントリを削除
2025-04-05 22:10:01,497 - EpisodeCleanup - INFO - 小説 n4147dw のエピソード 1175 から 1 個のエントリを削除
2025-04-05 22:10:01,497 - EpisodeCleanup - INFO - 小説 n4147dw のエピソード 1176 から 1 個のエントリを削除
2025-04-05 22:10:01,498 - EpisodeCleanup - INFO - 小説 n4147dw のエピソード 1177 から 1 個のエントリを削除
2025-04-05 22:10:01,498 - EpisodeCleanup - INFO - 小説 n4147dw のエピソード 1178 から 1 個のエントリを削除
2025-04-05 22:10:01,498 - EpisodeCleanup - INFO - 小説 n4147dw のエピソード 1179 から 1 個のエントリを削除
2025-04-05 22:10:01,498 - EpisodeCleanup - INFO - 小説 n4147dw のエピソード 1180 から 1 個のエントリを削除
2025-04-05 22:10:01,498 - EpisodeCleanup - INFO - 小説 n4147dw のエピソード 1181 から 1 個のエントリを削除
2025-04-05 22:10:01,499 - EpisodeCleanup - INFO - 小説 n4147dw のエピソード 1182 から 1 個のエントリを削除
2025-04-05 22:10:01,499 - EpisodeCleanup - INFO - 小説 n4147dw のエピソード 1183 から 1 個のエントリを削除
2025-04-05 22:10:01,499 - EpisodeCleanup - INFO - 小説 n4147dw のエピソード 1184 から 1 個のエントリを削除
2025-04-05 22:10:01,499 - EpisodeCleanup - INFO - 小説 n4147dw のエピソード 1185 から 1 個のエントリを削除
2025-04-05 22:10:01,500 - EpisodeCleanup - INFO - 小説 n4147dw のエピソード 1186 から 1 個のエントリを削除
2025-04-05 22:10:01,500 - EpisodeCleanup - INFO - 小説 n4147dw のエピソード 1187 から 1 個のエントリを削除
2025-04-05 22:10:01,500 - EpisodeCleanup - INFO - 小説 n4147dw のエピソード 1188 から 1 個のエントリを削除
2025-04-05 22:10:01,500 - EpisodeCleanup - INFO - 小説 n4147dw のエピソード 1189 から 1 個のエントリを削除
2025-04-05 22:10:01,501 - EpisodeCleanup - INFO - 小説 n4147dw のエピソード 1190 から 1 個のエントリを削除
2025-04-05 22:10:01,501 - EpisodeCleanup - INFO - 小説 n4147dw のエピソード 1191 から 1 個のエントリを削除
2025-04-05 22:10:01,501 - EpisodeCleanup - INFO - 小説 n4147dw のエピソード 1192 から 1 個のエントリを削除
2025-04-05 22:10:01,501 - EpisodeCleanup - INFO - 小説 n4147dw のエピソード 1193 から 1 個のエントリを削除
2025-04-05 22:10:01,501 - EpisodeCleanup - INFO - 小説 n4147dw のエピソード 1194 から 1 個のエントリを削除
2025-04-05 22:10:01,501 - EpisodeCleanup - INFO - 小説 n4147dw のエピソード 1195 から 1 個のエントリを削除
2025-04-05 22:10:01,502 - EpisodeCleanup - INFO - 小説 n4147dw のエピソード 1196 から 1 個のエントリを削除
2025-04-05 22:10:01,502 - EpisodeCleanup - INFO - 小説 n4147dw のエピソード 1197 から 1 個のエントリを削除
2025-04-05 22:10:01,502 - EpisodeCleanup - INFO - 小説 n4147dw のエピソード 1198 から 1 個のエントリを削除
2025-04-05 22:10:01,503 - EpisodeCleanup - INFO - 小説 n4147dw のエピソード 1199 から 1 個のエントリを削除
2025-04-05 22:10:01,503 - EpisodeCleanup - INFO - 小説 n4147dw のエピソード 1200 から 1 個のエントリを削除
2025-04-05 22:10:01,503 - EpisodeCleanup - INFO - 小説 n4147dw のエピソード 1201 から 1 個のエントリを削除
2025-04-05 22:10:01,504 - EpisodeCleanup - INFO - 小説 n4147dw のエピソード 1202 から 1 個のエントリを削除
2025-04-05 22:10:01,504 - EpisodeCleanup - INFO - 小説 n4147dw のエピソード 1203 から 1 個のエントリを削除
2025-04-05 22:10:01,504 - EpisodeCleanup - INFO - 小説 n4147dw のエピソード 1204 から 1 個のエントリを削除
2025-04-05 22:10:01,504 - EpisodeCleanup - INFO - 小説 n4147dw のエピソード 1205 から 1 個のエントリを削除
2025-04-05 22:10:01,504 - EpisodeCleanup - INFO - 小説 n4147dw のエピソード 1206 から 1 個のエントリを削除
2025-04-05 22:10:01,505 - EpisodeCleanup - INFO - 小説 n4147dw のエピソード 1207 から 1 個のエントリを削除
2025-04-05 22:10:01,505 - EpisodeCleanup - INFO - 小説 n4147dw のエピソード 1208 から 1 個のエントリを削除
2025-04-05 22:10:01,505 - EpisodeCleanup - INFO - 小説 n4147dw のエピソード 1209 から 1 個のエントリを削除
2025-04-05 22:10:01,505 - EpisodeCleanup - INFO - 小説 n4147dw のエピソード 1210 から 1 個のエントリを削除
2025-04-05 22:10:01,505 - EpisodeCleanup - INFO - 小説 n4147dw のエピソード 1211 から 1 個のエントリを削除
2025-04-05 22:10:01,506 - EpisodeCleanup - INFO - 小説 n4147dw のエピソード 1212 から 1 個のエントリを削除
2025-04-05 22:10:01,506 - EpisodeCleanup - INFO - 小説 n4147dw のエピソード 1213 から 1 個のエントリを削除
2025-04-05 22:10:01,506 - EpisodeCleanup - INFO - 小説 n4147dw のエピソード 1214 から 1 個のエントリを削除
2025-04-05 22:10:01,506 - EpisodeCleanup - INFO - 小説 n4147dw のエピソード 1215 から 1 個のエントリを削除
2025-04-05 22:10:01,602 - EpisodeCleanup - INFO - 小説 n4147dw のエピソードクリーンアップが完了しました
2025-04-05 22:10:01,610 - EpisodeCleanup - INFO - 小説 n0229fv のエピソードクリーンアップを開始
2025-04-05 22:10:02,937 - EpisodeCleanup - INFO - 小説 n0229fv の重複エピソードを分析しました
2025-04-05 22:10:02,937 - EpisodeCleanup - INFO - 小説 n0229fv のエピソードクリーンアップが完了しました
2025-04-05 22:10:02,938 - EpisodeCleanup - INFO - 小説 n3268gn のエピソードクリーンアップを開始
2025-04-05 22:10:03,827 - EpisodeCleanup - INFO - 小説 n3268gn の重複エピソードを分析しました
2025-04-05 22:10:03,828 - EpisodeCleanup - INFO - 小説 n3268gn のエピソード 53 から 1 個のエントリを削除
2025-04-05 22:10:03,852 - EpisodeCleanup - INFO - 小説 n3268gn のエピソードクリーンアップが完了しました
2025-04-05 22:10:03,853 - EpisodeCleanup - INFO - 小説 n5961gp のエピソードクリーンアップを開始
2025-04-05 22:10:04,448 - EpisodeCleanup - INFO - 小説 n5961gp の重複エピソードを分析しました
2025-04-05 22:10:04,449 - EpisodeCleanup - INFO - 小説 n5961gp のエピソードクリーンアップが完了しました
2025-04-05 22:10:04,449 - EpisodeCleanup - INFO - 小説 n7961gu のエピソードクリーンアップを開始
2025-04-05 22:10:04,944 - EpisodeCleanup - INFO - 小説 n7961gu の重複エピソードを分析しました
2025-04-05 22:10:04,944 - EpisodeCleanup - INFO - 小説 n7961gu のエピソードクリーンアップが完了しました
2025-04-05 22:10:04,944 - EpisodeCleanup - INFO - 小説 n7222ff のエピソードクリーンアップを開始
2025-04-05 22:10:06,087 - EpisodeCleanup - INFO - 小説 n7222ff の重複エピソードを分析しました
2025-04-05 22:10:06,087 - EpisodeCleanup - INFO - 小説 n7222ff のエピソードクリーンアップが完了しました
2025-04-05 22:10:06,088 - EpisodeCleanup - INFO - 小説 n9798ei のエピソードクリーンアップを開始
2025-04-05 22:10:08,082 - EpisodeCleanup - INFO - 小説 n9798ei の重複エピソードを分析しました
2025-04-05 22:10:08,082 - EpisodeCleanup - INFO - 小説 n9798ei のエピソードクリーンアップが完了しました
2025-04-05 22:10:08,085 - EpisodeCleanup - INFO - 小説 n2167cd のエピソードクリーンアップを開始
2025-04-05 22:10:08,862 - EpisodeCleanup - INFO - 小説 n2167cd の重複エピソードを分析しました
2025-04-05 22:10:08,862 - EpisodeCleanup - INFO - 小説 n2167cd のエピソードクリーンアップが完了しました
2025-04-05 22:10:08,864 - EpisodeCleanup - INFO - 小説 n7574fj のエピソードクリーンアップを開始
2025-04-05 22:10:09,700 - EpisodeCleanup - INFO - 小説 n7574fj の重複エピソードを分析しました
2025-04-05 22:10:09,700 - EpisodeCleanup - INFO - 小説 n7574fj のエピソードクリーンアップが完了しました
2025-04-05 22:10:09,701 - EpisodeCleanup - INFO - 小説 n9174fs のエピソードクリーンアップを開始
2025-04-05 22:10:10,809 - EpisodeCleanup - INFO - 小説 n9174fs の重複エピソードを分析しました
2025-04-05 22:10:10,809 - EpisodeCleanup - INFO - 小説 n9174fs のエピソードクリーンアップが完了しました
2025-04-05 22:10:10,810 - EpisodeCleanup - INFO - 小説 n0961db のエピソードクリーンアップを開始
2025-04-05 22:10:11,396 - EpisodeCleanup - INFO - 小説 n0961db の重複エピソードを分析しました
2025-04-05 22:10:11,396 - EpisodeCleanup - INFO - 小説 n0961db のエピソード 55 から 5 個のエントリを削除
2025-04-05 22:10:11,443 - EpisodeCleanup - INFO - 小説 n0961db のエピソードクリーンアップが完了しました
2025-04-05 22:10:11,444 - EpisodeCleanup - INFO - 小説 n5609fg のエピソードクリーンアップを開始
2025-04-05 22:10:12,458 - EpisodeCleanup - INFO - 小説 n5609fg の重複エピソードを分析しました
2025-04-05 22:10:12,458 - EpisodeCleanup - INFO - 小説 n5609fg のエピソードクリーンアップが完了しました
2025-04-05 22:10:12,460 - EpisodeCleanup - INFO - 小説 n2710db のエピソードクリーンアップを開始
2025-04-05 22:10:13,637 - EpisodeCleanup - INFO - 小説 n2710db の重複エピソードを分析しました
2025-04-05 22:10:13,638 - EpisodeCleanup - INFO - 小説 n2710db のエピソードクリーンアップが完了しました
2025-04-05 22:10:13,639 - EpisodeCleanup - INFO - 小説 n7044ff のエピソードクリーンアップを開始
2025-04-05 22:10:14,855 - EpisodeCleanup - INFO - 小説 n7044ff の重複エピソードを分析しました
2025-04-05 22:10:14,855 - EpisodeCleanup - INFO - 小説 n7044ff のエピソードクリーンアップが完了しました
2025-04-05 22:10:14,856 - EpisodeCleanup - INFO - 小説 n1062fk のエピソードクリーンアップを開始
2025-04-05 22:10:15,629 - EpisodeCleanup - INFO - 小説 n1062fk の重複エピソードを分析しました
2025-04-05 22:10:15,629 - EpisodeCleanup - INFO - 小説 n1062fk のエピソードクリーンアップが完了しました
2025-04-05 22:10:15,630 - EpisodeCleanup - INFO - 小説 n7217ei のエピソードクリーンアップを開始
2025-04-05 22:10:18,812 - EpisodeCleanup - INFO - 小説 n7217ei の重複エピソードを分析しました
2025-04-05 22:10:18,813 - EpisodeCleanup - INFO - 小説 n7217ei のエピソードクリーンアップが完了しました
2025-04-05 22:10:18,819 - EpisodeCleanup - INFO - 小説 n9618cy のエピソードクリーンアップを開始
2025-04-05 22:10:20,154 - EpisodeCleanup - INFO - 小説 n9618cy の重複エピソードを分析しました
2025-04-05 22:10:20,154 - EpisodeCleanup - INFO - 小説 n9618cy のエピソードクリーンアップが完了しました
2025-04-05 22:10:20,157 - EpisodeCleanup - INFO - 小説 n1308fc のエピソードクリーンアップを開始
2025-04-05 22:10:20,848 - EpisodeCleanup - INFO - 小説 n1308fc の重複エピソードを分析しました
2025-04-05 22:10:20,848 - EpisodeCleanup - INFO - 小説 n1308fc のエピソードクリーンアップが完了しました
2025-04-05 22:10:20,849 - EpisodeCleanup - INFO - 小説 n4342ge のエピソードクリーンアップを開始
2025-04-05 22:10:22,253 - EpisodeCleanup - INFO - 小説 n4342ge の重複エピソードを分析しました
2025-04-05 22:10:22,253 - EpisodeCleanup - INFO - 小説 n4342ge のエピソードクリーンアップが完了しました
2025-04-05 22:10:22,254 - EpisodeCleanup - INFO - 小説 n1453gg のエピソードクリーンアップを開始
2025-04-05 22:10:22,887 - EpisodeCleanup - INFO - 小説 n1453gg の重複エピソードを分析しました
2025-04-05 22:10:22,888 - EpisodeCleanup - INFO - 小説 n1453gg のエピソードクリーンアップが完了しました
2025-04-05 22:10:22,888 - EpisodeCleanup - INFO - 小説 n6370ds のエピソードクリーンアップを開始
2025-04-05 22:10:23,767 - EpisodeCleanup - INFO - 小説 n6370ds の重複エピソードを分析しました
2025-04-05 22:10:23,767 - EpisodeCleanup - INFO - 小説 n6370ds のエピソードクリーンアップが完了しました
2025-04-05 22:10:23,769 - EpisodeCleanup - INFO - 小説 n7339gp のエピソードクリーンアップを開始
2025-04-05 22:10:24,311 - EpisodeCleanup - INFO - 小説 n7339gp の重複エピソードを分析しました
2025-04-05 22:10:24,311 - EpisodeCleanup - INFO - 小説 n7339gp のエピソードクリーンアップが完了しました
2025-04-05 22:10:24,311 - EpisodeCleanup - INFO - 小説 n0455ga のエピソードクリーンアップを開始
2025-04-05 22:10:25,065 - EpisodeCleanup - INFO - 小説 n0455ga の重複エピソードを分析しました
2025-04-05 22:10:25,065 - EpisodeCleanup - INFO - 小説 n0455ga のエピソードクリーンアップが完了しました
2025-04-05 22:10:25,066 - EpisodeCleanup - INFO - 小説 n6461eq のエピソードクリーンアップを開始
2025-04-05 22:10:26,212 - EpisodeCleanup - INFO - 小説 n6461eq の重複エピソードを分析しました
2025-04-05 22:10:26,213 - EpisodeCleanup - INFO - 小説 n6461eq のエピソードクリーンアップが完了しました
2025-04-05 22:10:26,214 - EpisodeCleanup - INFO - 小説 n5419go のエピソードクリーンアップを開始
2025-04-05 22:10:26,719 - EpisodeCleanup - INFO - 小説 n5419go の重複エピソードを分析しました
2025-04-05 22:10:26,719 - EpisodeCleanup - INFO - 小説 n5419go のエピソードクリーンアップが完了しました
2025-04-05 22:10:26,719 - EpisodeCleanup - INFO - 小説 n8002gk のエピソードクリーンアップを開始
2025-04-05 22:10:28,629 - EpisodeCleanup - INFO - 小説 n8002gk の重複エピソードを分析しました
2025-04-05 22:10:28,629 - EpisodeCleanup - INFO - 小説 n8002gk のエピソードクリーンアップが完了しました
2025-04-05 22:10:28,632 - EpisodeCleanup - INFO - 小説 n1453gs のエピソードクリーンアップを開始
2025-04-05 22:10:29,631 - EpisodeCleanup - INFO - 小説 n1453gs の重複エピソードを分析しました
2025-04-05 22:10:29,632 - EpisodeCleanup - INFO - 小説 n1453gs のエピソードクリーンアップが完了しました
2025-04-05 22:10:29,632 - EpisodeCleanup - INFO - 小説 n0388fy のエピソードクリーンアップを開始
2025-04-05 22:10:30,275 - EpisodeCleanup - INFO - 小説 n0388fy の重複エピソードを分析しました
2025-04-05 22:10:30,275 - EpisodeCleanup - INFO - 小説 n0388fy のエピソードクリーンアップが完了しました
2025-04-05 22:10:30,275 - EpisodeCleanup - INFO - 小説 n0467gr のエピソードクリーンアップを開始
2025-04-05 22:10:31,153 - EpisodeCleanup - INFO - 小説 n0467gr の重複エピソードを分析しました
2025-04-05 22:10:31,153 - EpisodeCleanup - INFO - 小説 n0467gr のエピソードクリーンアップが完了しました
2025-04-05 22:10:31,153 - EpisodeCleanup - INFO - 小説 n9314ge のエピソードクリーンアップを開始
2025-04-05 22:10:31,686 - EpisodeCleanup - INFO - 小説 n9314ge の重複エピソードを分析しました
2025-04-05 22:10:31,686 - EpisodeCleanup - INFO - 小説 n9314ge のエピソードクリーンアップが完了しました
2025-04-05 22:10:31,686 - EpisodeCleanup - INFO - 小説 n3912fj のエピソードクリーンアップを開始
2025-04-05 22:10:32,249 - EpisodeCleanup - INFO - 小説 n3912fj の重複エピソードを分析しました
2025-04-05 22:10:32,249 - EpisodeCleanup - INFO - 小説 n3912fj のエピソードクリーンアップが完了しました
2025-04-05 22:10:32,250 - EpisodeCleanup - INFO - 小説 n6362fe のエピソードクリーンアップを開始
2025-04-05 22:10:33,022 - EpisodeCleanup - INFO - 小説 n6362fe の重複エピソードを分析しました
2025-04-05 22:10:33,022 - EpisodeCleanup - INFO - 小説 n6362fe のエピソードクリーンアップが完了しました
2025-04-05 22:10:33,023 - EpisodeCleanup - INFO - 小説 n8524et のエピソードクリーンアップを開始
2025-04-05 22:10:34,632 - EpisodeCleanup - INFO - 小説 n8524et の重複エピソードを分析しました
2025-04-05 22:10:34,632 - EpisodeCleanup - INFO - 小説 n8524et のエピソードクリーンアップが完了しました
2025-04-05 22:10:34,634 - EpisodeCleanup - INFO - 小説 n6776dt のエピソードクリーンアップを開始
2025-04-05 22:10:35,462 - EpisodeCleanup - INFO - 小説 n6776dt の重複エピソードを分析しました
2025-04-05 22:10:35,462 - EpisodeCleanup - INFO - 小説 n6776dt のエピソードクリーンアップが完了しました
2025-04-05 22:10:35,464 - EpisodeCleanup - INFO - 小説 n8406bm のエピソードクリーンアップを開始
2025-04-05 22:10:36,365 - EpisodeCleanup - INFO - 小説 n8406bm の重複エピソードを分析しました
2025-04-05 22:10:36,365 - EpisodeCleanup - INFO - 小説 n8406bm のエピソードクリーンアップが完了しました
2025-04-05 22:10:36,366 - EpisodeCleanup - INFO - 小説 n5090fy のエピソードクリーンアップを開始
2025-04-05 22:10:37,475 - EpisodeCleanup - INFO - 小説 n5090fy の重複エピソードを分析しました
2025-04-05 22:10:37,475 - EpisodeCleanup - INFO - 小説 n5090fy のエピソードクリーンアップが完了しました
2025-04-05 22:10:37,475 - EpisodeCleanup - INFO - 小説 n5703gu のエピソードクリーンアップを開始
2025-04-05 22:10:38,145 - EpisodeCleanup - INFO - 小説 n5703gu の重複エピソードを分析しました
2025-04-05 22:10:38,145 - EpisodeCleanup - INFO - 小説 n5703gu のエピソードクリーンアップが完了しました
2025-04-05 22:10:38,145 - EpisodeCleanup - INFO - 小説 n3857gv のエピソードクリーンアップを開始
2025-04-05 22:10:38,990 - EpisodeCleanup - INFO - 小説 n3857gv の重複エピソードを分析しました
2025-04-05 22:10:38,990 - EpisodeCleanup - INFO - 小説 n3857gv のエピソードクリーンアップが完了しました
2025-04-05 22:10:38,991 - EpisodeCleanup - INFO - 小説 n7619gq のエピソードクリーンアップを開始
2025-04-05 22:10:39,536 - EpisodeCleanup - INFO - 小説 n7619gq の重複エピソードを分析しました
2025-04-05 22:10:39,536 - EpisodeCleanup - INFO - 小説 n7619gq のエピソード 106 から 1 個のエントリを削除
2025-04-05 22:10:39,567 - EpisodeCleanup - INFO - 小説 n7619gq のエピソードクリーンアップが完了しました
2025-04-05 22:10:39,568 - EpisodeCleanup - INFO - 小説 n8139dg のエピソードクリーンアップを開始
2025-04-05 22:10:40,284 - EpisodeCleanup - INFO - 小説 n8139dg の重複エピソードを分析しました
2025-04-05 22:10:40,285 - EpisodeCleanup - INFO - 小説 n8139dg のエピソードクリーンアップが完了しました
2025-04-05 22:10:40,286 - EpisodeCleanup - INFO - 小説 n3376gm のエピソードクリーンアップを開始
2025-04-05 22:10:41,535 - EpisodeCleanup - INFO - 小説 n3376gm の重複エピソードを分析しました
2025-04-05 22:10:41,535 - EpisodeCleanup - INFO - 小説 n3376gm のエピソードクリーンアップが完了しました
2025-04-05 22:10:41,536 - EpisodeCleanup - INFO - 小説 n3452fl のエピソードクリーンアップを開始
2025-04-05 22:10:42,121 - EpisodeCleanup - INFO - 小説 n3452fl の重複エピソードを分析しました
2025-04-05 22:10:42,121 - EpisodeCleanup - INFO - 小説 n3452fl のエピソードクリーンアップが完了しました
2025-04-05 22:10:42,122 - EpisodeCleanup - INFO - 小説 n9524dz のエピソードクリーンアップを開始
2025-04-05 22:10:42,607 - EpisodeCleanup - INFO - 小説 n9524dz の重複エピソードを分析しました
2025-04-05 22:10:42,607 - EpisodeCleanup - INFO - 小説 n9524dz のエピソードクリーンアップが完了しました
2025-04-05 22:10:42,607 - EpisodeCleanup - INFO - 小説 n8130gn のエピソードクリーンアップを開始
2025-04-05 22:10:43,202 - EpisodeCleanup - INFO - 小説 n8130gn の重複エピソードを分析しました
2025-04-05 22:10:43,202 - EpisodeCleanup - INFO - 小説 n8130gn のエピソードクリーンアップが完了しました
2025-04-05 22:10:43,203 - EpisodeCleanup - INFO - 小説 n9615cr のエピソードクリーンアップを開始
2025-04-05 22:10:43,811 - EpisodeCleanup - INFO - 小説 n9615cr の重複エピソードを分析しました
2025-04-05 22:10:43,812 - EpisodeCleanup - INFO - 小説 n9615cr のエピソードクリーンアップが完了しました
2025-04-05 22:10:43,812 - EpisodeCleanup - INFO - 小説 n1456gm のエピソードクリーンアップを開始
2025-04-05 22:10:44,486 - EpisodeCleanup - INFO - 小説 n1456gm の重複エピソードを分析しました
2025-04-05 22:10:44,486 - EpisodeCleanup - INFO - 小説 n1456gm のエピソードクリーンアップが完了しました
2025-04-05 22:10:44,486 - EpisodeCleanup - INFO - 小説 n4595gp のエピソードクリーンアップを開始
2025-04-05 22:10:45,278 - EpisodeCleanup - INFO - 小説 n4595gp の重複エピソードを分析しました
2025-04-05 22:10:45,278 - EpisodeCleanup - INFO - 小説 n4595gp のエピソードクリーンアップが完了しました
2025-04-05 22:10:45,278 - EpisodeCleanup - INFO - 小説 n7403fu のエピソードクリーンアップを開始
2025-04-05 22:10:46,648 - EpisodeCleanup - INFO - 小説 n7403fu の重複エピソードを分析しました
2025-04-05 22:10:46,648 - EpisodeCleanup - INFO - 小説 n7403fu のエピソードクリーンアップが完了しました
2025-04-05 22:10:46,649 - EpisodeCleanup - INFO - 小説 n3555fg のエピソードクリーンアップを開始
2025-04-05 22:10:47,285 - EpisodeCleanup - INFO - 小説 n3555fg の重複エピソードを分析しました
2025-04-05 22:10:47,286 - EpisodeCleanup - INFO - 小説 n3555fg のエピソードクリーンアップが完了しました
2025-04-05 22:10:47,286 - EpisodeCleanup - INFO - 小説 n7421gj のエピソードクリーンアップを開始
2025-04-05 22:10:48,098 - EpisodeCleanup - INFO - 小説 n7421gj の重複エピソードを分析しました
2025-04-05 22:10:48,098 - EpisodeCleanup - INFO - 小説 n7421gj のエピソードクリーンアップが完了しました
2025-04-05 22:10:48,098 - EpisodeCleanup - INFO - 小説 n3453gf のエピソードクリーンアップを開始
2025-04-05 22:10:48,579 - EpisodeCleanup - INFO - 小説 n3453gf の重複エピソードを分析しました
2025-04-05 22:10:48,579 - EpisodeCleanup - INFO - 小説 n3453gf のエピソードクリーンアップが完了しました
2025-04-05 22:10:48,579 - EpisodeCleanup - INFO - 小説 n0608gm のエピソードクリーンアップを開始
2025-04-05 22:10:49,257 - EpisodeCleanup - INFO - 小説 n0608gm の重複エピソードを分析しました
2025-04-05 22:10:49,258 - EpisodeCleanup - INFO - 小説 n0608gm のエピソードクリーンアップが完了しました
2025-04-05 22:10:49,258 - EpisodeCleanup - INFO - 小説 n3197fj のエピソードクリーンアップを開始
2025-04-05 22:10:50,451 - EpisodeCleanup - INFO - 小説 n3197fj の重複エピソードを分析しました
2025-04-05 22:10:50,451 - EpisodeCleanup - INFO - 小説 n3197fj のエピソードクリーンアップが完了しました
2025-04-05 22:10:50,452 - EpisodeCleanup - INFO - 小説 n1262fy のエピソードクリーンアップを開始
2025-04-05 22:10:51,454 - EpisodeCleanup - INFO - 小説 n1262fy の重複エピソードを分析しました
2025-04-05 22:10:51,455 - EpisodeCleanup - INFO - 小説 n1262fy のエピソードクリーンアップが完了しました
2025-04-05 22:10:51,456 - EpisodeCleanup - INFO - 小説 n5529cy のエピソードクリーンアップを開始
2025-04-05 22:10:52,570 - EpisodeCleanup - INFO - 小説 n5529cy の重複エピソードを分析しました
2025-04-05 22:10:52,571 - EpisodeCleanup - INFO - 小説 n5529cy のエピソードクリーンアップが完了しました
2025-04-05 22:10:52,572 - EpisodeCleanup - INFO - 小説 n0922dp のエピソードクリーンアップを開始
2025-04-05 22:10:53,444 - EpisodeCleanup - INFO - 小説 n0922dp の重複エピソードを分析しました
2025-04-05 22:10:53,444 - EpisodeCleanup - INFO - 小説 n0922dp のエピソードクリーンアップが完了しました
2025-04-05 22:10:53,446 - EpisodeCleanup - INFO - 小説 n6056fe のエピソードクリーンアップを開始
2025-04-05 22:10:53,982 - EpisodeCleanup - INFO - 小説 n6056fe の重複エピソードを分析しました
2025-04-05 22:10:53,982 - EpisodeCleanup - INFO - 小説 n6056fe のエピソードクリーンアップが完了しました
2025-04-05 22:10:53,983 - EpisodeCleanup - INFO - 小説 n3683gn のエピソードクリーンアップを開始
2025-04-05 22:10:54,899 - EpisodeCleanup - INFO - 小説 n3683gn の重複エピソードを分析しました
2025-04-05 22:10:54,900 - EpisodeCleanup - INFO - 小説 n3683gn のエピソードクリーンアップが完了しました
2025-04-05 22:10:54,901 - EpisodeCleanup - INFO - 小説 n9530ey のエピソードクリーンアップを開始
2025-04-05 22:10:56,122 - EpisodeCleanup - INFO - 小説 n9530ey の重複エピソードを分析しました
2025-04-05 22:10:56,122 - EpisodeCleanup - INFO - 小説 n9530ey のエピソードクリーンアップが完了しました
2025-04-05 22:10:56,124 - EpisodeCleanup - INFO - 小説 n7906fn のエピソードクリーンアップを開始
2025-04-05 22:10:57,466 - EpisodeCleanup - INFO - 小説 n7906fn の重複エピソードを分析しました
2025-04-05 22:10:57,467 - EpisodeCleanup - INFO - 小説 n7906fn のエピソードクリーンアップが完了しました
2025-04-05 22:10:57,468 - EpisodeCleanup - INFO - 小説 n7146em のエピソードクリーンアップを開始
2025-04-05 22:10:58,143 - EpisodeCleanup - INFO - 小説 n7146em の重複エピソードを分析しました
2025-04-05 22:10:58,143 - EpisodeCleanup - INFO - 小説 n7146em のエピソードクリーンアップが完了しました
2025-04-05 22:10:58,143 - EpisodeCleanup - INFO - 小説 n2662fr のエピソードクリーンアップを開始
2025-04-05 22:10:58,699 - EpisodeCleanup - INFO - 小説 n2662fr の重複エピソードを分析しました
2025-04-05 22:10:58,699 - EpisodeCleanup - INFO - 小説 n2662fr のエピソードクリーンアップが完了しました
2025-04-05 22:10:58,700 - EpisodeCleanup - INFO - 小説 n0468er のエピソードクリーンアップを開始
2025-04-05 22:10:59,308 - EpisodeCleanup - INFO - 小説 n0468er の重複エピソードを分析しました
2025-04-05 22:10:59,308 - EpisodeCleanup - INFO - 小説 n0468er のエピソードクリーンアップが完了しました
2025-04-05 22:10:59,308 - EpisodeCleanup - INFO - 小説 n2617fy のエピソードクリーンアップを開始
2025-04-05 22:10:59,789 - EpisodeCleanup - INFO - 小説 n2617fy の重複エピソードを分析しました
2025-04-05 22:10:59,789 - EpisodeCleanup - INFO - 小説 n2617fy のエピソードクリーンアップが完了しました
2025-04-05 22:10:59,789 - EpisodeCleanup - INFO - 小説 n9183gr のエピソードクリーンアップを開始
2025-04-05 22:11:00,369 - EpisodeCleanup - INFO - 小説 n9183gr の重複エピソードを分析しました
2025-04-05 22:11:00,369 - EpisodeCleanup - INFO - 小説 n9183gr のエピソードクリーンアップが完了しました
2025-04-05 22:11:00,369 - EpisodeCleanup - INFO - 小説 n1736gq のエピソードクリーンアップを開始
2025-04-05 22:11:00,856 - EpisodeCleanup - INFO - 小説 n1736gq の重複エピソードを分析しました
2025-04-05 22:11:00,856 - EpisodeCleanup - INFO - 小説 n1736gq のエピソードクリーンアップが完了しました
2025-04-05 22:11:00,856 - EpisodeCleanup - INFO - 小説 n5176ei のエピソードクリーンアップを開始
2025-04-05 22:11:01,414 - EpisodeCleanup - INFO - 小説 n5176ei の重複エピソードを分析しました
2025-04-05 22:11:01,415 - EpisodeCleanup - INFO - 小説 n5176ei のエピソードクリーンアップが完了しました
2025-04-05 22:11:01,415 - EpisodeCleanup - INFO - 小説 n3666gx のエピソードクリーンアップを開始
2025-04-05 22:11:01,975 - EpisodeCleanup - INFO - 小説 n3666gx の重複エピソードを分析しました
2025-04-05 22:11:01,975 - EpisodeCleanup - INFO - 小説 n3666gx のエピソードクリーンアップが完了しました
2025-04-05 22:11:01,975 - EpisodeCleanup - INFO - 小説 n9730cf のエピソードクリーンアップを開始
2025-04-05 22:11:02,748 - EpisodeCleanup - INFO - 小説 n9730cf の重複エピソードを分析しました
2025-04-05 22:11:02,748 - EpisodeCleanup - INFO - 小説 n9730cf のエピソードクリーンアップが完了しました
2025-04-05 22:11:02,749 - EpisodeCleanup - INFO - 小説 n7646hh のエピソードクリーンアップを開始
2025-04-05 22:11:03,654 - EpisodeCleanup - INFO - 小説 n7646hh の重複エピソードを分析しました
2025-04-05 22:11:03,655 - EpisodeCleanup - INFO - 小説 n7646hh のエピソードクリーンアップが完了しました
2025-04-05 22:11:03,656 - EpisodeCleanup - INFO - 小説 n0427fk のエピソードクリーンアップを開始
2025-04-05 22:11:04,572 - EpisodeCleanup - INFO - 小説 n0427fk の重複エピソードを分析しました
2025-04-05 22:11:04,572 - EpisodeCleanup - INFO - 小説 n0427fk のエピソードクリーンアップが完了しました
2025-04-05 22:11:04,574 - EpisodeCleanup - INFO - 小説 n4438gm のエピソードクリーンアップを開始
2025-04-05 22:11:06,115 - EpisodeCleanup - INFO - 小説 n4438gm の重複エピソードを分析しました
2025-04-05 22:11:06,116 - EpisodeCleanup - INFO - 小説 n4438gm のエピソードクリーンアップが完了しました
2025-04-05 22:11:06,116 - EpisodeCleanup - INFO - 小説 n0643go のエピソードクリーンアップを開始
2025-04-05 22:11:06,674 - EpisodeCleanup - INFO - 小説 n0643go の重複エピソードを分析しました
2025-04-05 22:11:06,674 - EpisodeCleanup - INFO - 小説 n0643go のエピソード 121 から 1 個のエントリを削除
2025-04-05 22:11:06,720 - EpisodeCleanup - INFO - 小説 n0643go のエピソードクリーンアップが完了しました
2025-04-05 22:11:06,721 - EpisodeCleanup - INFO - 小説 n1144go のエピソードクリーンアップを開始
2025-04-05 22:11:07,664 - EpisodeCleanup - INFO - 小説 n1144go の重複エピソードを分析しました
2025-04-05 22:11:07,664 - EpisodeCleanup - INFO - 小説 n1144go のエピソードクリーンアップが完了しました
2025-04-05 22:11:07,664 - EpisodeCleanup - INFO - 小説 n5465fc のエピソードクリーンアップを開始
2025-04-05 22:11:09,235 - EpisodeCleanup - INFO - 小説 n5465fc の重複エピソードを分析しました
2025-04-05 22:11:09,236 - EpisodeCleanup - INFO - 小説 n5465fc のエピソードクリーンアップが完了しました
2025-04-05 22:11:09,238 - EpisodeCleanup - INFO - 小説 n1010fm のエピソードクリーンアップを開始
2025-04-05 22:11:10,176 - EpisodeCleanup - INFO - 小説 n1010fm の重複エピソードを分析しました
2025-04-05 22:11:10,176 - EpisodeCleanup - INFO - 小説 n1010fm のエピソードクリーンアップが完了しました
2025-04-05 22:11:10,178 - EpisodeCleanup - INFO - 小説 n1305cg のエピソードクリーンアップを開始
2025-04-05 22:11:10,699 - EpisodeCleanup - INFO - 小説 n1305cg の重複エピソードを分析しました
2025-04-05 22:11:10,699 - EpisodeCleanup - INFO - 小説 n1305cg のエピソードクリーンアップが完了しました
2025-04-05 22:11:10,700 - EpisodeCleanup - INFO - 小説 n2146gr のエピソードクリーンアップを開始
2025-04-05 22:11:11,293 - EpisodeCleanup - INFO - 小説 n2146gr の重複エピソードを分析しました
2025-04-05 22:11:11,293 - EpisodeCleanup - INFO - 小説 n2146gr のエピソードクリーンアップが完了しました
2025-04-05 22:11:11,293 - EpisodeCleanup - INFO - 小説 n8716ft のエピソードクリーンアップを開始
2025-04-05 22:11:12,250 - EpisodeCleanup - INFO - 小説 n8716ft の重複エピソードを分析しました
2025-04-05 22:11:12,251 - EpisodeCleanup - INFO - 小説 n8716ft のエピソードクリーンアップが完了しました
2025-04-05 22:11:12,251 - EpisodeCleanup - INFO - 小説 n4231fq のエピソードクリーンアップを開始
2025-04-05 22:11:13,119 - EpisodeCleanup - INFO - 小説 n4231fq の重複エピソードを分析しました
2025-04-05 22:11:13,120 - EpisodeCleanup - INFO - 小説 n4231fq のエピソードクリーンアップが完了しました
2025-04-05 22:11:13,121 - EpisodeCleanup - INFO - 小説 n1544gv のエピソードクリーンアップを開始
2025-04-05 22:11:13,751 - EpisodeCleanup - INFO - 小説 n1544gv の重複エピソードを分析しました
2025-04-05 22:11:13,751 - EpisodeCleanup - INFO - 小説 n1544gv のエピソードクリーンアップが完了しました
2025-04-05 22:11:13,751 - EpisodeCleanup - INFO - 小説 n4878ew のエピソードクリーンアップを開始
2025-04-05 22:11:14,350 - EpisodeCleanup - INFO - 小説 n4878ew の重複エピソードを分析しました
2025-04-05 22:11:14,350 - EpisodeCleanup - INFO - 小説 n4878ew のエピソードクリーンアップが完了しました
2025-04-05 22:11:14,350 - EpisodeCleanup - INFO - 小説 n6962gb のエピソードクリーンアップを開始
2025-04-05 22:11:15,069 - EpisodeCleanup - INFO - 小説 n6962gb の重複エピソードを分析しました
2025-04-05 22:11:15,069 - EpisodeCleanup - INFO - 小説 n6962gb のエピソードクリーンアップが完了しました
2025-04-05 22:11:15,069 - EpisodeCleanup - INFO - 小説 n3738gp のエピソードクリーンアップを開始
2025-04-05 22:11:17,152 - EpisodeCleanup - INFO - 小説 n3738gp の重複エピソードを分析しました
2025-04-05 22:11:17,152 - EpisodeCleanup - INFO - 小説 n3738gp のエピソードクリーンアップが完了しました
2025-04-05 22:11:17,157 - EpisodeCleanup - INFO - 小説 n3003cw のエピソードクリーンアップを開始
2025-04-05 22:11:18,021 - EpisodeCleanup - INFO - 小説 n3003cw の重複エピソードを分析しました
2025-04-05 22:11:18,021 - EpisodeCleanup - INFO - 小説 n3003cw のエピソードクリーンアップが完了しました
2025-04-05 22:11:18,023 - EpisodeCleanup - INFO - 小説 n8597eq のエピソードクリーンアップを開始
2025-04-05 22:11:19,614 - EpisodeCleanup - INFO - 小説 n8597eq の重複エピソードを分析しました
2025-04-05 22:11:19,614 - EpisodeCleanup - INFO - 小説 n8597eq のエピソードクリーンアップが完了しました
2025-04-05 22:11:19,616 - EpisodeCleanup - INFO - 小説 n5340gt のエピソードクリーンアップを開始
2025-04-05 22:11:20,217 - EpisodeCleanup - INFO - 小説 n5340gt の重複エピソードを分析しました
2025-04-05 22:11:20,217 - EpisodeCleanup - INFO - 小説 n5340gt のエピソードクリーンアップが完了しました
2025-04-05 22:11:20,218 - EpisodeCleanup - INFO - 小説 n0350em のエピソードクリーンアップを開始
2025-04-05 22:11:21,077 - EpisodeCleanup - INFO - 小説 n0350em の重複エピソードを分析しました
2025-04-05 22:11:21,077 - EpisodeCleanup - INFO - 小説 n0350em のエピソードクリーンアップが完了しました
2025-04-05 22:11:21,079 - EpisodeCleanup - INFO - 小説 n6792fu のエピソードクリーンアップを開始
2025-04-05 22:11:21,935 - EpisodeCleanup - INFO - 小説 n6792fu の重複エピソードを分析しました
2025-04-05 22:11:21,935 - EpisodeCleanup - INFO - 小説 n6792fu のエピソードクリーンアップが完了しました
2025-04-05 22:11:21,936 - EpisodeCleanup - INFO - 小説 n3581fh のエピソードクリーンアップを開始
2025-04-05 22:11:23,214 - EpisodeCleanup - INFO - 小説 n3581fh の重複エピソードを分析しました
2025-04-05 22:11:23,214 - EpisodeCleanup - INFO - 小説 n3581fh のエピソードクリーンアップが完了しました
2025-04-05 22:11:23,215 - EpisodeCleanup - INFO - 小説 n5865gy のエピソードクリーンアップを開始
2025-04-05 22:11:23,859 - EpisodeCleanup - INFO - 小説 n5865gy の重複エピソードを分析しました
2025-04-05 22:11:23,859 - EpisodeCleanup - INFO - 小説 n5865gy のエピソードクリーンアップが完了しました
2025-04-05 22:11:23,860 - EpisodeCleanup - INFO - 小説 n6930ee のエピソードクリーンアップを開始
2025-04-05 22:11:24,487 - EpisodeCleanup - INFO - 小説 n6930ee の重複エピソードを分析しました
2025-04-05 22:11:24,487 - EpisodeCleanup - INFO - 小説 n6930ee のエピソードクリーンアップが完了しました
2025-04-05 22:11:24,487 - EpisodeCleanup - INFO - 小説 n0183ha のエピソードクリーンアップを開始
2025-04-05 22:11:25,072 - EpisodeCleanup - INFO - 小説 n0183ha の重複エピソードを分析しました
2025-04-05 22:11:25,073 - EpisodeCleanup - INFO - 小説 n0183ha のエピソードクリーンアップが完了しました
2025-04-05 22:11:25,073 - EpisodeCleanup - INFO - 小説 n0674fu のエピソードクリーンアップを開始
2025-04-05 22:11:25,819 - EpisodeCleanup - INFO - 小説 n0674fu の重複エピソードを分析しました
2025-04-05 22:11:25,819 - EpisodeCleanup - INFO - 小説 n0674fu のエピソードクリーンアップが完了しました
2025-04-05 22:11:25,820 - EpisodeCleanup - INFO - 小説 n0169gs のエピソードクリーンアップを開始
2025-04-05 22:11:26,342 - EpisodeCleanup - INFO - 小説 n0169gs の重複エピソードを分析しました
2025-04-05 22:11:26,342 - EpisodeCleanup - INFO - 小説 n0169gs のエピソードクリーンアップが完了しました
2025-04-05 22:11:26,343 - EpisodeCleanup - INFO - 小説 n0849fh のエピソードクリーンアップを開始
2025-04-05 22:11:26,961 - EpisodeCleanup - INFO - 小説 n0849fh の重複エピソードを分析しました
2025-04-05 22:11:26,961 - EpisodeCleanup - INFO - 小説 n0849fh のエピソードクリーンアップが完了しました
2025-04-05 22:11:26,962 - EpisodeCleanup - INFO - 小説 n3032hc のエピソードクリーンアップを開始
2025-04-05 22:11:27,802 - EpisodeCleanup - INFO - 小説 n3032hc の重複エピソードを分析しました
2025-04-05 22:11:27,803 - EpisodeCleanup - INFO - 小説 n3032hc のエピソードクリーンアップが完了しました
2025-04-05 22:11:27,803 - EpisodeCleanup - INFO - 小説 n6753gc のエピソードクリーンアップを開始
2025-04-05 22:11:28,282 - EpisodeCleanup - INFO - 小説 n6753gc の重複エピソードを分析しました
2025-04-05 22:11:28,282 - EpisodeCleanup - INFO - 小説 n6753gc のエピソードクリーンアップが完了しました
2025-04-05 22:11:28,283 - EpisodeCleanup - INFO - 小説 n0865em のエピソードクリーンアップを開始
2025-04-05 22:11:29,024 - EpisodeCleanup - INFO - 小説 n0865em の重複エピソードを分析しました
2025-04-05 22:11:29,024 - EpisodeCleanup - INFO - 小説 n0865em のエピソードクリーンアップが完了しました
2025-04-05 22:11:29,025 - EpisodeCleanup - INFO - 小説 n3309di のエピソードクリーンアップを開始
2025-04-05 22:11:29,616 - EpisodeCleanup - INFO - 小説 n3309di の重複エピソードを分析しました
2025-04-05 22:11:29,616 - EpisodeCleanup - INFO - 小説 n3309di のエピソードクリーンアップが完了しました
2025-04-05 22:11:29,616 - EpisodeCleanup - INFO - 小説 n0335gd のエピソードクリーンアップを開始
2025-04-05 22:11:30,215 - EpisodeCleanup - INFO - 小説 n0335gd の重複エピソードを分析しました
2025-04-05 22:11:30,215 - EpisodeCleanup - INFO - 小説 n0335gd のエピソードクリーンアップが完了しました
2025-04-05 22:11:30,216 - EpisodeCleanup - INFO - 小説 n8346gv のエピソードクリーンアップを開始
2025-04-05 22:11:30,788 - EpisodeCleanup - INFO - 小説 n8346gv の重複エピソードを分析しました
2025-04-05 22:11:30,788 - EpisodeCleanup - INFO - 小説 n8346gv のエピソードクリーンアップが完了しました
2025-04-05 22:11:30,788 - EpisodeCleanup - INFO - 小説 n7666ha のエピソードクリーンアップを開始
2025-04-05 22:11:31,275 - EpisodeCleanup - INFO - 小説 n7666ha の重複エピソードを分析しました
2025-04-05 22:11:31,275 - EpisodeCleanup - INFO - 小説 n7666ha のエピソードクリーンアップが完了しました
2025-04-05 22:11:31,275 - EpisodeCleanup - INFO - 小説 n2344gz のエピソードクリーンアップを開始
2025-04-05 22:11:31,779 - EpisodeCleanup - INFO - 小説 n2344gz の重複エピソードを分析しました
2025-04-05 22:11:31,779 - EpisodeCleanup - INFO - 小説 n2344gz のエピソードクリーンアップが完了しました
2025-04-05 22:11:31,779 - EpisodeCleanup - INFO - 小説 n8403o のエピソードクリーンアップを開始
2025-04-05 22:11:32,256 - EpisodeCleanup - INFO - 小説 n8403o の重複エピソードを分析しました
2025-04-05 22:11:32,256 - EpisodeCleanup - INFO - 小説 n8403o のエピソードクリーンアップが完了しました
2025-04-05 22:11:32,256 - EpisodeCleanup - INFO - 小説 n4544gu のエピソードクリーンアップを開始
2025-04-05 22:11:32,755 - EpisodeCleanup - INFO - 小説 n4544gu の重複エピソードを分析しました
2025-04-05 22:11:32,755 - EpisodeCleanup - INFO - 小説 n4544gu のエピソードクリーンアップが完了しました
2025-04-05 22:11:32,755 - EpisodeCleanup - INFO - 小説 n1508fd のエピソードクリーンアップを開始
2025-04-05 22:11:33,845 - EpisodeCleanup - INFO - 小説 n1508fd の重複エピソードを分析しました
2025-04-05 22:11:33,845 - EpisodeCleanup - INFO - 小説 n1508fd のエピソードクリーンアップが完了しました
2025-04-05 22:11:33,847 - EpisodeCleanup - INFO - 小説 n3567es のエピソードクリーンアップを開始
2025-04-05 22:11:34,667 - EpisodeCleanup - INFO - 小説 n3567es の重複エピソードを分析しました
2025-04-05 22:11:34,667 - EpisodeCleanup - INFO - 小説 n3567es のエピソードクリーンアップが完了しました
2025-04-05 22:11:34,669 - EpisodeCleanup - INFO - 小説 n9758ga のエピソードクリーンアップを開始
2025-04-05 22:11:35,186 - EpisodeCleanup - INFO - 小説 n9758ga の重複エピソードを分析しました
2025-04-05 22:11:35,187 - EpisodeCleanup - INFO - 小説 n9758ga のエピソード 88 から 2 個のエントリを削除
2025-04-05 22:11:35,187 - EpisodeCleanup - INFO - 小説 n9758ga のエピソード 89 から 2 個のエントリを削除
2025-04-05 22:11:35,187 - EpisodeCleanup - INFO - 小説 n9758ga のエピソード 90 から 2 個のエントリを削除
2025-04-05 22:11:35,241 - EpisodeCleanup - INFO - 小説 n9758ga のエピソードクリーンアップが完了しました
2025-04-05 22:11:35,242 - EpisodeCleanup - INFO - 小説 n5515gx のエピソードクリーンアップを開始
2025-04-05 22:11:35,823 - EpisodeCleanup - INFO - 小説 n5515gx の重複エピソードを分析しました
2025-04-05 22:11:35,823 - EpisodeCleanup - INFO - 小説 n5515gx のエピソードクリーンアップが完了しました
2025-04-05 22:11:35,823 - EpisodeCleanup - INFO - 小説 n9799gr のエピソードクリーンアップを開始
2025-04-05 22:11:36,725 - EpisodeCleanup - INFO - 小説 n9799gr の重複エピソードを分析しました
2025-04-05 22:11:36,725 - EpisodeCleanup - INFO - 小説 n9799gr のエピソードクリーンアップが完了しました
2025-04-05 22:11:36,726 - EpisodeCleanup - INFO - 小説 n2501eh のエピソードクリーンアップを開始
2025-04-05 22:11:37,422 - EpisodeCleanup - INFO - 小説 n2501eh の重複エピソードを分析しました
2025-04-05 22:11:37,423 - EpisodeCleanup - INFO - 小説 n2501eh のエピソードクリーンアップが完了しました
2025-04-05 22:11:37,423 - EpisodeCleanup - INFO - 小説 n6654gq のエピソードクリーンアップを開始
2025-04-05 22:11:37,931 - EpisodeCleanup - INFO - 小説 n6654gq の重複エピソードを分析しました
2025-04-05 22:11:37,931 - EpisodeCleanup - INFO - 小説 n6654gq のエピソードクリーンアップが完了しました
2025-04-05 22:11:37,932 - EpisodeCleanup - INFO - 小説 n7715hb のエピソードクリーンアップを開始
2025-04-05 22:11:38,519 - EpisodeCleanup - INFO - 小説 n7715hb の重複エピソードを分析しました
2025-04-05 22:11:38,519 - EpisodeCleanup - INFO - 小説 n7715hb のエピソードクリーンアップが完了しました
2025-04-05 22:11:38,519 - EpisodeCleanup - INFO - 小説 n6121gw のエピソードクリーンアップを開始
2025-04-05 22:11:39,030 - EpisodeCleanup - INFO - 小説 n6121gw の重複エピソードを分析しました
2025-04-05 22:11:39,030 - EpisodeCleanup - INFO - 小説 n6121gw のエピソード 84 から 1 個のエントリを削除
2025-04-05 22:11:39,069 - EpisodeCleanup - INFO - 小説 n6121gw のエピソードクリーンアップが完了しました
2025-04-05 22:11:39,069 - EpisodeCleanup - INFO - 小説 n5600hb のエピソードクリーンアップを開始
2025-04-05 22:11:39,607 - EpisodeCleanup - INFO - 小説 n5600hb の重複エピソードを分析しました
2025-04-05 22:11:39,607 - EpisodeCleanup - INFO - 小説 n5600hb のエピソードクリーンアップが完了しました
2025-04-05 22:11:39,607 - EpisodeCleanup - INFO - 小説 n1260hb のエピソードクリーンアップを開始
2025-04-05 22:11:40,126 - EpisodeCleanup - INFO - 小説 n1260hb の重複エピソードを分析しました
2025-04-05 22:11:40,126 - EpisodeCleanup - INFO - 小説 n1260hb のエピソードクリーンアップが完了しました
2025-04-05 22:11:40,127 - EpisodeCleanup - INFO - 小説 n9727gq のエピソードクリーンアップを開始
2025-04-05 22:11:40,640 - EpisodeCleanup - INFO - 小説 n9727gq の重複エピソードを分析しました
2025-04-05 22:11:40,640 - EpisodeCleanup - INFO - 小説 n9727gq のエピソードクリーンアップが完了しました
2025-04-05 22:11:40,640 - EpisodeCleanup - INFO - 小説 n0866gu のエピソードクリーンアップを開始
2025-04-05 22:11:41,237 - EpisodeCleanup - INFO - 小説 n0866gu の重複エピソードを分析しました
2025-04-05 22:11:41,237 - EpisodeCleanup - INFO - 小説 n0866gu のエピソードクリーンアップが完了しました
2025-04-05 22:11:41,237 - EpisodeCleanup - INFO - 小説 n8323gz のエピソードクリーンアップを開始
2025-04-05 22:11:41,860 - EpisodeCleanup - INFO - 小説 n8323gz の重複エピソードを分析しました
2025-04-05 22:11:41,860 - EpisodeCleanup - INFO - 小説 n8323gz のエピソードクリーンアップが完了しました
2025-04-05 22:11:41,860 - EpisodeCleanup - INFO - 小説 n0231fn のエピソードクリーンアップを開始
2025-04-05 22:11:42,633 - EpisodeCleanup - INFO - 小説 n0231fn の重複エピソードを分析しました
2025-04-05 22:11:42,633 - EpisodeCleanup - INFO - 小説 n0231fn のエピソードクリーンアップが完了しました
2025-04-05 22:11:42,634 - EpisodeCleanup - INFO - 小説 n9925gz のエピソードクリーンアップを開始
2025-04-05 22:11:43,242 - EpisodeCleanup - INFO - 小説 n9925gz の重複エピソードを分析しました
2025-04-05 22:11:43,242 - EpisodeCleanup - INFO - 小説 n9925gz のエピソードクリーンアップが完了しました
2025-04-05 22:11:43,242 - EpisodeCleanup - INFO - 小説 n3644gg のエピソードクリーンアップを開始
2025-04-05 22:11:44,544 - EpisodeCleanup - INFO - 小説 n3644gg の重複エピソードを分析しました
2025-04-05 22:11:44,544 - EpisodeCleanup - INFO - 小説 n3644gg のエピソードクリーンアップが完了しました
2025-04-05 22:11:44,546 - EpisodeCleanup - INFO - 小説 n9988gz のエピソードクリーンアップを開始
2025-04-05 22:11:45,260 - EpisodeCleanup - INFO - 小説 n9988gz の重複エピソードを分析しました
2025-04-05 22:11:45,260 - EpisodeCleanup - INFO - 小説 n9988gz のエピソードクリーンアップが完了しました
2025-04-05 22:11:45,260 - EpisodeCleanup - INFO - 小説 n8499gy のエピソードクリーンアップを開始
2025-04-05 22:11:45,797 - EpisodeCleanup - INFO - 小説 n8499gy の重複エピソードを分析しました
2025-04-05 22:11:45,797 - EpisodeCleanup - INFO - 小説 n8499gy のエピソードクリーンアップが完了しました
2025-04-05 22:11:45,798 - EpisodeCleanup - INFO - 小説 n9045gx のエピソードクリーンアップを開始
2025-04-05 22:11:46,306 - EpisodeCleanup - INFO - 小説 n9045gx の重複エピソードを分析しました
2025-04-05 22:11:46,306 - EpisodeCleanup - INFO - 小説 n9045gx のエピソードクリーンアップが完了しました
2025-04-05 22:11:46,307 - EpisodeCleanup - INFO - 小説 n3929fu のエピソードクリーンアップを開始
2025-04-05 22:11:46,930 - EpisodeCleanup - INFO - 小説 n3929fu の重複エピソードを分析しました
2025-04-05 22:11:46,930 - EpisodeCleanup - INFO - 小説 n3929fu のエピソードクリーンアップが完了しました
2025-04-05 22:11:46,930 - EpisodeCleanup - INFO - 小説 n2525g のエピソードクリーンアップを開始
2025-04-05 22:11:47,418 - EpisodeCleanup - INFO - 小説 n2525g の重複エピソードを分析しました
2025-04-05 22:11:47,418 - EpisodeCleanup - INFO - 小説 n2525g のエピソードクリーンアップが完了しました
2025-04-05 22:11:47,418 - EpisodeCleanup - INFO - 小説 n8000fk のエピソードクリーンアップを開始
2025-04-05 22:11:47,883 - EpisodeCleanup - INFO - 小説 n8000fk の重複エピソードを分析しました
2025-04-05 22:11:47,883 - EpisodeCleanup - INFO - 小説 n8000fk のエピソードクリーンアップが完了しました
2025-04-05 22:11:47,884 - EpisodeCleanup - INFO - 小説 n1670dk のエピソードクリーンアップを開始
2025-04-05 22:11:48,415 - EpisodeCleanup - INFO - 小説 n1670dk の重複エピソードを分析しました
2025-04-05 22:11:48,415 - EpisodeCleanup - INFO - 小説 n1670dk のエピソードクリーンアップが完了しました
2025-04-05 22:11:48,416 - EpisodeCleanup - INFO - 小説 n6220di のエピソードクリーンアップを開始
2025-04-05 22:11:48,888 - EpisodeCleanup - INFO - 小説 n6220di の重複エピソードを分析しました
2025-04-05 22:11:48,888 - EpisodeCleanup - INFO - 小説 n6220di のエピソードクリーンアップが完了しました
2025-04-05 22:11:48,888 - EpisodeCleanup - INFO - 小説 n2058fj のエピソードクリーンアップを開始
2025-04-05 22:11:49,396 - EpisodeCleanup - INFO - 小説 n2058fj の重複エピソードを分析しました
2025-04-05 22:11:49,396 - EpisodeCleanup - INFO - 小説 n2058fj のエピソードクリーンアップが完了しました
2025-04-05 22:11:49,396 - EpisodeCleanup - INFO - 小説 n2348ei のエピソードクリーンアップを開始
2025-04-05 22:11:49,910 - EpisodeCleanup - INFO - 小説 n2348ei の重複エピソードを分析しました
2025-04-05 22:11:49,910 - EpisodeCleanup - INFO - 小説 n2348ei のエピソードクリーンアップが完了しました
2025-04-05 22:11:49,910 - EpisodeCleanup - INFO - 小説 n2273dh のエピソードクリーンアップを開始
2025-04-05 22:11:51,505 - EpisodeCleanup - INFO - 小説 n2273dh の重複エピソードを分析しました
2025-04-05 22:11:51,506 - EpisodeCleanup - INFO - 小説 n2273dh のエピソードクリーンアップが完了しました
2025-04-05 22:11:51,509 - EpisodeCleanup - INFO - 小説 n6555fe のエピソードクリーンアップを開始
2025-04-05 22:11:52,591 - EpisodeCleanup - INFO - 小説 n6555fe の重複エピソードを分析しました
2025-04-05 22:11:52,591 - EpisodeCleanup - INFO - 小説 n6555fe のエピソードクリーンアップが完了しました
2025-04-05 22:11:52,592 - EpisodeCleanup - INFO - 小説 n5243go のエピソードクリーンアップを開始
2025-04-05 22:11:53,852 - EpisodeCleanup - INFO - 小説 n5243go の重複エピソードを分析しました
2025-04-05 22:11:53,852 - EpisodeCleanup - INFO - 小説 n5243go のエピソードクリーンアップが完了しました
2025-04-05 22:11:53,853 - EpisodeCleanup - INFO - 小説 n5793ge のエピソードクリーンアップを開始
2025-04-05 22:11:54,343 - EpisodeCleanup - INFO - 小説 n5793ge の重複エピソードを分析しました
2025-04-05 22:11:54,343 - EpisodeCleanup - INFO - 小説 n5793ge のエピソードクリーンアップが完了しました
2025-04-05 22:11:54,343 - EpisodeCleanup - INFO - 小説 n6426go のエピソードクリーンアップを開始
2025-04-05 22:11:54,883 - EpisodeCleanup - INFO - 小説 n6426go の重複エピソードを分析しました
2025-04-05 22:11:54,883 - EpisodeCleanup - INFO - 小説 n6426go のエピソードクリーンアップが完了しました
2025-04-05 22:11:54,883 - EpisodeCleanup - INFO - 小説 n9953gt のエピソードクリーンアップを開始
2025-04-05 22:11:55,384 - EpisodeCleanup - INFO - 小説 n9953gt の重複エピソードを分析しました
2025-04-05 22:11:55,384 - EpisodeCleanup - INFO - 小説 n9953gt のエピソードクリーンアップが完了しました
2025-04-05 22:11:55,385 - EpisodeCleanup - INFO - 小説 n4098eq のエピソードクリーンアップを開始
2025-04-05 22:11:55,985 - EpisodeCleanup - INFO - 小説 n4098eq の重複エピソードを分析しました
2025-04-05 22:11:55,985 - EpisodeCleanup - INFO - 小説 n4098eq のエピソードクリーンアップが完了しました
2025-04-05 22:11:55,986 - EpisodeCleanup - INFO - 小説 n6764hc のエピソードクリーンアップを開始
2025-04-05 22:11:56,489 - EpisodeCleanup - INFO - 小説 n6764hc の重複エピソードを分析しました
2025-04-05 22:11:56,489 - EpisodeCleanup - INFO - 小説 n6764hc のエピソードクリーンアップが完了しました
2025-04-05 22:11:56,489 - EpisodeCleanup - INFO - 小説 n2270et のエピソードクリーンアップを開始
2025-04-05 22:11:57,823 - EpisodeCleanup - INFO - 小説 n2270et の重複エピソードを分析しました
2025-04-05 22:11:57,823 - EpisodeCleanup - INFO - 小説 n2270et のエピソードクリーンアップが完了しました
2025-04-05 22:11:57,827 - EpisodeCleanup - INFO - 小説 n6958gk のエピソードクリーンアップを開始
2025-04-05 22:11:58,842 - EpisodeCleanup - INFO - 小説 n6958gk の重複エピソードを分析しました
2025-04-05 22:11:58,842 - EpisodeCleanup - INFO - 小説 n6958gk のエピソードクリーンアップが完了しました
2025-04-05 22:11:58,843 - EpisodeCleanup - INFO - 小説 n4904gz のエピソードクリーンアップを開始
2025-04-05 22:11:59,353 - EpisodeCleanup - INFO - 小説 n4904gz の重複エピソードを分析しました
2025-04-05 22:11:59,353 - EpisodeCleanup - INFO - 小説 n4904gz のエピソードクリーンアップが完了しました
2025-04-05 22:11:59,353 - EpisodeCleanup - INFO - 小説 n4729ha のエピソードクリーンアップを開始
2025-04-05 22:11:59,868 - EpisodeCleanup - INFO - 小説 n4729ha の重複エピソードを分析しました
2025-04-05 22:11:59,868 - EpisodeCleanup - INFO - 小説 n4729ha のエピソードクリーンアップが完了しました
2025-04-05 22:11:59,868 - EpisodeCleanup - INFO - 小説 n3686fr のエピソードクリーンアップを開始
2025-04-05 22:12:00,421 - EpisodeCleanup - INFO - 小説 n3686fr の重複エピソードを分析しました
2025-04-05 22:12:00,421 - EpisodeCleanup - INFO - 小説 n3686fr のエピソードクリーンアップが完了しました
2025-04-05 22:12:00,421 - EpisodeCleanup - INFO - 小説 n8358gq のエピソードクリーンアップを開始
2025-04-05 22:12:00,902 - EpisodeCleanup - INFO - 小説 n8358gq の重複エピソードを分析しました
2025-04-05 22:12:00,903 - EpisodeCleanup - INFO - 小説 n8358gq のエピソードクリーンアップが完了しました
2025-04-05 22:12:00,903 - EpisodeCleanup - INFO - 小説 n2125gz のエピソードクリーンアップを開始
2025-04-05 22:12:02,115 - EpisodeCleanup - INFO - 小説 n2125gz の重複エピソードを分析しました
2025-04-05 22:12:02,115 - EpisodeCleanup - INFO - 小説 n2125gz のエピソードクリーンアップが完了しました
2025-04-05 22:12:02,115 - EpisodeCleanup - INFO - 小説 n6661gi のエピソードクリーンアップを開始
2025-04-05 22:12:02,734 - EpisodeCleanup - INFO - 小説 n6661gi の重複エピソードを分析しました
2025-04-05 22:12:02,734 - EpisodeCleanup - INFO - 小説 n6661gi のエピソードクリーンアップが完了しました
2025-04-05 22:12:02,735 - EpisodeCleanup - INFO - 小説 n8611bv のエピソードクリーンアップを開始
2025-04-05 22:12:04,059 - EpisodeCleanup - INFO - 小説 n8611bv の重複エピソードを分析しました
2025-04-05 22:12:04,060 - EpisodeCleanup - INFO - 小説 n8611bv のエピソードクリーンアップが完了しました
2025-04-05 22:12:04,063 - EpisodeCleanup - INFO - 小説 n1753fp のエピソードクリーンアップを開始
2025-04-05 22:12:04,889 - EpisodeCleanup - INFO - 小説 n1753fp の重複エピソードを分析しました
2025-04-05 22:12:04,889 - EpisodeCleanup - INFO - 小説 n1753fp のエピソードクリーンアップが完了しました
2025-04-05 22:12:04,891 - EpisodeCleanup - INFO - 小説 n1452hc のエピソードクリーンアップを開始
2025-04-05 22:12:05,385 - EpisodeCleanup - INFO - 小説 n1452hc の重複エピソードを分析しました
2025-04-05 22:12:05,386 - EpisodeCleanup - INFO - 小説 n1452hc のエピソードクリーンアップが完了しました
2025-04-05 22:12:05,386 - EpisodeCleanup - INFO - 小説 n0988fr のエピソードクリーンアップを開始
2025-04-05 22:12:06,899 - EpisodeCleanup - INFO - 小説 n0988fr の重複エピソードを分析しました
2025-04-05 22:12:06,899 - EpisodeCleanup - INFO - 小説 n0988fr のエピソードクリーンアップが完了しました
2025-04-05 22:12:06,903 - EpisodeCleanup - INFO - 小説 n1387eu のエピソードクリーンアップを開始
2025-04-05 22:12:07,477 - EpisodeCleanup - INFO - 小説 n1387eu の重複エピソードを分析しました
2025-04-05 22:12:07,478 - EpisodeCleanup - INFO - 小説 n1387eu のエピソードクリーンアップが完了しました
2025-04-05 22:12:07,478 - EpisodeCleanup - INFO - 小説 n5442hf のエピソードクリーンアップを開始
2025-04-05 22:12:07,948 - EpisodeCleanup - INFO - 小説 n5442hf の重複エピソードを分析しました
2025-04-05 22:12:07,948 - EpisodeCleanup - INFO - 小説 n5442hf のエピソードクリーンアップが完了しました
2025-04-05 22:12:07,948 - EpisodeCleanup - INFO - 小説 n1350bt のエピソードクリーンアップを開始
2025-04-05 22:12:08,485 - EpisodeCleanup - INFO - 小説 n1350bt の重複エピソードを分析しました
2025-04-05 22:12:08,485 - EpisodeCleanup - INFO - 小説 n1350bt のエピソードクリーンアップが完了しました
2025-04-05 22:12:08,485 - EpisodeCleanup - INFO - 小説 n4990bv のエピソードクリーンアップを開始
2025-04-05 22:12:08,956 - EpisodeCleanup - INFO - 小説 n4990bv の重複エピソードを分析しました
2025-04-05 22:12:08,956 - EpisodeCleanup - INFO - 小説 n4990bv のエピソードクリーンアップが完了しました
2025-04-05 22:12:08,956 - EpisodeCleanup - INFO - 小説 n0033fh のエピソードクリーンアップを開始
2025-04-05 22:12:09,437 - EpisodeCleanup - INFO - 小説 n0033fh の重複エピソードを分析しました
2025-04-05 22:12:09,438 - EpisodeCleanup - INFO - 小説 n0033fh のエピソードクリーンアップが完了しました
2025-04-05 22:12:09,438 - EpisodeCleanup - INFO - 小説 n8751es のエピソードクリーンアップを開始
2025-04-05 22:12:09,984 - EpisodeCleanup - INFO - 小説 n8751es の重複エピソードを分析しました
2025-04-05 22:12:09,984 - EpisodeCleanup - INFO - 小説 n8751es のエピソードクリーンアップが完了しました
2025-04-05 22:12:09,984 - EpisodeCleanup - INFO - 小説 n1511hi のエピソードクリーンアップを開始
2025-04-05 22:12:10,520 - EpisodeCleanup - INFO - 小説 n1511hi の重複エピソードを分析しました
2025-04-05 22:12:10,520 - EpisodeCleanup - INFO - 小説 n1511hi のエピソードクリーンアップが完了しました
2025-04-05 22:12:10,520 - EpisodeCleanup - INFO - 小説 n0098gx のエピソードクリーンアップを開始
2025-04-05 22:12:11,109 - EpisodeCleanup - INFO - 小説 n0098gx の重複エピソードを分析しました
2025-04-05 22:12:11,109 - EpisodeCleanup - INFO - 小説 n0098gx のエピソードクリーンアップが完了しました
2025-04-05 22:12:11,109 - EpisodeCleanup - INFO - 小説 n5450gw のエピソードクリーンアップを開始
2025-04-05 22:12:11,624 - EpisodeCleanup - INFO - 小説 n5450gw の重複エピソードを分析しました
2025-04-05 22:12:11,624 - EpisodeCleanup - INFO - 小説 n5450gw のエピソードクリーンアップが完了しました
2025-04-05 22:12:11,624 - EpisodeCleanup - INFO - 小説 n4679gb のエピソードクリーンアップを開始
2025-04-05 22:12:12,138 - EpisodeCleanup - INFO - 小説 n4679gb の重複エピソードを分析しました
2025-04-05 22:12:12,138 - EpisodeCleanup - INFO - 小説 n4679gb のエピソードクリーンアップが完了しました
2025-04-05 22:12:12,138 - EpisodeCleanup - INFO - 小説 n9370gj のエピソードクリーンアップを開始
2025-04-05 22:12:12,828 - EpisodeCleanup - INFO - 小説 n9370gj の重複エピソードを分析しました
2025-04-05 22:12:12,829 - EpisodeCleanup - INFO - 小説 n9370gj のエピソード 427 から 2 個のエントリを削除
2025-04-05 22:12:12,882 - EpisodeCleanup - INFO - 小説 n9370gj のエピソードクリーンアップが完了しました
2025-04-05 22:12:12,883 - EpisodeCleanup - INFO - 小説 n2901fx のエピソードクリーンアップを開始
2025-04-05 22:12:13,465 - EpisodeCleanup - INFO - 小説 n2901fx の重複エピソードを分析しました
2025-04-05 22:12:13,465 - EpisodeCleanup - INFO - 小説 n2901fx のエピソードクリーンアップが完了しました
2025-04-05 22:12:13,465 - EpisodeCleanup - INFO - 小説 n4936dp のエピソードクリーンアップを開始
2025-04-05 22:12:14,145 - EpisodeCleanup - INFO - 小説 n4936dp の重複エピソードを分析しました
2025-04-05 22:12:14,145 - EpisodeCleanup - INFO - 小説 n4936dp のエピソードクリーンアップが完了しました
2025-04-05 22:12:14,146 - EpisodeCleanup - INFO - 小説 n2274hb のエピソードクリーンアップを開始
2025-04-05 22:12:14,851 - EpisodeCleanup - INFO - 小説 n2274hb の重複エピソードを分析しました
2025-04-05 22:12:14,851 - EpisodeCleanup - INFO - 小説 n2274hb のエピソードクリーンアップが完了しました
2025-04-05 22:12:14,851 - EpisodeCleanup - INFO - 小説 n3492gx のエピソードクリーンアップを開始
2025-04-05 22:12:15,431 - EpisodeCleanup - INFO - 小説 n3492gx の重複エピソードを分析しました
2025-04-05 22:12:15,431 - EpisodeCleanup - INFO - 小説 n3492gx のエピソードクリーンアップが完了しました
2025-04-05 22:12:15,431 - EpisodeCleanup - INFO - 小説 n5446gj のエピソードクリーンアップを開始
2025-04-05 22:12:15,980 - EpisodeCleanup - INFO - 小説 n5446gj の重複エピソードを分析しました
2025-04-05 22:12:15,980 - EpisodeCleanup - INFO - 小説 n5446gj のエピソードクリーンアップが完了しました
2025-04-05 22:12:15,980 - EpisodeCleanup - INFO - 小説 n7203bs のエピソードクリーンアップを開始
2025-04-05 22:12:16,542 - EpisodeCleanup - INFO - 小説 n7203bs の重複エピソードを分析しました
2025-04-05 22:12:16,542 - EpisodeCleanup - INFO - 小説 n7203bs のエピソードクリーンアップが完了しました
2025-04-05 22:12:16,542 - EpisodeCleanup - INFO - 小説 n3522fs のエピソードクリーンアップを開始
2025-04-05 22:12:17,154 - EpisodeCleanup - INFO - 小説 n3522fs の重複エピソードを分析しました
2025-04-05 22:12:17,154 - EpisodeCleanup - INFO - 小説 n3522fs のエピソードクリーンアップが完了しました
2025-04-05 22:12:17,155 - EpisodeCleanup - INFO - 小説 n3959dw のエピソードクリーンアップを開始
2025-04-05 22:12:17,703 - EpisodeCleanup - INFO - 小説 n3959dw の重複エピソードを分析しました
2025-04-05 22:12:17,703 - EpisodeCleanup - INFO - 小説 n3959dw のエピソードクリーンアップが完了しました
2025-04-05 22:12:17,704 - EpisodeCleanup - INFO - 小説 n1339fw のエピソードクリーンアップを開始
2025-04-05 22:12:18,659 - EpisodeCleanup - INFO - 小説 n1339fw の重複エピソードを分析しました
2025-04-05 22:12:18,659 - EpisodeCleanup - INFO - 小説 n1339fw のエピソードクリーンアップが完了しました
2025-04-05 22:12:18,662 - EpisodeCleanup - INFO - 小説 n8548gs のエピソードクリーンアップを開始
2025-04-05 22:12:19,967 - EpisodeCleanup - INFO - 小説 n8548gs の重複エピソードを分析しました
2025-04-05 22:12:19,967 - EpisodeCleanup - INFO - 小説 n8548gs のエピソードクリーンアップが完了しました
2025-04-05 22:12:19,969 - EpisodeCleanup - INFO - 小説 n9205hd のエピソードクリーンアップを開始
2025-04-05 22:12:20,559 - EpisodeCleanup - INFO - 小説 n9205hd の重複エピソードを分析しました
2025-04-05 22:12:20,559 - EpisodeCleanup - INFO - 小説 n9205hd のエピソードクリーンアップが完了しました
2025-04-05 22:12:20,559 - EpisodeCleanup - INFO - 小説 n9548gz のエピソードクリーンアップを開始
2025-04-05 22:12:21,061 - EpisodeCleanup - INFO - 小説 n9548gz の重複エピソードを分析しました
2025-04-05 22:12:21,061 - EpisodeCleanup - INFO - 小説 n9548gz のエピソードクリーンアップが完了しました
2025-04-05 22:12:21,062 - EpisodeCleanup - INFO - 小説 n0959gq のエピソードクリーンアップを開始
2025-04-05 22:12:21,572 - EpisodeCleanup - INFO - 小説 n0959gq の重複エピソードを分析しました
2025-04-05 22:12:21,572 - EpisodeCleanup - INFO - 小説 n0959gq のエピソードクリーンアップが完了しました
2025-04-05 22:12:21,572 - EpisodeCleanup - INFO - 小説 n9344ea のエピソードクリーンアップを開始
2025-04-05 22:12:22,482 - EpisodeCleanup - INFO - 小説 n9344ea の重複エピソードを分析しました
2025-04-05 22:12:22,482 - EpisodeCleanup - INFO - 小説 n9344ea のエピソードクリーンアップが完了しました
2025-04-05 22:12:22,483 - EpisodeCleanup - INFO - 小説 n0389hl のエピソードクリーンアップを開始
2025-04-05 22:12:22,998 - EpisodeCleanup - INFO - 小説 n0389hl の重複エピソードを分析しました
2025-04-05 22:12:22,998 - EpisodeCleanup - INFO - 小説 n0389hl のエピソードクリーンアップが完了しました
2025-04-05 22:12:22,998 - EpisodeCleanup - INFO - 小説 n2466fq のエピソードクリーンアップを開始
2025-04-05 22:12:23,565 - EpisodeCleanup - INFO - 小説 n2466fq の重複エピソードを分析しました
2025-04-05 22:12:23,566 - EpisodeCleanup - INFO - 小説 n2466fq のエピソードクリーンアップが完了しました
2025-04-05 22:12:23,566 - EpisodeCleanup - INFO - 小説 n0112eu のエピソードクリーンアップを開始
2025-04-05 22:12:24,077 - EpisodeCleanup - INFO - 小説 n0112eu の重複エピソードを分析しました
2025-04-05 22:12:24,077 - EpisodeCleanup - INFO - 小説 n0112eu のエピソードクリーンアップが完了しました
2025-04-05 22:12:24,077 - EpisodeCleanup - INFO - 小説 n8516gc のエピソードクリーンアップを開始
2025-04-05 22:12:24,623 - EpisodeCleanup - INFO - 小説 n8516gc の重複エピソードを分析しました
2025-04-05 22:12:24,623 - EpisodeCleanup - INFO - 小説 n8516gc のエピソードクリーンアップが完了しました
2025-04-05 22:12:24,624 - EpisodeCleanup - INFO - 小説 n3511hb のエピソードクリーンアップを開始
2025-04-05 22:12:25,364 - EpisodeCleanup - INFO - 小説 n3511hb の重複エピソードを分析しました
2025-04-05 22:12:25,365 - EpisodeCleanup - INFO - 小説 n3511hb のエピソードクリーンアップが完了しました
2025-04-05 22:12:25,365 - EpisodeCleanup - INFO - 小説 n0056gw のエピソードクリーンアップを開始
2025-04-05 22:12:25,852 - EpisodeCleanup - INFO - 小説 n0056gw の重複エピソードを分析しました
2025-04-05 22:12:25,852 - EpisodeCleanup - INFO - 小説 n0056gw のエピソードクリーンアップが完了しました
2025-04-05 22:12:25,853 - EpisodeCleanup - INFO - 小説 n0826gy のエピソードクリーンアップを開始
2025-04-05 22:12:26,901 - EpisodeCleanup - INFO - 小説 n0826gy の重複エピソードを分析しました
2025-04-05 22:12:26,901 - EpisodeCleanup - INFO - 小説 n0826gy のエピソードクリーンアップが完了しました
2025-04-05 22:12:26,902 - EpisodeCleanup - INFO - 小説 n4521hd のエピソードクリーンアップを開始
2025-04-05 22:12:27,472 - EpisodeCleanup - INFO - 小説 n4521hd の重複エピソードを分析しました
2025-04-05 22:12:27,472 - EpisodeCleanup - INFO - 小説 n4521hd のエピソードクリーンアップが完了しました
2025-04-05 22:12:27,472 - EpisodeCleanup - INFO - 小説 n3108gq のエピソードクリーンアップを開始
2025-04-05 22:12:28,083 - EpisodeCleanup - INFO - 小説 n3108gq の重複エピソードを分析しました
2025-04-05 22:12:28,084 - EpisodeCleanup - INFO - 小説 n3108gq のエピソードクリーンアップが完了しました
2025-04-05 22:12:28,084 - EpisodeCleanup - INFO - 小説 n7883gv のエピソードクリーンアップを開始
2025-04-05 22:12:28,701 - EpisodeCleanup - INFO - 小説 n7883gv の重複エピソードを分析しました
2025-04-05 22:12:28,701 - EpisodeCleanup - INFO - 小説 n7883gv のエピソードクリーンアップが完了しました
2025-04-05 22:12:28,701 - EpisodeCleanup - INFO - 小説 n3322fz のエピソードクリーンアップを開始
2025-04-05 22:12:29,507 - EpisodeCleanup - INFO - 小説 n3322fz の重複エピソードを分析しました
2025-04-05 22:12:29,507 - EpisodeCleanup - INFO - 小説 n3322fz のエピソードクリーンアップが完了しました
2025-04-05 22:12:29,508 - EpisodeCleanup - INFO - 小説 n6804dy のエピソードクリーンアップを開始
2025-04-05 22:12:30,073 - EpisodeCleanup - INFO - 小説 n6804dy の重複エピソードを分析しました
2025-04-05 22:12:30,073 - EpisodeCleanup - INFO - 小説 n6804dy のエピソードクリーンアップが完了しました
2025-04-05 22:12:30,074 - EpisodeCleanup - INFO - 小説 n4607hd のエピソードクリーンアップを開始
2025-04-05 22:12:30,562 - EpisodeCleanup - INFO - 小説 n4607hd の重複エピソードを分析しました
2025-04-05 22:12:30,562 - EpisodeCleanup - INFO - 小説 n4607hd のエピソードクリーンアップが完了しました
2025-04-05 22:12:30,562 - EpisodeCleanup - INFO - 小説 n9993gp のエピソードクリーンアップを開始
2025-04-05 22:12:31,056 - EpisodeCleanup - INFO - 小説 n9993gp の重複エピソードを分析しました
2025-04-05 22:12:31,056 - EpisodeCleanup - INFO - 小説 n9993gp のエピソードクリーンアップが完了しました
2025-04-05 22:12:31,056 - EpisodeCleanup - INFO - 小説 n8462hc のエピソードクリーンアップを開始
2025-04-05 22:12:31,551 - EpisodeCleanup - INFO - 小説 n8462hc の重複エピソードを分析しました
2025-04-05 22:12:31,551 - EpisodeCleanup - INFO - 小説 n8462hc のエピソードクリーンアップが完了しました
2025-04-05 22:12:31,551 - EpisodeCleanup - INFO - 小説 n1849hc のエピソードクリーンアップを開始
2025-04-05 22:12:32,059 - EpisodeCleanup - INFO - 小説 n1849hc の重複エピソードを分析しました
2025-04-05 22:12:32,059 - EpisodeCleanup - INFO - 小説 n1849hc のエピソードクリーンアップが完了しました
2025-04-05 22:12:32,059 - EpisodeCleanup - INFO - 小説 n5641gi のエピソードクリーンアップを開始
2025-04-05 22:12:32,647 - EpisodeCleanup - INFO - 小説 n5641gi の重複エピソードを分析しました
2025-04-05 22:12:32,647 - EpisodeCleanup - INFO - 小説 n5641gi のエピソードクリーンアップが完了しました
2025-04-05 22:12:32,647 - EpisodeCleanup - INFO - 小説 n5658hd のエピソードクリーンアップを開始
2025-04-05 22:12:33,462 - EpisodeCleanup - INFO - 小説 n5658hd の重複エピソードを分析しました
2025-04-05 22:12:33,462 - EpisodeCleanup - INFO - 小説 n5658hd のエピソードクリーンアップが完了しました
2025-04-05 22:12:33,463 - EpisodeCleanup - INFO - 小説 n8649ei のエピソードクリーンアップを開始
2025-04-05 22:12:34,244 - EpisodeCleanup - INFO - 小説 n8649ei の重複エピソードを分析しました
2025-04-05 22:12:34,244 - EpisodeCleanup - INFO - 小説 n8649ei のエピソードクリーンアップが完了しました
2025-04-05 22:12:34,244 - EpisodeCleanup - INFO - 小説 n3419fq のエピソードクリーンアップを開始
2025-04-05 22:12:34,740 - EpisodeCleanup - INFO - 小説 n3419fq の重複エピソードを分析しました
2025-04-05 22:12:34,741 - EpisodeCleanup - INFO - 小説 n3419fq のエピソードクリーンアップが完了しました
2025-04-05 22:12:34,741 - EpisodeCleanup - INFO - 小説 n6887gj のエピソードクリーンアップを開始
2025-04-05 22:12:35,325 - EpisodeCleanup - INFO - 小説 n6887gj の重複エピソードを分析しました
2025-04-05 22:12:35,325 - EpisodeCleanup - INFO - 小説 n6887gj のエピソードクリーンアップが完了しました
2025-04-05 22:12:35,325 - EpisodeCleanup - INFO - 小説 n8922hc のエピソードクリーンアップを開始
2025-04-05 22:12:35,964 - EpisodeCleanup - INFO - 小説 n8922hc の重複エピソードを分析しました
2025-04-05 22:12:35,964 - EpisodeCleanup - INFO - 小説 n8922hc のエピソードクリーンアップが完了しました
2025-04-05 22:12:35,964 - EpisodeCleanup - INFO - 小説 n2667fn のエピソードクリーンアップを開始
2025-04-05 22:12:36,473 - EpisodeCleanup - INFO - 小説 n2667fn の重複エピソードを分析しました
2025-04-05 22:12:36,474 - EpisodeCleanup - INFO - 小説 n2667fn のエピソードクリーンアップが完了しました
2025-04-05 22:12:36,474 - EpisodeCleanup - INFO - 小説 n7256et のエピソードクリーンアップを開始
2025-04-05 22:12:36,954 - EpisodeCleanup - INFO - 小説 n7256et の重複エピソードを分析しました
2025-04-05 22:12:36,955 - EpisodeCleanup - INFO - 小説 n7256et のエピソードクリーンアップが完了しました
2025-04-05 22:12:36,955 - EpisodeCleanup - INFO - 小説 n8285ga のエピソードクリーンアップを開始
2025-04-05 22:12:37,474 - EpisodeCleanup - INFO - 小説 n8285ga の重複エピソードを分析しました
2025-04-05 22:12:37,474 - EpisodeCleanup - INFO - 小説 n8285ga のエピソードクリーンアップが完了しました
2025-04-05 22:12:37,474 - EpisodeCleanup - INFO - 小説 n1658fy のエピソードクリーンアップを開始
2025-04-05 22:12:38,017 - EpisodeCleanup - INFO - 小説 n1658fy の重複エピソードを分析しました
2025-04-05 22:12:38,017 - EpisodeCleanup - INFO - 小説 n1658fy のエピソードクリーンアップが完了しました
2025-04-05 22:12:38,017 - EpisodeCleanup - INFO - 小説 n3136ep のエピソードクリーンアップを開始
2025-04-05 22:12:38,570 - EpisodeCleanup - INFO - 小説 n3136ep の重複エピソードを分析しました
2025-04-05 22:12:38,571 - EpisodeCleanup - INFO - 小説 n3136ep のエピソードクリーンアップが完了しました
2025-04-05 22:12:38,571 - EpisodeCleanup - INFO - 小説 n4165cv のエピソードクリーンアップを開始
2025-04-05 22:12:39,229 - EpisodeCleanup - INFO - 小説 n4165cv の重複エピソードを分析しました
2025-04-05 22:12:39,229 - EpisodeCleanup - INFO - 小説 n4165cv のエピソードクリーンアップが完了しました
2025-04-05 22:12:39,230 - EpisodeCleanup - INFO - 小説 n8495dc のエピソードクリーンアップを開始
2025-04-05 22:12:39,743 - EpisodeCleanup - INFO - 小説 n8495dc の重複エピソードを分析しました
2025-04-05 22:12:39,743 - EpisodeCleanup - INFO - 小説 n8495dc のエピソードクリーンアップが完了しました
2025-04-05 22:12:39,743 - EpisodeCleanup - INFO - 小説 n3652gi のエピソードクリーンアップを開始
2025-04-05 22:12:40,331 - EpisodeCleanup - INFO - 小説 n3652gi の重複エピソードを分析しました
2025-04-05 22:12:40,331 - EpisodeCleanup - INFO - 小説 n3652gi のエピソードクリーンアップが完了しました
2025-04-05 22:12:40,331 - EpisodeCleanup - INFO - 小説 n9385gz のエピソードクリーンアップを開始
2025-04-05 22:12:40,941 - EpisodeCleanup - INFO - 小説 n9385gz の重複エピソードを分析しました
2025-04-05 22:12:40,941 - EpisodeCleanup - INFO - 小説 n9385gz のエピソードクリーンアップが完了しました
2025-04-05 22:12:40,941 - EpisodeCleanup - INFO - 小説 n3260ci のエピソードクリーンアップを開始
2025-04-05 22:12:41,617 - EpisodeCleanup - INFO - 小説 n3260ci の重複エピソードを分析しました
2025-04-05 22:12:41,617 - EpisodeCleanup - INFO - 小説 n3260ci のエピソードクリーンアップが完了しました
2025-04-05 22:12:41,617 - EpisodeCleanup - INFO - 小説 n1736dm のエピソードクリーンアップを開始
2025-04-05 22:12:42,143 - EpisodeCleanup - INFO - 小説 n1736dm の重複エピソードを分析しました
2025-04-05 22:12:42,143 - EpisodeCleanup - INFO - 小説 n1736dm のエピソードクリーンアップが完了しました
2025-04-05 22:12:42,143 - EpisodeCleanup - INFO - 小説 n2690gy のエピソードクリーンアップを開始
2025-04-05 22:12:42,675 - EpisodeCleanup - INFO - 小説 n2690gy の重複エピソードを分析しました
2025-04-05 22:12:42,676 - EpisodeCleanup - INFO - 小説 n2690gy のエピソードクリーンアップが完了しました
2025-04-05 22:12:42,676 - EpisodeCleanup - INFO - 小説 n1827he のエピソードクリーンアップを開始
2025-04-05 22:12:43,700 - EpisodeCleanup - INFO - 小説 n1827he の重複エピソードを分析しました
2025-04-05 22:12:43,700 - EpisodeCleanup - INFO - 小説 n1827he のエピソードクリーンアップが完了しました
2025-04-05 22:12:43,700 - EpisodeCleanup - INFO - 小説 n6914gx のエピソードクリーンアップを開始
2025-04-05 22:12:44,285 - EpisodeCleanup - INFO - 小説 n6914gx の重複エピソードを分析しました
2025-04-05 22:12:44,286 - EpisodeCleanup - INFO - 小説 n6914gx のエピソードクリーンアップが完了しました
2025-04-05 22:12:44,286 - EpisodeCleanup - INFO - 小説 n6067hc のエピソードクリーンアップを開始
2025-04-05 22:12:45,533 - EpisodeCleanup - INFO - 小説 n6067hc の重複エピソードを分析しました
2025-04-05 22:12:45,533 - EpisodeCleanup - INFO - 小説 n6067hc のエピソードクリーンアップが完了しました
2025-04-05 22:12:45,534 - EpisodeCleanup - INFO - 小説 n6790he のエピソードクリーンアップを開始
2025-04-05 22:12:46,215 - EpisodeCleanup - INFO - 小説 n6790he の重複エピソードを分析しました
2025-04-05 22:12:46,215 - EpisodeCleanup - INFO - 小説 n6790he のエピソードクリーンアップが完了しました
2025-04-05 22:12:46,215 - EpisodeCleanup - INFO - 小説 n3873hc のエピソードクリーンアップを開始
2025-04-05 22:12:46,766 - EpisodeCleanup - INFO - 小説 n3873hc の重複エピソードを分析しました
2025-04-05 22:12:46,766 - EpisodeCleanup - INFO - 小説 n3873hc のエピソードクリーンアップが完了しました
2025-04-05 22:12:46,766 - EpisodeCleanup - INFO - 小説 n8287fp のエピソードクリーンアップを開始
2025-04-05 22:12:47,371 - EpisodeCleanup - INFO - 小説 n8287fp の重複エピソードを分析しました
2025-04-05 22:12:47,371 - EpisodeCleanup - INFO - 小説 n8287fp のエピソードクリーンアップが完了しました
2025-04-05 22:12:47,372 - EpisodeCleanup - INFO - 小説 n2215gh のエピソードクリーンアップを開始
2025-04-05 22:12:48,113 - EpisodeCleanup - INFO - 小説 n2215gh の重複エピソードを分析しました
2025-04-05 22:12:48,114 - EpisodeCleanup - INFO - 小説 n2215gh のエピソードクリーンアップが完了しました
2025-04-05 22:12:48,114 - EpisodeCleanup - INFO - 小説 n9295he のエピソードクリーンアップを開始
2025-04-05 22:12:48,645 - EpisodeCleanup - INFO - 小説 n9295he の重複エピソードを分析しました
2025-04-05 22:12:48,645 - EpisodeCleanup - INFO - 小説 n9295he のエピソードクリーンアップが完了しました
2025-04-05 22:12:48,645 - EpisodeCleanup - INFO - 小説 n4468gq のエピソードクリーンアップを開始
2025-04-05 22:12:49,435 - EpisodeCleanup - INFO - 小説 n4468gq の重複エピソードを分析しました
2025-04-05 22:12:49,435 - EpisodeCleanup - INFO - 小説 n4468gq のエピソードクリーンアップが完了しました
2025-04-05 22:12:49,436 - EpisodeCleanup - INFO - 小説 n1004hf のエピソードクリーンアップを開始
2025-04-05 22:12:50,029 - EpisodeCleanup - INFO - 小説 n1004hf の重複エピソードを分析しました
2025-04-05 22:12:50,029 - EpisodeCleanup - INFO - 小説 n1004hf のエピソードクリーンアップが完了しました
2025-04-05 22:12:50,029 - EpisodeCleanup - INFO - 小説 n6427gc のエピソードクリーンアップを開始
2025-04-05 22:12:50,627 - EpisodeCleanup - INFO - 小説 n6427gc の重複エピソードを分析しました
2025-04-05 22:12:50,627 - EpisodeCleanup - INFO - 小説 n6427gc のエピソードクリーンアップが完了しました
2025-04-05 22:12:50,627 - EpisodeCleanup - INFO - 小説 n4400hc のエピソードクリーンアップを開始
2025-04-05 22:12:51,189 - EpisodeCleanup - INFO - 小説 n4400hc の重複エピソードを分析しました
2025-04-05 22:12:51,189 - EpisodeCleanup - INFO - 小説 n4400hc のエピソードクリーンアップが完了しました
2025-04-05 22:12:51,190 - EpisodeCleanup - INFO - 小説 n3331ff のエピソードクリーンアップを開始
2025-04-05 22:12:52,139 - EpisodeCleanup - INFO - 小説 n3331ff の重複エピソードを分析しました
2025-04-05 22:12:52,139 - EpisodeCleanup - INFO - 小説 n3331ff のエピソードクリーンアップが完了しました
2025-04-05 22:12:52,141 - EpisodeCleanup - INFO - 小説 n3047gb のエピソードクリーンアップを開始
2025-04-05 22:12:53,355 - EpisodeCleanup - INFO - 小説 n3047gb の重複エピソードを分析しました
2025-04-05 22:12:53,355 - EpisodeCleanup - INFO - 小説 n3047gb のエピソードクリーンアップが完了しました
2025-04-05 22:12:53,358 - EpisodeCleanup - INFO - 小説 n3115go のエピソードクリーンアップを開始
2025-04-05 22:12:54,197 - EpisodeCleanup - INFO - 小説 n3115go の重複エピソードを分析しました
2025-04-05 22:12:54,198 - EpisodeCleanup - INFO - 小説 n3115go のエピソードクリーンアップが完了しました
2025-04-05 22:12:54,198 - EpisodeCleanup - INFO - 小説 n0923fz のエピソードクリーンアップを開始
2025-04-05 22:12:54,780 - EpisodeCleanup - INFO - 小説 n0923fz の重複エピソードを分析しました
2025-04-05 22:12:54,780 - EpisodeCleanup - INFO - 小説 n0923fz のエピソードクリーンアップが完了しました
2025-04-05 22:12:54,780 - EpisodeCleanup - INFO - 小説 n4203gh のエピソードクリーンアップを開始
